[0.039s] Invoking command in '/home/huang/codes/ROS_Study/build/ros_pub_sub_cv': CMAKE_PREFIX_PATH=/home/huang/codes/ROS_Study/install/tutorial_interfaces:/home/huang/codes/ROS_Study/install/village_wang:/home/huang/codes/ROS_Study/install/village_li:/home/huang/codes/ROS_Study/install/village_interfaces:/home/huang/codes/ROS_Study/install/ros_pub_sub_cv:/home/huang/codes/ROS_Study/install/ros_pub_sub:/opt/ros/galactic LD_LIBRARY_PATH=/home/huang/codes/ROS_Study/install/tutorial_interfaces/lib:/home/huang/codes/ROS_Study/install/village_interfaces/lib:/opt/ros/galactic/opt/yaml_cpp_vendor/lib:/opt/ros/galactic/opt/rviz_ogre_vendor/lib:/opt/ros/galactic/lib/x86_64-linux-gnu:/opt/ros/galactic/lib PYTHONPATH=/home/huang/codes/ROS_Study/install/tutorial_interfaces/lib/python3.8/site-packages:/home/huang/codes/ROS_Study/install/village_interfaces/lib/python3.8/site-packages:/opt/ros/galactic/lib/python3.8/site-packages /usr/bin/cmake --build /home/huang/codes/ROS_Study/build/ros_pub_sub_cv -- -j8 -l8
[0.094s] [35m[1mScanning dependencies of target sub_node[0m
[0.128s] [ 25%] [32mBuilding CXX object CMakeFiles/pub_node.dir/src/pub.cpp.o[0m
[0.160s] [ 50%] [32mBuilding CXX object CMakeFiles/sub_node.dir/src/sub.cpp.o[0m
[4.375s] [01m[K/home/huang/codes/ROS_Study/src/ros_pub_sub_cv/src/pub.cpp:[m[K In constructor ‘[01m[KMinimalPublisher::MinimalPublisher()[m[K’:
[4.376s] [01m[K/home/huang/codes/ROS_Study/src/ros_pub_sub_cv/src/pub.cpp:14:82:[m[K [01;31m[Kerror: [m[Kno matching function for call to ‘[01m[Kcv::Mat::Mat(const char [27])[m[K’
[4.376s]    14 |   MinimalPublisher(): Node("minimal_publisher"), img("/home/huang/codes/test.jpg"[01;31m[K)[m[K
[4.376s]       |                                                                                  [01;31m[K^[m[K
[4.376s] In file included from [01m[K/usr/local/include/opencv4/opencv2/core.hpp:58[m[K,
[4.377s]                  from [01m[K/usr/local/include/opencv4/opencv2/opencv.hpp:52[m[K,
[4.377s]                  from [01m[K/home/huang/codes/ROS_Study/src/ros_pub_sub_cv/src/pub.cpp:3[m[K:
[4.377s] [01m[K/usr/local/include/opencv4/opencv2/core/mat.hpp:2091:5:[m[K [01;36m[Knote: [m[Kcandidate: ‘[01m[Kcv::Mat::Mat(cv::Mat&&)[m[K’
[4.377s]  2091 |     [01;36m[KMat[m[K(Mat&& m);
[4.377s]       |     [01;36m[K^~~[m[K
[4.377s] [01m[K/usr/local/include/opencv4/opencv2/core/mat.hpp:2091:15:[m[K [01;36m[Knote: [m[K  no known conversion for argument 1 from ‘[01m[Kconst char [27][m[K’ to ‘[01m[Kcv::Mat&&[m[K’
[4.378s]  2091 |     Mat([01;36m[KMat&& m[m[K);
[4.378s]       |         [01;36m[K~~~~~~^[m[K
[4.378s] In file included from [01m[K/usr/local/include/opencv4/opencv2/core/cuda.hpp:1268[m[K,
[4.378s]                  from [01m[K/usr/local/include/opencv4/opencv2/stitching/detail/warpers.hpp:47[m[K,
[4.378s]                  from [01m[K/usr/local/include/opencv4/opencv2/stitching/warpers.hpp:46[m[K,
[4.379s]                  from [01m[K/usr/local/include/opencv4/opencv2/stitching.hpp:48[m[K,
[4.379s]                  from [01m[K/usr/local/include/opencv4/opencv2/opencv.hpp:86[m[K,
[4.379s]                  from [01m[K/home/huang/codes/ROS_Study/src/ros_pub_sub_cv/src/pub.cpp:3[m[K:
[4.379s] [01m[K/usr/local/include/opencv4/opencv2/core/cuda.inl.hpp:713:1:[m[K [01;36m[Knote: [m[Kcandidate: ‘[01m[Kcv::Mat::Mat(const cv::cuda::GpuMat&)[m[K’
[4.379s]   713 | [01;36m[KMat[m[K::Mat(const cuda::GpuMat& m)
[4.379s]       | [01;36m[K^~~[m[K
[4.380s] [01m[K/usr/local/include/opencv4/opencv2/core/cuda.inl.hpp:713:30:[m[K [01;36m[Knote: [m[K  no known conversion for argument 1 from ‘[01m[Kconst char [27][m[K’ to ‘[01m[Kconst cv::cuda::GpuMat&[m[K’
[4.380s]   713 | Mat::Mat([01;36m[Kconst cuda::GpuMat& m[m[K)
[4.380s]       |          [01;36m[K~~~~~~~~~~~~~~~~~~~~^[m[K
[4.380s] In file included from [01m[K/usr/local/include/opencv4/opencv2/core.hpp:58[m[K,
[4.380s]                  from [01m[K/usr/local/include/opencv4/opencv2/opencv.hpp:52[m[K,
[4.381s]                  from [01m[K/home/huang/codes/ROS_Study/src/ros_pub_sub_cv/src/pub.cpp:3[m[K:
[4.381s] [01m[K/usr/local/include/opencv4/opencv2/core/mat.hpp:1048:37:[m[K [01;36m[Knote: [m[Kcandidate: ‘[01m[Ktemplate<class _Tp> cv::Mat::Mat(const cv::MatCommaInitializer_<_Tp>&)[m[K’
[4.381s]  1048 |     template<typename _Tp> explicit [01;36m[KMat[m[K(const MatCommaInitializer_<_Tp>& commaInitializer);
[4.381s]       |                                     [01;36m[K^~~[m[K
[4.381s] [01m[K/usr/local/include/opencv4/opencv2/core/mat.hpp:1048:37:[m[K [01;36m[Knote: [m[K  template argument deduction/substitution failed:
[4.381s] [01m[K/home/huang/codes/ROS_Study/src/ros_pub_sub_cv/src/pub.cpp:14:82:[m[K [01;36m[Knote: [m[K  mismatched types ‘[01m[Kconst cv::MatCommaInitializer_<_Tp>[m[K’ and ‘[01m[Kconst char [27][m[K’
[4.382s]    14 |   MinimalPublisher(): Node("minimal_publisher"), img("/home/huang/codes/test.jpg"[01;36m[K)[m[K
[4.382s]       |                                                                                  [01;36m[K^[m[K
[4.382s] In file included from [01m[K/usr/local/include/opencv4/opencv2/core.hpp:58[m[K,
[4.382s]                  from [01m[K/usr/local/include/opencv4/opencv2/opencv.hpp:52[m[K,
[4.382s]                  from [01m[K/home/huang/codes/ROS_Study/src/ros_pub_sub_cv/src/pub.cpp:3[m[K:
[4.383s] [01m[K/usr/local/include/opencv4/opencv2/core/mat.hpp:1044:37:[m[K [01;36m[Knote: [m[Kcandidate: ‘[01m[Ktemplate<class _Tp> cv::Mat::Mat(const cv::Point3_<_Tp>&, bool)[m[K’
[4.383s]  1044 |     template<typename _Tp> explicit [01;36m[KMat[m[K(const Point3_<_Tp>& pt, bool copyData=true);
[4.383s]       |                                     [01;36m[K^~~[m[K
[4.383s] [01m[K/usr/local/include/opencv4/opencv2/core/mat.hpp:1044:37:[m[K [01;36m[Knote: [m[K  template argument deduction/substitution failed:
[4.383s] [01m[K/home/huang/codes/ROS_Study/src/ros_pub_sub_cv/src/pub.cpp:14:82:[m[K [01;36m[Knote: [m[K  mismatched types ‘[01m[Kconst cv::Point3_<_Tp>[m[K’ and ‘[01m[Kconst char [27][m[K’
[4.384s]    14 |   MinimalPublisher(): Node("minimal_publisher"), img("/home/huang/codes/test.jpg"[01;36m[K)[m[K
[4.384s]       |                                                                                  [01;36m[K^[m[K
[4.384s] In file included from [01m[K/usr/local/include/opencv4/opencv2/core.hpp:58[m[K,
[4.384s]                  from [01m[K/usr/local/include/opencv4/opencv2/opencv.hpp:52[m[K,
[4.384s]                  from [01m[K/home/huang/codes/ROS_Study/src/ros_pub_sub_cv/src/pub.cpp:3[m[K:
[4.384s] [01m[K/usr/local/include/opencv4/opencv2/core/mat.hpp:1040:37:[m[K [01;36m[Knote: [m[Kcandidate: ‘[01m[Ktemplate<class _Tp> cv::Mat::Mat(const cv::Point_<_Tp>&, bool)[m[K’
[4.385s]  1040 |     template<typename _Tp> explicit [01;36m[KMat[m[K(const Point_<_Tp>& pt, bool copyData=true);
[4.385s]       |                                     [01;36m[K^~~[m[K
[4.385s] [01m[K/usr/local/include/opencv4/opencv2/core/mat.hpp:1040:37:[m[K [01;36m[Knote: [m[K  template argument deduction/substitution failed:
[4.385s] [01m[K/home/huang/codes/ROS_Study/src/ros_pub_sub_cv/src/pub.cpp:14:82:[m[K [01;36m[Knote: [m[K  mismatched types ‘[01m[Kconst cv::Point_<_Tp>[m[K’ and ‘[01m[Kconst char [27][m[K’
[4.385s]    14 |   MinimalPublisher(): Node("minimal_publisher"), img("/home/huang/codes/test.jpg"[01;36m[K)[m[K
[4.386s]       |                                                                                  [01;36m[K^[m[K
[4.386s] In file included from [01m[K/usr/local/include/opencv4/opencv2/core.hpp:58[m[K,
[4.386s]                  from [01m[K/usr/local/include/opencv4/opencv2/opencv.hpp:52[m[K,
[4.386s]                  from [01m[K/home/huang/codes/ROS_Study/src/ros_pub_sub_cv/src/pub.cpp:3[m[K:
[4.386s] [01m[K/usr/local/include/opencv4/opencv2/core/mat.hpp:1036:51:[m[K [01;36m[Knote: [m[Kcandidate: ‘[01m[Ktemplate<class _Tp, int m, int n> cv::Mat::Mat(const cv::Matx<_Tp, m, n>&, bool)[m[K’
[4.387s]  1036 |     template<typename _Tp, int m, int n> explicit [01;36m[KMat[m[K(const Matx<_Tp, m, n>& mtx, bool copyData=true);
[4.387s]       |                                                   [01;36m[K^~~[m[K
[4.387s] [01m[K/usr/local/include/opencv4/opencv2/core/mat.hpp:1036:51:[m[K [01;36m[Knote: [m[K  template argument deduction/substitution failed:
[4.387s] [01m[K/home/huang/codes/ROS_Study/src/ros_pub_sub_cv/src/pub.cpp:14:82:[m[K [01;36m[Knote: [m[K  mismatched types ‘[01m[Kconst cv::Matx<_Tp, m, n>[m[K’ and ‘[01m[Kconst char [27][m[K’
[4.387s]    14 |   MinimalPublisher(): Node("minimal_publisher"), img("/home/huang/codes/test.jpg"[01;36m[K)[m[K
[4.387s]       |                                                                                  [01;36m[K^[m[K
[4.387s] In file included from [01m[K/usr/local/include/opencv4/opencv2/core.hpp:58[m[K,
[4.387s]                  from [01m[K/usr/local/include/opencv4/opencv2/opencv.hpp:52[m[K,
[4.388s]                  from [01m[K/home/huang/codes/ROS_Study/src/ros_pub_sub_cv/src/pub.cpp:3[m[K:
[4.388s] [01m[K/usr/local/include/opencv4/opencv2/core/mat.hpp:1032:44:[m[K [01;36m[Knote: [m[Kcandidate: ‘[01m[Ktemplate<class _Tp, int n> cv::Mat::Mat(const cv::Vec<_Tp, m>&, bool)[m[K’
[4.388s]  1032 |     template<typename _Tp, int n> explicit [01;36m[KMat[m[K(const Vec<_Tp, n>& vec, bool copyData=true);
[4.388s]       |                                            [01;36m[K^~~[m[K
[4.388s] [01m[K/usr/local/include/opencv4/opencv2/core/mat.hpp:1032:44:[m[K [01;36m[Knote: [m[K  template argument deduction/substitution failed:
[4.388s] [01m[K/home/huang/codes/ROS_Study/src/ros_pub_sub_cv/src/pub.cpp:14:82:[m[K [01;36m[Knote: [m[K  mismatched types ‘[01m[Kconst cv::Vec<_Tp, m>[m[K’ and ‘[01m[Kconst char [27][m[K’
[4.388s]    14 |   MinimalPublisher(): Node("minimal_publisher"), img("/home/huang/codes/test.jpg"[01;36m[K)[m[K
[4.388s]       |                                                                                  [01;36m[K^[m[K
[4.389s] In file included from [01m[K/usr/local/include/opencv4/opencv2/core.hpp:58[m[K,
[4.389s]                  from [01m[K/usr/local/include/opencv4/opencv2/opencv.hpp:52[m[K,
[4.389s]                  from [01m[K/home/huang/codes/ROS_Study/src/ros_pub_sub_cv/src/pub.cpp:3[m[K:
[4.389s] [01m[K/usr/local/include/opencv4/opencv2/core/mat.hpp:1028:49:[m[K [01;36m[Knote: [m[Kcandidate: ‘[01m[Ktemplate<class _Tp, long unsigned int _Nm> cv::Mat::Mat(const std::array<_Tp, _Nm>&, bool)[m[K’
[4.389s]  1028 |     template<typename _Tp, size_t _Nm> explicit [01;36m[KMat[m[K(const std::array<_Tp, _Nm>& arr, bool copyData=false);
[4.389s]       |                                                 [01;36m[K^~~[m[K
[4.389s] [01m[K/usr/local/include/opencv4/opencv2/core/mat.hpp:1028:49:[m[K [01;36m[Knote: [m[K  template argument deduction/substitution failed:
[4.389s] [01m[K/home/huang/codes/ROS_Study/src/ros_pub_sub_cv/src/pub.cpp:14:82:[m[K [01;36m[Knote: [m[K  mismatched types ‘[01m[Kconst std::array<_Tp, _Nm>[m[K’ and ‘[01m[Kconst char [27][m[K’
[4.390s]    14 |   MinimalPublisher(): Node("minimal_publisher"), img("/home/huang/codes/test.jpg"[01;36m[K)[m[K
[4.390s]       |                                                                                  [01;36m[K^[m[K
[4.390s] In file included from [01m[K/usr/local/include/opencv4/opencv2/core.hpp:58[m[K,
[4.390s]                  from [01m[K/usr/local/include/opencv4/opencv2/opencv.hpp:52[m[K,
[4.391s]                  from [01m[K/home/huang/codes/ROS_Study/src/ros_pub_sub_cv/src/pub.cpp:3[m[K:
[4.391s] [01m[K/usr/local/include/opencv4/opencv2/core/mat.hpp:1024:37:[m[K [01;36m[Knote: [m[Kcandidate: ‘[01m[Ktemplate<class _Tp> cv::Mat::Mat(std::initializer_list<int>, std::initializer_list<_Tp>)[m[K’
[4.391s]  1024 |     template<typename _Tp> explicit [01;36m[KMat[m[K(const std::initializer_list<int> sizes, const std::initializer_list<_Tp> list);
[4.391s]       |                                     [01;36m[K^~~[m[K
[4.391s] [01m[K/usr/local/include/opencv4/opencv2/core/mat.hpp:1024:37:[m[K [01;36m[Knote: [m[K  template argument deduction/substitution failed:
[4.391s] [01m[K/home/huang/codes/ROS_Study/src/ros_pub_sub_cv/src/pub.cpp:14:82:[m[K [01;36m[Knote: [m[K  candidate expects 2 arguments, 1 provided
[4.392s]    14 |   MinimalPublisher(): Node("minimal_publisher"), img("/home/huang/codes/test.jpg"[01;36m[K)[m[K
[4.392s]       |                                                                                  [01;36m[K^[m[K
[4.392s] In file included from [01m[K/usr/local/include/opencv4/opencv2/core.hpp:58[m[K,
[4.392s]                  from [01m[K/usr/local/include/opencv4/opencv2/opencv.hpp:52[m[K,
[4.392s]                  from [01m[K/home/huang/codes/ROS_Study/src/ros_pub_sub_cv/src/pub.cpp:3[m[K:
[4.393s] [01m[K/usr/local/include/opencv4/opencv2/core/mat.hpp:1020:14:[m[K [01;36m[Knote: [m[Kcandidate: ‘[01m[Ktemplate<class _Tp, class> cv::Mat::Mat(std::initializer_list<_Tp>)[m[K’
[4.393s]  1020 |     explicit [01;36m[KMat[m[K(const std::initializer_list<_Tp> list);
[4.393s]       |              [01;36m[K^~~[m[K
[4.393s] [01m[K/usr/local/include/opencv4/opencv2/core/mat.hpp:1020:14:[m[K [01;36m[Knote: [m[K  template argument deduction/substitution failed:
[4.393s] [01m[K/home/huang/codes/ROS_Study/src/ros_pub_sub_cv/src/pub.cpp:14:82:[m[K [01;36m[Knote: [m[K  mismatched types ‘[01m[Kstd::initializer_list<_Tp>[m[K’ and ‘[01m[Kconst char*[m[K’
[4.393s]    14 |   MinimalPublisher(): Node("minimal_publisher"), img("/home/huang/codes/test.jpg"[01;36m[K)[m[K
[4.394s]       |                                                                                  [01;36m[K^[m[K
[4.394s] In file included from [01m[K/usr/local/include/opencv4/opencv2/core.hpp:58[m[K,
[4.394s]                  from [01m[K/usr/local/include/opencv4/opencv2/opencv.hpp:52[m[K,
[4.394s]                  from [01m[K/home/huang/codes/ROS_Study/src/ros_pub_sub_cv/src/pub.cpp:3[m[K:
[4.394s] [01m[K/usr/local/include/opencv4/opencv2/core/mat.hpp:1015:37:[m[K [01;36m[Knote: [m[Kcandidate: ‘[01m[Ktemplate<class _Tp> cv::Mat::Mat(const std::vector<_Tp>&, bool)[m[K’
[4.395s]  1015 |     template<typename _Tp> explicit [01;36m[KMat[m[K(const std::vector<_Tp>& vec, bool copyData=false);
[4.395s]       |                                     [01;36m[K^~~[m[K
[4.395s] [01m[K/usr/local/include/opencv4/opencv2/core/mat.hpp:1015:37:[m[K [01;36m[Knote: [m[K  template argument deduction/substitution failed:
[4.395s] [01m[K/home/huang/codes/ROS_Study/src/ros_pub_sub_cv/src/pub.cpp:14:82:[m[K [01;36m[Knote: [m[K  mismatched types ‘[01m[Kconst std::vector<_Tp>[m[K’ and ‘[01m[Kconst char [27][m[K’
[4.395s]    14 |   MinimalPublisher(): Node("minimal_publisher"), img("/home/huang/codes/test.jpg"[01;36m[K)[m[K
[4.396s]       |                                                                                  [01;36m[K^[m[K
[4.396s] In file included from [01m[K/usr/local/include/opencv4/opencv2/core.hpp:58[m[K,
[4.396s]                  from [01m[K/usr/local/include/opencv4/opencv2/opencv.hpp:52[m[K,
[4.396s]                  from [01m[K/home/huang/codes/ROS_Study/src/ros_pub_sub_cv/src/pub.cpp:3[m[K:
[4.396s] [01m[K/usr/local/include/opencv4/opencv2/core/mat.hpp:997:5:[m[K [01;36m[Knote: [m[Kcandidate: ‘[01m[Kcv::Mat::Mat(const cv::Mat&, const std::vector<cv::Range>&)[m[K’
[4.396s]   997 |     [01;36m[KMat[m[K(const Mat& m, const std::vector<Range>& ranges);
[4.397s]       |     [01;36m[K^~~[m[K
[4.397s] [01m[K/usr/local/include/opencv4/opencv2/core/mat.hpp:997:5:[m[K [01;36m[Knote: [m[K  candidate expects 2 arguments, 1 provided
[4.397s] [01m[K/usr/local/include/opencv4/opencv2/core/mat.hpp:987:5:[m[K [01;36m[Knote: [m[Kcandidate: ‘[01m[Kcv::Mat::Mat(const cv::Mat&, const cv::Range*)[m[K’
[4.397s]   987 |     [01;36m[KMat[m[K(const Mat& m, const Range* ranges);
[4.397s]       |     [01;36m[K^~~[m[K
[4.397s] [01m[K/usr/local/include/opencv4/opencv2/core/mat.hpp:987:5:[m[K [01;36m[Knote: [m[K  candidate expects 2 arguments, 1 provided
[4.398s] [01m[K/usr/local/include/opencv4/opencv2/core/mat.hpp:977:5:[m[K [01;36m[Knote: [m[Kcandidate: ‘[01m[Kcv::Mat::Mat(const cv::Mat&, const Rect&)[m[K’
[4.398s]   977 |     [01;36m[KMat[m[K(const Mat& m, const Rect& roi);
[4.398s]       |     [01;36m[K^~~[m[K
[4.398s] [01m[K/usr/local/include/opencv4/opencv2/core/mat.hpp:977:5:[m[K [01;36m[Knote: [m[K  candidate expects 2 arguments, 1 provided
[4.398s] [01m[K/usr/local/include/opencv4/opencv2/core/mat.hpp:967:5:[m[K [01;36m[Knote: [m[Kcandidate: ‘[01m[Kcv::Mat::Mat(const cv::Mat&, const cv::Range&, const cv::Range&)[m[K’
[4.399s]   967 |     [01;36m[KMat[m[K(const Mat& m, const Range& rowRange, const Range& colRange=Range::all());
[4.399s]       |     [01;36m[K^~~[m[K
[4.399s] [01m[K/usr/local/include/opencv4/opencv2/core/mat.hpp:967:5:[m[K [01;36m[Knote: [m[K  candidate expects 3 arguments, 1 provided
[4.399s] [01m[K/usr/local/include/opencv4/opencv2/core/mat.hpp:955:5:[m[K [01;36m[Knote: [m[Kcandidate: ‘[01m[Kcv::Mat::Mat(const std::vector<int>&, int, void*, const size_t*)[m[K’
[4.399s]   955 |     [01;36m[KMat[m[K(const std::vector<int>& sizes, int type, void* data, const size_t* steps=0);
[4.399s]       |     [01;36m[K^~~[m[K
[4.400s] [01m[K/usr/local/include/opencv4/opencv2/core/mat.hpp:955:5:[m[K [01;36m[Knote: [m[K  candidate expects 4 arguments, 1 provided
[4.400s] [01m[K/usr/local/include/opencv4/opencv2/core/mat.hpp:941:5:[m[K [01;36m[Knote: [m[Kcandidate: ‘[01m[Kcv::Mat::Mat(int, const int*, int, void*, const size_t*)[m[K’
[4.400s]   941 |     [01;36m[KMat[m[K(int ndims, const int* sizes, int type, void* data, const size_t* steps=0);
[4.400s]       |     [01;36m[K^~~[m[K
[4.400s] [01m[K/usr/local/include/opencv4/opencv2/core/mat.hpp:941:5:[m[K [01;36m[Knote: [m[K  candidate expects 5 arguments, 1 provided
[4.401s] [01m[K/usr/local/include/opencv4/opencv2/core/mat.hpp:926:5:[m[K [01;36m[Knote: [m[Kcandidate: ‘[01m[Kcv::Mat::Mat(cv::Size, int, void*, size_t)[m[K’
[4.401s]   926 |     [01;36m[KMat[m[K(Size size, int type, void* data, size_t step=AUTO_STEP);
[4.401s]       |     [01;36m[K^~~[m[K
[4.401s] [01m[K/usr/local/include/opencv4/opencv2/core/mat.hpp:926:5:[m[K [01;36m[Knote: [m[K  candidate expects 4 arguments, 1 provided
[4.401s] [01m[K/usr/local/include/opencv4/opencv2/core/mat.hpp:910:5:[m[K [01;36m[Knote: [m[Kcandidate: ‘[01m[Kcv::Mat::Mat(int, int, int, void*, size_t)[m[K’
[4.402s]   910 |     [01;36m[KMat[m[K(int rows, int cols, int type, void* data, size_t step=AUTO_STEP);
[4.402s]       |     [01;36m[K^~~[m[K
[4.402s] [01m[K/usr/local/include/opencv4/opencv2/core/mat.hpp:910:5:[m[K [01;36m[Knote: [m[K  candidate expects 5 arguments, 1 provided
[4.402s] [01m[K/usr/local/include/opencv4/opencv2/core/mat.hpp:894:5:[m[K [01;36m[Knote: [m[Kcandidate: ‘[01m[Kcv::Mat::Mat(const cv::Mat&)[m[K’
[4.402s]   894 |     [01;36m[KMat[m[K(const Mat& m);
[4.402s]       |     [01;36m[K^~~[m[K
[4.403s] [01m[K/usr/local/include/opencv4/opencv2/core/mat.hpp:894:20:[m[K [01;36m[Knote: [m[K  no known conversion for argument 1 from ‘[01m[Kconst char [27][m[K’ to ‘[01m[Kconst cv::Mat&[m[K’
[4.403s]   894 |     Mat([01;36m[Kconst Mat& m[m[K);
[4.403s]       |         [01;36m[K~~~~~~~~~~~^[m[K
[4.403s] [01m[K/usr/local/include/opencv4/opencv2/core/mat.hpp:884:5:[m[K [01;36m[Knote: [m[Kcandidate: ‘[01m[Kcv::Mat::Mat(const std::vector<int>&, int, const Scalar&)[m[K’
[4.403s]   884 |     [01;36m[KMat[m[K(const std::vector<int>& sizes, int type, const Scalar& s);
[4.404s]       |     [01;36m[K^~~[m[K
[4.404s] [01m[K/usr/local/include/opencv4/opencv2/core/mat.hpp:884:5:[m[K [01;36m[Knote: [m[K  candidate expects 3 arguments, 1 provided
[4.404s] [01m[K/usr/local/include/opencv4/opencv2/core/mat.hpp:874:5:[m[K [01;36m[Knote: [m[Kcandidate: ‘[01m[Kcv::Mat::Mat(int, const int*, int, const Scalar&)[m[K’
[4.404s]   874 |     [01;36m[KMat[m[K(int ndims, const int* sizes, int type, const Scalar& s);
[4.404s]       |     [01;36m[K^~~[m[K
[4.404s] [01m[K/usr/local/include/opencv4/opencv2/core/mat.hpp:874:5:[m[K [01;36m[Knote: [m[K  candidate expects 4 arguments, 1 provided
[4.405s] [01m[K/usr/local/include/opencv4/opencv2/core/mat.hpp:863:5:[m[K [01;36m[Knote: [m[Kcandidate: ‘[01m[Kcv::Mat::Mat(const std::vector<int>&, int)[m[K’
[4.405s]   863 |     [01;36m[KMat[m[K(const std::vector<int>& sizes, int type);
[4.405s]       |     [01;36m[K^~~[m[K
[4.405s] [01m[K/usr/local/include/opencv4/opencv2/core/mat.hpp:863:5:[m[K [01;36m[Knote: [m[K  candidate expects 2 arguments, 1 provided
[4.405s] [01m[K/usr/local/include/opencv4/opencv2/core/mat.hpp:856:5:[m[K [01;36m[Knote: [m[Kcandidate: ‘[01m[Kcv::Mat::Mat(int, const int*, int)[m[K’
[4.405s]   856 |     [01;36m[KMat[m[K(int ndims, const int* sizes, int type);
[4.406s]       |     [01;36m[K^~~[m[K
[4.406s] [01m[K/usr/local/include/opencv4/opencv2/core/mat.hpp:856:5:[m[K [01;36m[Knote: [m[K  candidate expects 3 arguments, 1 provided
[4.406s] [01m[K/usr/local/include/opencv4/opencv2/core/mat.hpp:848:5:[m[K [01;36m[Knote: [m[Kcandidate: ‘[01m[Kcv::Mat::Mat(cv::Size, int, const Scalar&)[m[K’
[4.406s]   848 |     [01;36m[KMat[m[K(Size size, int type, const Scalar& s);
[4.406s]       |     [01;36m[K^~~[m[K
[4.406s] [01m[K/usr/local/include/opencv4/opencv2/core/mat.hpp:848:5:[m[K [01;36m[Knote: [m[K  candidate expects 3 arguments, 1 provided
[4.406s] [01m[K/usr/local/include/opencv4/opencv2/core/mat.hpp:837:5:[m[K [01;36m[Knote: [m[Kcandidate: ‘[01m[Kcv::Mat::Mat(int, int, int, const Scalar&)[m[K’
[4.407s]   837 |     [01;36m[KMat[m[K(int rows, int cols, int type, const Scalar& s);
[4.407s]       |     [01;36m[K^~~[m[K
[4.407s] [01m[K/usr/local/include/opencv4/opencv2/core/mat.hpp:837:5:[m[K [01;36m[Knote: [m[K  candidate expects 4 arguments, 1 provided
[4.407s] [01m[K/usr/local/include/opencv4/opencv2/core/mat.hpp:826:5:[m[K [01;36m[Knote: [m[Kcandidate: ‘[01m[Kcv::Mat::Mat(cv::Size, int)[m[K’
[4.407s]   826 |     [01;36m[KMat[m[K(Size size, int type);
[4.408s]       |     [01;36m[K^~~[m[K
[4.408s] [01m[K/usr/local/include/opencv4/opencv2/core/mat.hpp:826:5:[m[K [01;36m[Knote: [m[K  candidate expects 2 arguments, 1 provided
[4.408s] [01m[K/usr/local/include/opencv4/opencv2/core/mat.hpp:818:5:[m[K [01;36m[Knote: [m[Kcandidate: ‘[01m[Kcv::Mat::Mat(int, int, int)[m[K’
[4.408s]   818 |     [01;36m[KMat[m[K(int rows, int cols, int type);
[4.408s]       |     [01;36m[K^~~[m[K
[4.408s] [01m[K/usr/local/include/opencv4/opencv2/core/mat.hpp:818:5:[m[K [01;36m[Knote: [m[K  candidate expects 3 arguments, 1 provided
[4.409s] [01m[K/usr/local/include/opencv4/opencv2/core/mat.hpp:810:5:[m[K [01;36m[Knote: [m[Kcandidate: ‘[01m[Kcv::Mat::Mat()[m[K’
[4.409s]   810 |     [01;36m[KMat[m[K() CV_NOEXCEPT;
[4.409s]       |     [01;36m[K^~~[m[K
[4.409s] [01m[K/usr/local/include/opencv4/opencv2/core/mat.hpp:810:5:[m[K [01;36m[Knote: [m[K  candidate expects 0 arguments, 1 provided
[4.420s] [01m[K/home/huang/codes/ROS_Study/src/ros_pub_sub_cv/src/pub.cpp:[m[K In member function ‘[01m[Kvoid MinimalPublisher::timer_callback()[m[K’:
[4.420s] [01m[K/home/huang/codes/ROS_Study/src/ros_pub_sub_cv/src/pub.cpp:35:50:[m[K [01;31m[Kerror: [m[K‘[01m[KHeader[m[K’ is not a member of ‘[01m[Kstd_msgs[m[K’; did you mean ‘[01m[Kstd_msgs::msg::Header[m[K’?
[4.421s]    35 |     message.image = cv_bridge::CvImage(std_msgs::[01;31m[KHeader[m[K(), "bgr8", img).toImageMsg();                                                // CHANGE
[4.421s]       |                                                  [01;31m[K^~~~~~[m[K
[4.421s] In file included from [01m[K/opt/ros/galactic/include/sensor_msgs/msg/detail/image__struct.hpp:19[m[K,
[4.421s]                  from [01m[K/opt/ros/galactic/include/sensor_msgs/msg/image.hpp:7[m[K,
[4.421s]                  from [01m[K/opt/ros/galactic/include/cv_bridge/cv_bridge.h:40[m[K,
[4.422s]                  from [01m[K/home/huang/codes/ROS_Study/src/ros_pub_sub_cv/src/pub.cpp:4[m[K:
[4.422s] [01m[K/opt/ros/galactic/include/std_msgs/msg/detail/header__struct.hpp:139:7:[m[K [01;36m[Knote: [m[K‘[01m[Kstd_msgs::msg::Header[m[K’ declared here
[4.422s]   139 | using [01;36m[KHeader[m[K =
[4.422s]       |       [01;36m[K^~~~~~[m[K
[4.463s] [01m[K/home/huang/codes/ROS_Study/src/ros_pub_sub_cv/src/sub.cpp:[m[K In member function ‘[01m[Kvoid MinimalSubscriber::topic_callback(const Picture&) const[m[K’:
[4.464s] [01m[K/home/huang/codes/ROS_Study/src/ros_pub_sub_cv/src/sub.cpp:22:5:[m[K [01;31m[Kerror: [m[K‘[01m[Kcv_ptr[m[K’ was not declared in this scope; did you mean ‘[01m[Ksi_ptr[m[K’?
[4.464s]    22 |     [01;31m[Kcv_ptr[m[K = cv_bridge::toCvCopy(msg, sensor_msgs::image_encodings::BGR8);
[4.464s]       |     [01;31m[K^~~~~~[m[K
[4.464s]       |     [32m[Ksi_ptr[m[K
[4.482s] [01m[K/home/huang/codes/ROS_Study/src/ros_pub_sub_cv/src/sub.cpp:22:73:[m[K [01;31m[Kerror: [m[Kno matching function for call to ‘[01m[KtoCvCopy(const Picture&, const char [5])[m[K’
[4.482s]    22 |     cv_ptr = cv_bridge::toCvCopy(msg, sensor_msgs::image_encodings::BGR8[01;31m[K)[m[K;
[4.482s]       |                                                                         [01;31m[K^[m[K
[4.483s] In file included from [01m[K/home/huang/codes/ROS_Study/src/ros_pub_sub_cv/src/sub.cpp:4[m[K:
[4.483s] [01m[K/opt/ros/galactic/include/cv_bridge/cv_bridge.h:177:29:[m[K [01;36m[Knote: [m[Kcandidate: ‘[01m[Kcv_bridge::CvImagePtr cv_bridge::toCvCopy(const ConstSharedPtr&, const string&)[m[K’
[4.483s]   177 | CV_BRIDGE_EXPORT CvImagePtr [01;36m[KtoCvCopy[m[K(
[4.483s]       |                             [01;36m[K^~~~~~~~[m[K
[4.483s] [01m[K/opt/ros/galactic/include/cv_bridge/cv_bridge.h:178:51:[m[K [01;36m[Knote: [m[K  no known conversion for argument 1 from ‘[01m[Kconst Picture[m[K’ {aka ‘[01m[Kconst tutorial_interfaces::msg::Picture_<std::allocator<void> >[m[K’} to ‘[01m[Kconst ConstSharedPtr&[m[K’ {aka ‘[01m[Kconst std::shared_ptr<const sensor_msgs::msg::Image_<std::allocator<void> > >&[m[K’}
[4.483s]   178 |   [01;36m[Kconst sensor_msgs::msg::Image::ConstSharedPtr & source[m[K,
[4.484s]       |   [01;36m[K~~~~~~~~~~~~~~~~~~~~~~~~~~~~~~~~~~~~~~~~~~~~~~~~^~~~~~[m[K
[4.484s] [01m[K/opt/ros/galactic/include/cv_bridge/cv_bridge.h:181:29:[m[K [01;36m[Knote: [m[Kcandidate: ‘[01m[Kcv_bridge::CvImagePtr cv_bridge::toCvCopy(const ConstSharedPtr&, const string&)[m[K’
[4.484s]   181 | CV_BRIDGE_EXPORT CvImagePtr [01;36m[KtoCvCopy[m[K(
[4.484s]       |                             [01;36m[K^~~~~~~~[m[K
[4.484s] [01m[K/opt/ros/galactic/include/cv_bridge/cv_bridge.h:182:61:[m[K [01;36m[Knote: [m[K  no known conversion for argument 1 from ‘[01m[Kconst Picture[m[K’ {aka ‘[01m[Kconst tutorial_interfaces::msg::Picture_<std::allocator<void> >[m[K’} to ‘[01m[Kconst ConstSharedPtr&[m[K’ {aka ‘[01m[Kconst std::shared_ptr<const sensor_msgs::msg::CompressedImage_<std::allocator<void> > >&[m[K’}
[4.485s]   182 |   [01;36m[Kconst sensor_msgs::msg::CompressedImage::ConstSharedPtr & source[m[K,
[4.485s]       |   [01;36m[K~~~~~~~~~~~~~~~~~~~~~~~~~~~~~~~~~~~~~~~~~~~~~~~~~~~~~~~~~~^~~~~~[m[K
[4.485s] [01m[K/opt/ros/galactic/include/cv_bridge/cv_bridge.h:204:29:[m[K [01;36m[Knote: [m[Kcandidate: ‘[01m[Kcv_bridge::CvImagePtr cv_bridge::toCvCopy(const Image&, const string&)[m[K’
[4.485s]   204 | CV_BRIDGE_EXPORT CvImagePtr [01;36m[KtoCvCopy[m[K(
[4.485s]       |                             [01;36m[K^~~~~~~~[m[K
[4.485s] [01m[K/opt/ros/galactic/include/cv_bridge/cv_bridge.h:205:35:[m[K [01;36m[Knote: [m[K  no known conversion for argument 1 from ‘[01m[Kconst Picture[m[K’ {aka ‘[01m[Kconst tutorial_interfaces::msg::Picture_<std::allocator<void> >[m[K’} to ‘[01m[Kconst Image&[m[K’ {aka ‘[01m[Kconst sensor_msgs::msg::Image_<std::allocator<void> >&[m[K’}
[4.486s]   205 |   [01;36m[Kconst sensor_msgs::msg::Image & source[m[K,
[4.486s]       |   [01;36m[K~~~~~~~~~~~~~~~~~~~~~~~~~~~~~~~~^~~~~~[m[K
[4.487s] [01m[K/opt/ros/galactic/include/cv_bridge/cv_bridge.h:208:29:[m[K [01;36m[Knote: [m[Kcandidate: ‘[01m[Kcv_bridge::CvImagePtr cv_bridge::toCvCopy(const CompressedImage&, const string&)[m[K’
[4.487s]   208 | CV_BRIDGE_EXPORT CvImagePtr [01;36m[KtoCvCopy[m[K(
[4.487s]       |                             [01;36m[K^~~~~~~~[m[K
[4.487s] [01m[K/opt/ros/galactic/include/cv_bridge/cv_bridge.h:209:45:[m[K [01;36m[Knote: [m[K  no known conversion for argument 1 from ‘[01m[Kconst Picture[m[K’ {aka ‘[01m[Kconst tutorial_interfaces::msg::Picture_<std::allocator<void> >[m[K’} to ‘[01m[Kconst CompressedImage&[m[K’ {aka ‘[01m[Kconst sensor_msgs::msg::CompressedImage_<std::allocator<void> >&[m[K’}
[4.488s]   209 |   [01;36m[Kconst sensor_msgs::msg::CompressedImage & source[m[K,
[4.488s]       |   [01;36m[K~~~~~~~~~~~~~~~~~~~~~~~~~~~~~~~~~~~~~~~~~~^~~~~~[m[K
[4.488s] [01m[K/home/huang/codes/ROS_Study/src/ros_pub_sub_cv/src/sub.cpp:26:22:[m[K [01;31m[Kerror: [m[Kexpected ‘[01m[K;[m[K’ before ‘[01m[K}[m[K’ token
[4.488s]    26 |     cv::waitKey(1000)
[4.488s]       |                      [01;31m[K^[m[K
[4.488s]       |                      [32m[K;[m[K
[4.489s]    27 | 
[4.489s]    28 |   [32m[K}[m[K
[4.489s]       |   [32m[K~[m[K                   
[7.513s] make[2]: *** [CMakeFiles/pub_node.dir/build.make:63：CMakeFiles/pub_node.dir/src/pub.cpp.o] 错误 1
[7.513s] make[1]: *** [CMakeFiles/Makefile2:107：CMakeFiles/pub_node.dir/all] 错误 2
[7.513s] make[1]: *** 正在等待未完成的任务....
[8.724s] make[2]: *** [CMakeFiles/sub_node.dir/build.make:63：CMakeFiles/sub_node.dir/src/sub.cpp.o] 错误 1
[8.724s] make[1]: *** [CMakeFiles/Makefile2:80：CMakeFiles/sub_node.dir/all] 错误 2
[8.724s] make: *** [Makefile:141：all] 错误 2
[8.731s] Invoked command in '/home/huang/codes/ROS_Study/build/ros_pub_sub_cv' returned '2': CMAKE_PREFIX_PATH=/home/huang/codes/ROS_Study/install/tutorial_interfaces:/home/huang/codes/ROS_Study/install/village_wang:/home/huang/codes/ROS_Study/install/village_li:/home/huang/codes/ROS_Study/install/village_interfaces:/home/huang/codes/ROS_Study/install/ros_pub_sub_cv:/home/huang/codes/ROS_Study/install/ros_pub_sub:/opt/ros/galactic LD_LIBRARY_PATH=/home/huang/codes/ROS_Study/install/tutorial_interfaces/lib:/home/huang/codes/ROS_Study/install/village_interfaces/lib:/opt/ros/galactic/opt/yaml_cpp_vendor/lib:/opt/ros/galactic/opt/rviz_ogre_vendor/lib:/opt/ros/galactic/lib/x86_64-linux-gnu:/opt/ros/galactic/lib PYTHONPATH=/home/huang/codes/ROS_Study/install/tutorial_interfaces/lib/python3.8/site-packages:/home/huang/codes/ROS_Study/install/village_interfaces/lib/python3.8/site-packages:/opt/ros/galactic/lib/python3.8/site-packages /usr/bin/cmake --build /home/huang/codes/ROS_Study/build/ros_pub_sub_cv -- -j8 -l8
