[0.028s] Invoking command in '/home/huang/codes/ROS_Study/build/ros_service': CMAKE_PREFIX_PATH=/home/huang/codes/ROS_Study/install/tutorial_interfaces:/home/huang/codes/ROS_Study/install/village_wang:/home/huang/codes/ROS_Study/install/village_li:/home/huang/codes/ROS_Study/install/village_interfaces:/home/huang/codes/ROS_Study/install/ros_service:/home/huang/codes/ROS_Study/install/ros_pub_sub_cv:/home/huang/codes/ROS_Study/install/ros_pub_sub:/opt/ros/galactic LD_LIBRARY_PATH=/home/huang/codes/ROS_Study/install/tutorial_interfaces/lib:/home/huang/codes/ROS_Study/install/village_interfaces/lib:/opt/ros/galactic/opt/yaml_cpp_vendor/lib:/opt/ros/galactic/opt/rviz_ogre_vendor/lib:/opt/ros/galactic/lib/x86_64-linux-gnu:/opt/ros/galactic/lib PYTHONPATH=/home/huang/codes/ROS_Study/install/tutorial_interfaces/lib/python3.8/site-packages:/home/huang/codes/ROS_Study/install/village_interfaces/lib/python3.8/site-packages:/opt/ros/galactic/lib/python3.8/site-packages /usr/bin/cmake --build /home/huang/codes/ROS_Study/build/ros_service -- -j8 -l8
[0.088s] [35m[1mScanning dependencies of target service_node[0m
[0.104s] [ 50%] Built target client_node
[0.132s] [ 75%] [32mBuilding CXX object CMakeFiles/service_node.dir/src/service_test.cpp.o[0m
[2.157s] In file included from [01m[K/opt/ros/galactic/include/rclcpp/node.hpp:1329[m[K,
[2.157s]                  from [01m[K/opt/ros/galactic/include/rclcpp/executors/single_threaded_executor.hpp:28[m[K,
[2.157s]                  from [01m[K/opt/ros/galactic/include/rclcpp/executors.hpp:22[m[K,
[2.157s]                  from [01m[K/opt/ros/galactic/include/rclcpp/rclcpp.hpp:156[m[K,
[2.157s]                  from [01m[K/home/huang/codes/ROS_Study/src/ros_service/src/service_test.cpp:3[m[K:
[2.158s] /opt/ros/galactic/include/rclcpp/node_impl.hpp: In instantiation of â€˜[01m[Kauto rclcpp::Node::declare_parameter(const string&, const ParameterT&, const ParameterDescriptor&, bool) [with ParameterT = unsigned int; std::string = std::__cxx11::basic_string<char>; rcl_interfaces::msg::ParameterDescriptor = rcl_interfaces::msg::ParameterDescriptor_<std::allocator<void> >][m[Kâ€™:
[2.158s] [01m[K/home/huang/codes/ROS_Study/src/ros_service/src/service_test.cpp:49:91:[m[K   required from here
[2.158s] [01m[K/opt/ros/galactic/include/rclcpp/node_impl.hpp:205:15:[m[K [01;31m[Kerror: [m[Kcall of overloaded â€˜[01m[KParameterValue(const unsigned int&)[m[Kâ€™ is ambiguous
[2.158s]   205 |       rclcpp::[01;31m[KParameterValue(default_value)[m[K,
[2.158s]       |               [01;31m[K^~~~~~~~~~~~~~~~~~~~~~~~~~~~~[m[K
[2.158s] In file included from [01m[K/opt/ros/galactic/include/rclcpp/parameter.hpp:26[m[K,
[2.158s]                  from [01m[K/opt/ros/galactic/include/rclcpp/node_interfaces/node_parameters_interface.hpp:28[m[K,
[2.158s]                  from [01m[K/opt/ros/galactic/include/rclcpp/node.hpp:54[m[K,
[2.158s]                  from [01m[K/opt/ros/galactic/include/rclcpp/executors/single_threaded_executor.hpp:28[m[K,
[2.158s]                  from [01m[K/opt/ros/galactic/include/rclcpp/executors.hpp:22[m[K,
[2.159s]                  from [01m[K/opt/ros/galactic/include/rclcpp/rclcpp.hpp:156[m[K,
[2.159s]                  from [01m[K/home/huang/codes/ROS_Study/src/ros_service/src/service_test.cpp:3[m[K:
[2.159s] [01m[K/opt/ros/galactic/include/rclcpp/parameter_value.hpp:94:12:[m[K [01;36m[Knote: [m[Kcandidate: â€˜[01m[Krclcpp::ParameterValue::ParameterValue(double)[m[Kâ€™
[2.159s]    94 |   explicit [01;36m[KParameterValue[m[K(const double double_value);
[2.159s]       |            [01;36m[K^~~~~~~~~~~~~~[m[K
[2.159s] [01m[K/opt/ros/galactic/include/rclcpp/parameter_value.hpp:91:12:[m[K [01;36m[Knote: [m[Kcandidate: â€˜[01m[Krclcpp::ParameterValue::ParameterValue(float)[m[Kâ€™
[2.159s]    91 |   explicit [01;36m[KParameterValue[m[K(const float double_value);
[2.159s]       |            [01;36m[K^~~~~~~~~~~~~~[m[K
[2.159s] [01m[K/opt/ros/galactic/include/rclcpp/parameter_value.hpp:88:12:[m[K [01;36m[Knote: [m[Kcandidate: â€˜[01m[Krclcpp::ParameterValue::ParameterValue(int64_t)[m[Kâ€™
[2.159s]    88 |   explicit [01;36m[KParameterValue[m[K(const int64_t int_value);
[2.160s]       |            [01;36m[K^~~~~~~~~~~~~~[m[K
[2.160s] [01m[K/opt/ros/galactic/include/rclcpp/parameter_value.hpp:85:12:[m[K [01;36m[Knote: [m[Kcandidate: â€˜[01m[Krclcpp::ParameterValue::ParameterValue(int)[m[Kâ€™
[2.160s]    85 |   explicit [01;36m[KParameterValue[m[K(const int int_value);
[2.160s]       |            [01;36m[K^~~~~~~~~~~~~~[m[K
[2.160s] [01m[K/opt/ros/galactic/include/rclcpp/parameter_value.hpp:82:12:[m[K [01;36m[Knote: [m[Kcandidate: â€˜[01m[Krclcpp::ParameterValue::ParameterValue(bool)[m[Kâ€™
[2.160s]    82 |   explicit [01;36m[KParameterValue[m[K(const bool bool_value);
[2.160s]       |            [01;36m[K^~~~~~~~~~~~~~[m[K
[2.160s] [01m[K/opt/ros/galactic/include/rclcpp/parameter_value.hpp:71:7:[m[K [01;36m[Knote: [m[Kcandidate: â€˜[01m[Krclcpp::ParameterValue::ParameterValue(const rclcpp::ParameterValue&)[m[Kâ€™
[2.160s]    71 | class [01;36m[KParameterValue[m[K
[2.160s]       |       [01;36m[K^~~~~~~~~~~~~~[m[K
[2.160s] [01m[K/opt/ros/galactic/include/rclcpp/parameter_value.hpp:71:7:[m[K [01;36m[Knote: [m[Kcandidate: â€˜[01m[Krclcpp::ParameterValue::ParameterValue(rclcpp::ParameterValue&&)[m[Kâ€™
[2.161s] [01m[K/home/huang/codes/ROS_Study/src/ros_service/src/service_test.cpp:49:72:[m[K [01;31m[Kerror: [m[Kvoid value not ignored as it ought to be
[2.161s]    49 | oney  = [01;31m[Kthis->declare_parameter<std::uint32_t>("service_money", 0)[m[K;
[2.161s]       |         [01;31m[K~~~~~~~~~~~~~~~~~~~~~~~~~~~~~~~~~~~~~~^~~~~~~~~~~~~~~~~~~~[m[K
[2.161s] 
[3.039s] make[2]: *** [CMakeFiles/service_node.dir/build.make:63ï¼šCMakeFiles/service_node.dir/src/service_test.cpp.o] é”™è¯¯ 1
[3.039s] make[1]: *** [CMakeFiles/Makefile2:134ï¼šCMakeFiles/service_node.dir/all] é”™è¯¯ 2
[3.040s] make: *** [Makefile:141ï¼šall] é”™è¯¯ 2
[3.044s] Invoked command in '/home/huang/codes/ROS_Study/build/ros_service' returned '2': CMAKE_PREFIX_PATH=/home/huang/codes/ROS_Study/install/tutorial_interfaces:/home/huang/codes/ROS_Study/install/village_wang:/home/huang/codes/ROS_Study/install/village_li:/home/huang/codes/ROS_Study/install/village_interfaces:/home/huang/codes/ROS_Study/install/ros_service:/home/huang/codes/ROS_Study/install/ros_pub_sub_cv:/home/huang/codes/ROS_Study/install/ros_pub_sub:/opt/ros/galactic LD_LIBRARY_PATH=/home/huang/codes/ROS_Study/install/tutorial_interfaces/lib:/home/huang/codes/ROS_Study/install/village_interfaces/lib:/opt/ros/galactic/opt/yaml_cpp_vendor/lib:/opt/ros/galactic/opt/rviz_ogre_vendor/lib:/opt/ros/galactic/lib/x86_64-linux-gnu:/opt/ros/galactic/lib PYTHONPATH=/home/huang/codes/ROS_Study/install/tutorial_interfaces/lib/python3.8/site-packages:/home/huang/codes/ROS_Study/install/village_interfaces/lib/python3.8/site-packages:/opt/ros/galactic/lib/python3.8/site-packages /usr/bin/cmake --build /home/huang/codes/ROS_Study/build/ros_service -- -j8 -l8
