[0.040s] Invoking command in '/home/huang/codes/ROS_Study/build/ros_pub_sub_cv': CMAKE_PREFIX_PATH=/home/huang/codes/ROS_Study/install/tutorial_interfaces:/home/huang/codes/ROS_Study/install/village_wang:/home/huang/codes/ROS_Study/install/village_li:/home/huang/codes/ROS_Study/install/village_interfaces:/home/huang/codes/ROS_Study/install/ros_pub_sub_cv:/home/huang/codes/ROS_Study/install/ros_pub_sub:/opt/ros/galactic LD_LIBRARY_PATH=/home/huang/codes/ROS_Study/install/tutorial_interfaces/lib:/home/huang/codes/ROS_Study/install/village_interfaces/lib:/opt/ros/galactic/opt/yaml_cpp_vendor/lib:/opt/ros/galactic/opt/rviz_ogre_vendor/lib:/opt/ros/galactic/lib/x86_64-linux-gnu:/opt/ros/galactic/lib PYTHONPATH=/home/huang/codes/ROS_Study/install/tutorial_interfaces/lib/python3.8/site-packages:/home/huang/codes/ROS_Study/install/village_interfaces/lib/python3.8/site-packages:/opt/ros/galactic/lib/python3.8/site-packages /usr/bin/cmake --build /home/huang/codes/ROS_Study/build/ros_pub_sub_cv -- -j8 -l8
[0.102s] [35m[1mScanning dependencies of target sub_node[0m
[0.122s] [ 50%] Built target pub_node
[0.156s] [ 75%] [32mBuilding CXX object CMakeFiles/sub_node.dir/src/sub.cpp.o[0m
[3.913s] [01m[K/home/huang/codes/ROS_Study/src/ros_pub_sub_cv/src/sub.cpp:35:24:[m[K [01;31m[Kerror: [m[Kâ€˜[01m[Krows[m[Kâ€™ is not a type
[3.913s]    35 |   cv::Mat resizedFrame([01;31m[Krows[m[K, cols, CV_8U, cv::Scalar(255, 255, 255));
[3.913s]       |                        [01;31m[K^~~~[m[K
[3.913s] [01m[K/home/huang/codes/ROS_Study/src/ros_pub_sub_cv/src/sub.cpp:35:30:[m[K [01;31m[Kerror: [m[Kâ€˜[01m[Kcols[m[Kâ€™ is not a type
[3.913s]    35 |   cv::Mat resizedFrame(rows, [01;31m[Kcols[m[K, CV_8U, cv::Scalar(255, 255, 255));
[3.913s]       |                              [01;31m[K^~~~[m[K
[3.914s] In file included from [01m[K/usr/local/include/opencv4/opencv2/core/cvdef.h:190[m[K,
[3.914s]                  from [01m[K/usr/local/include/opencv4/opencv2/core.hpp:52[m[K,
[3.914s]                  from [01m[K/usr/local/include/opencv4/opencv2/opencv.hpp:52[m[K,
[3.914s]                  from [01m[K/home/huang/codes/ROS_Study/src/ros_pub_sub_cv/src/sub.cpp:3[m[K:
[3.914s] [01m[K/home/huang/codes/ROS_Study/src/ros_pub_sub_cv/src/sub.cpp:35:36:[m[K [01;31m[Kerror: [m[Kexpected identifier before numeric constant
[3.914s]    35 |   cv::Mat resizedFrame(rows, cols, [01;31m[KCV_8U[m[K, cv::Scalar(255, 255, 255));
[3.914s]       |                                    [01;31m[K^~~~~[m[K
[3.914s] [01m[K/home/huang/codes/ROS_Study/src/ros_pub_sub_cv/src/sub.cpp:35:36:[m[K [01;31m[Kerror: [m[Kexpected â€˜[01m[K,[m[Kâ€™ or â€˜[01m[K...[m[Kâ€™ before numeric constant
[3.933s] [01m[K/home/huang/codes/ROS_Study/src/ros_pub_sub_cv/src/sub.cpp:[m[K In member function â€˜[01m[Kvoid MinimalSubscriber::topic_callback(const Picture&) const[m[Kâ€™:
[3.933s] [01m[K/home/huang/codes/ROS_Study/src/ros_pub_sub_cv/src/sub.cpp:26:35:[m[K [01;31m[Kerror: [m[Kinvalid use of member function â€˜[01m[Kcv::Mat MinimalSubscriber::resizedFrame(int, int, int)[m[Kâ€™ (did you forget the â€˜[01m[K()[m[Kâ€™ ?)
[3.933s]    26 |     cv::resize(img, resizedFrame, [01;31m[KresizedFrame[m[K.size());
[3.933s]       |                                   [01;31m[K^~~~~~~~~~~~[m[K
[3.934s] [01m[K/home/huang/codes/ROS_Study/src/ros_pub_sub_cv/src/sub.cpp:26:21:[m[K [01;31m[Kerror: [m[Kinvalid use of non-static member function â€˜[01m[Kcv::Mat MinimalSubscriber::resizedFrame(int, int, int)[m[Kâ€™
[3.934s]    26 |     cv::resize(img, [01;31m[KresizedFrame[m[K, resizedFrame.size());
[3.934s]       |                     [01;31m[K^~~~~~~~~~~~[m[K
[3.934s] [01m[K/home/huang/codes/ROS_Study/src/ros_pub_sub_cv/src/sub.cpp:35:11:[m[K [01;36m[Knote: [m[Kdeclared here
[3.934s]    35 |   cv::Mat [01;36m[KresizedFrame[m[K(rows, cols, CV_8U, cv::Scalar(255, 255, 255));
[3.934s]       |           [01;36m[K^~~~~~~~~~~~[m[K
[7.557s] make[2]: *** [CMakeFiles/sub_node.dir/build.make:63ï¼šCMakeFiles/sub_node.dir/src/sub.cpp.o] é”™è¯¯ 1
[7.558s] make[1]: *** [CMakeFiles/Makefile2:80ï¼šCMakeFiles/sub_node.dir/all] é”™è¯¯ 2
[7.558s] make: *** [Makefile:141ï¼šall] é”™è¯¯ 2
[7.561s] Invoked command in '/home/huang/codes/ROS_Study/build/ros_pub_sub_cv' returned '2': CMAKE_PREFIX_PATH=/home/huang/codes/ROS_Study/install/tutorial_interfaces:/home/huang/codes/ROS_Study/install/village_wang:/home/huang/codes/ROS_Study/install/village_li:/home/huang/codes/ROS_Study/install/village_interfaces:/home/huang/codes/ROS_Study/install/ros_pub_sub_cv:/home/huang/codes/ROS_Study/install/ros_pub_sub:/opt/ros/galactic LD_LIBRARY_PATH=/home/huang/codes/ROS_Study/install/tutorial_interfaces/lib:/home/huang/codes/ROS_Study/install/village_interfaces/lib:/opt/ros/galactic/opt/yaml_cpp_vendor/lib:/opt/ros/galactic/opt/rviz_ogre_vendor/lib:/opt/ros/galactic/lib/x86_64-linux-gnu:/opt/ros/galactic/lib PYTHONPATH=/home/huang/codes/ROS_Study/install/tutorial_interfaces/lib/python3.8/site-packages:/home/huang/codes/ROS_Study/install/village_interfaces/lib/python3.8/site-packages:/opt/ros/galactic/lib/python3.8/site-packages /usr/bin/cmake --build /home/huang/codes/ROS_Study/build/ros_pub_sub_cv -- -j8 -l8
