[0.041s] Invoking command in '/home/huang/codes/ROS_Study/build/ros_pub_sub_cv': CMAKE_PREFIX_PATH=/home/huang/codes/ROS_Study/install/tutorial_interfaces:/home/huang/codes/ROS_Study/install/village_wang:/home/huang/codes/ROS_Study/install/village_li:/home/huang/codes/ROS_Study/install/village_interfaces:/home/huang/codes/ROS_Study/install/ros_pub_sub_cv:/home/huang/codes/ROS_Study/install/ros_pub_sub:/opt/ros/galactic LD_LIBRARY_PATH=/home/huang/codes/ROS_Study/install/tutorial_interfaces/lib:/home/huang/codes/ROS_Study/install/village_interfaces/lib:/opt/ros/galactic/opt/yaml_cpp_vendor/lib:/opt/ros/galactic/opt/rviz_ogre_vendor/lib:/opt/ros/galactic/lib/x86_64-linux-gnu:/opt/ros/galactic/lib PYTHONPATH=/home/huang/codes/ROS_Study/install/tutorial_interfaces/lib/python3.8/site-packages:/home/huang/codes/ROS_Study/install/village_interfaces/lib/python3.8/site-packages:/opt/ros/galactic/lib/python3.8/site-packages /usr/bin/cmake --build /home/huang/codes/ROS_Study/build/ros_pub_sub_cv -- -j8 -l8
[0.110s] [35m[1mScanning dependencies of target pub_node[0m
[0.141s] [ 25%] [32m[1mLinking CXX executable sub_node[0m
[0.170s] [ 50%] [32mBuilding CXX object CMakeFiles/pub_node.dir/src/pub.cpp.o[0m
[1.061s] /usr/bin/ld: CMakeFiles/sub_node.dir/src/sub.cpp.o: in function `MinimalSubscriber::topic_callback(tutorial_interfaces::msg::Picture_<std::allocator<void> > const&) const':
[1.062s] sub.cpp:(.text._ZNK17MinimalSubscriber14topic_callbackERKN19tutorial_interfaces3msg8Picture_ISaIvEEE[_ZNK17MinimalSubscriber14topic_callbackERKN19tutorial_interfaces3msg8Picture_ISaIvEEE]+0x6f): undefined reference to `cv_bridge::toCvCopy(sensor_msgs::msg::Image_<std::allocator<void> > const&, std::__cxx11::basic_string<char, std::char_traits<char>, std::allocator<char> > const&)'
[1.062s] collect2: error: ld returned 1 exit status
[1.064s] make[2]: *** [CMakeFiles/sub_node.dir/build.make:162ï¼šsub_node] é”™è¯¯ 1
[1.064s] make[1]: *** [CMakeFiles/Makefile2:80ï¼šCMakeFiles/sub_node.dir/all] é”™è¯¯ 2
[1.064s] make[1]: *** æ­£åœ¨ç­‰å¾…æœªå®Œæˆçš„ä»»åŠ¡....
[4.531s] [01m[K/home/huang/codes/ROS_Study/src/ros_pub_sub_cv/src/pub.cpp:[m[K In member function â€˜[01m[Kvoid MinimalPublisher::timer_callback()[m[Kâ€™:
[4.531s] [01m[K/home/huang/codes/ROS_Study/src/ros_pub_sub_cv/src/pub.cpp:37:21:[m[K [01;31m[Kerror: [m[Kâ€˜[01m[Kccv_bridge[m[Kâ€™ has not been declared
[4.531s]    37 |     message.image = [01;31m[Kccv_bridge[m[K::CvImage(std_msgs::Header(), "bgr8", this->img).toImageMsg();
[4.531s]       |                     [01;31m[K^~~~~~~~~~[m[K
[4.532s] [01m[K/home/huang/codes/ROS_Study/src/ros_pub_sub_cv/src/pub.cpp:37:51:[m[K [01;31m[Kerror: [m[Kâ€˜[01m[KHeader[m[Kâ€™ is not a member of â€˜[01m[Kstd_msgs[m[Kâ€™; did you mean â€˜[01m[Kstd_msgs::msg::Header[m[Kâ€™?
[4.532s]    37 |     message.image = ccv_bridge::CvImage(std_msgs::[01;31m[KHeader[m[K(), "bgr8", this->img).toImageMsg();
[4.532s]       |                                                   [01;31m[K^~~~~~[m[K
[4.532s] In file included from [01m[K/opt/ros/galactic/include/sensor_msgs/msg/detail/image__struct.hpp:19[m[K,
[4.532s]                  from [01m[K/opt/ros/galactic/include/sensor_msgs/msg/image.hpp:7[m[K,
[4.533s]                  from [01m[K/opt/ros/galactic/include/cv_bridge/cv_bridge.h:40[m[K,
[4.533s]                  from [01m[K/home/huang/codes/ROS_Study/src/ros_pub_sub_cv/src/pub.cpp:4[m[K:
[4.533s] [01m[K/opt/ros/galactic/include/std_msgs/msg/detail/header__struct.hpp:139:7:[m[K [01;36m[Knote: [m[Kâ€˜[01m[Kstd_msgs::msg::Header[m[Kâ€™ declared here
[4.533s]   139 | using [01;36m[KHeader[m[K =
[4.534s]       |       [01;36m[K^~~~~~[m[K
[6.988s] make[2]: *** [CMakeFiles/pub_node.dir/build.make:63ï¼šCMakeFiles/pub_node.dir/src/pub.cpp.o] é”™è¯¯ 1
[6.989s] make[1]: *** [CMakeFiles/Makefile2:107ï¼šCMakeFiles/pub_node.dir/all] é”™è¯¯ 2
[6.989s] make: *** [Makefile:141ï¼šall] é”™è¯¯ 2
[6.993s] Invoked command in '/home/huang/codes/ROS_Study/build/ros_pub_sub_cv' returned '2': CMAKE_PREFIX_PATH=/home/huang/codes/ROS_Study/install/tutorial_interfaces:/home/huang/codes/ROS_Study/install/village_wang:/home/huang/codes/ROS_Study/install/village_li:/home/huang/codes/ROS_Study/install/village_interfaces:/home/huang/codes/ROS_Study/install/ros_pub_sub_cv:/home/huang/codes/ROS_Study/install/ros_pub_sub:/opt/ros/galactic LD_LIBRARY_PATH=/home/huang/codes/ROS_Study/install/tutorial_interfaces/lib:/home/huang/codes/ROS_Study/install/village_interfaces/lib:/opt/ros/galactic/opt/yaml_cpp_vendor/lib:/opt/ros/galactic/opt/rviz_ogre_vendor/lib:/opt/ros/galactic/lib/x86_64-linux-gnu:/opt/ros/galactic/lib PYTHONPATH=/home/huang/codes/ROS_Study/install/tutorial_interfaces/lib/python3.8/site-packages:/home/huang/codes/ROS_Study/install/village_interfaces/lib/python3.8/site-packages:/opt/ros/galactic/lib/python3.8/site-packages /usr/bin/cmake --build /home/huang/codes/ROS_Study/build/ros_pub_sub_cv -- -j8 -l8
