[35m[1mScanning dependencies of target pub_node[0m
[ 25%] [32mBuilding CXX object CMakeFiles/sub_node.dir/src/sub.cpp.o[0m
[ 50%] [32mBuilding CXX object CMakeFiles/pub_node.dir/src/pub.cpp.o[0m
[01m[K/home/huang/codes/ROS_Study/src/ros_pub_sub_cv/src/pub.cpp:[m[K In constructor ‘[01m[KMinimalPublisher::MinimalPublisher()[m[K’:
[01m[K/home/huang/codes/ROS_Study/src/ros_pub_sub_cv/src/pub.cpp:13:82:[m[K [01;31m[Kerror: [m[Kno matching function for call to ‘[01m[Kcv::Mat::Mat(const char [27])[m[K’
   13 |   MinimalPublisher(): Node("minimal_publisher"), img("/home/huang/codes/test.jpg"[01;31m[K)[m[K
      |                                                                                  [01;31m[K^[m[K
In file included from [01m[K/usr/local/include/opencv4/opencv2/core.hpp:58[m[K,
                 from [01m[K/usr/local/include/opencv4/opencv2/opencv.hpp:52[m[K,
                 from [01m[K/home/huang/codes/ROS_Study/src/ros_pub_sub_cv/src/pub.cpp:3[m[K:
[01m[K/usr/local/include/opencv4/opencv2/core/mat.hpp:2091:5:[m[K [01;36m[Knote: [m[Kcandidate: ‘[01m[Kcv::Mat::Mat(cv::Mat&&)[m[K’
 2091 |     [01;36m[KMat[m[K(Mat&& m);
      |     [01;36m[K^~~[m[K
[01m[K/usr/local/include/opencv4/opencv2/core/mat.hpp:2091:15:[m[K [01;36m[Knote: [m[K  no known conversion for argument 1 from ‘[01m[Kconst char [27][m[K’ to ‘[01m[Kcv::Mat&&[m[K’
 2091 |     Mat([01;36m[KMat&& m[m[K);
      |         [01;36m[K~~~~~~^[m[K
In file included from [01m[K/usr/local/include/opencv4/opencv2/core/cuda.hpp:1268[m[K,
                 from [01m[K/usr/local/include/opencv4/opencv2/stitching/detail/warpers.hpp:47[m[K,
                 from [01m[K/usr/local/include/opencv4/opencv2/stitching/warpers.hpp:46[m[K,
                 from [01m[K/usr/local/include/opencv4/opencv2/stitching.hpp:48[m[K,
                 from [01m[K/usr/local/include/opencv4/opencv2/opencv.hpp:86[m[K,
                 from [01m[K/home/huang/codes/ROS_Study/src/ros_pub_sub_cv/src/pub.cpp:3[m[K:
[01m[K/usr/local/include/opencv4/opencv2/core/cuda.inl.hpp:713:1:[m[K [01;36m[Knote: [m[Kcandidate: ‘[01m[Kcv::Mat::Mat(const cv::cuda::GpuMat&)[m[K’
  713 | [01;36m[KMat[m[K::Mat(const cuda::GpuMat& m)
      | [01;36m[K^~~[m[K
[01m[K/usr/local/include/opencv4/opencv2/core/cuda.inl.hpp:713:30:[m[K [01;36m[Knote: [m[K  no known conversion for argument 1 from ‘[01m[Kconst char [27][m[K’ to ‘[01m[Kconst cv::cuda::GpuMat&[m[K’
  713 | Mat::Mat([01;36m[Kconst cuda::GpuMat& m[m[K)
      |          [01;36m[K~~~~~~~~~~~~~~~~~~~~^[m[K
In file included from [01m[K/usr/local/include/opencv4/opencv2/core.hpp:58[m[K,
                 from [01m[K/usr/local/include/opencv4/opencv2/opencv.hpp:52[m[K,
                 from [01m[K/home/huang/codes/ROS_Study/src/ros_pub_sub_cv/src/pub.cpp:3[m[K:
[01m[K/usr/local/include/opencv4/opencv2/core/mat.hpp:1048:37:[m[K [01;36m[Knote: [m[Kcandidate: ‘[01m[Ktemplate<class _Tp> cv::Mat::Mat(const cv::MatCommaInitializer_<_Tp>&)[m[K’
 1048 |     template<typename _Tp> explicit [01;36m[KMat[m[K(const MatCommaInitializer_<_Tp>& commaInitializer);
      |                                     [01;36m[K^~~[m[K
[01m[K/usr/local/include/opencv4/opencv2/core/mat.hpp:1048:37:[m[K [01;36m[Knote: [m[K  template argument deduction/substitution failed:
[01m[K/home/huang/codes/ROS_Study/src/ros_pub_sub_cv/src/pub.cpp:13:82:[m[K [01;36m[Knote: [m[K  mismatched types ‘[01m[Kconst cv::MatCommaInitializer_<_Tp>[m[K’ and ‘[01m[Kconst char [27][m[K’
   13 |   MinimalPublisher(): Node("minimal_publisher"), img("/home/huang/codes/test.jpg"[01;36m[K)[m[K
      |                                                                                  [01;36m[K^[m[K
In file included from [01m[K/usr/local/include/opencv4/opencv2/core.hpp:58[m[K,
                 from [01m[K/usr/local/include/opencv4/opencv2/opencv.hpp:52[m[K,
                 from [01m[K/home/huang/codes/ROS_Study/src/ros_pub_sub_cv/src/pub.cpp:3[m[K:
[01m[K/usr/local/include/opencv4/opencv2/core/mat.hpp:1044:37:[m[K [01;36m[Knote: [m[Kcandidate: ‘[01m[Ktemplate<class _Tp> cv::Mat::Mat(const cv::Point3_<_Tp>&, bool)[m[K’
 1044 |     template<typename _Tp> explicit [01;36m[KMat[m[K(const Point3_<_Tp>& pt, bool copyData=true);
      |                                     [01;36m[K^~~[m[K
[01m[K/usr/local/include/opencv4/opencv2/core/mat.hpp:1044:37:[m[K [01;36m[Knote: [m[K  template argument deduction/substitution failed:
[01m[K/home/huang/codes/ROS_Study/src/ros_pub_sub_cv/src/pub.cpp:13:82:[m[K [01;36m[Knote: [m[K  mismatched types ‘[01m[Kconst cv::Point3_<_Tp>[m[K’ and ‘[01m[Kconst char [27][m[K’
   13 |   MinimalPublisher(): Node("minimal_publisher"), img("/home/huang/codes/test.jpg"[01;36m[K)[m[K
      |                                                                                  [01;36m[K^[m[K
In file included from [01m[K/usr/local/include/opencv4/opencv2/core.hpp:58[m[K,
                 from [01m[K/usr/local/include/opencv4/opencv2/opencv.hpp:52[m[K,
                 from [01m[K/home/huang/codes/ROS_Study/src/ros_pub_sub_cv/src/pub.cpp:3[m[K:
[01m[K/usr/local/include/opencv4/opencv2/core/mat.hpp:1040:37:[m[K [01;36m[Knote: [m[Kcandidate: ‘[01m[Ktemplate<class _Tp> cv::Mat::Mat(const cv::Point_<_Tp>&, bool)[m[K’
 1040 |     template<typename _Tp> explicit [01;36m[KMat[m[K(const Point_<_Tp>& pt, bool copyData=true);
      |                                     [01;36m[K^~~[m[K
[01m[K/usr/local/include/opencv4/opencv2/core/mat.hpp:1040:37:[m[K [01;36m[Knote: [m[K  template argument deduction/substitution failed:
[01m[K/home/huang/codes/ROS_Study/src/ros_pub_sub_cv/src/pub.cpp:13:82:[m[K [01;36m[Knote: [m[K  mismatched types ‘[01m[Kconst cv::Point_<_Tp>[m[K’ and ‘[01m[Kconst char [27][m[K’
   13 |   MinimalPublisher(): Node("minimal_publisher"), img("/home/huang/codes/test.jpg"[01;36m[K)[m[K
      |                                                                                  [01;36m[K^[m[K
In file included from [01m[K/usr/local/include/opencv4/opencv2/core.hpp:58[m[K,
                 from [01m[K/usr/local/include/opencv4/opencv2/opencv.hpp:52[m[K,
                 from [01m[K/home/huang/codes/ROS_Study/src/ros_pub_sub_cv/src/pub.cpp:3[m[K:
[01m[K/usr/local/include/opencv4/opencv2/core/mat.hpp:1036:51:[m[K [01;36m[Knote: [m[Kcandidate: ‘[01m[Ktemplate<class _Tp, int m, int n> cv::Mat::Mat(const cv::Matx<_Tp, m, n>&, bool)[m[K’
 1036 |     template<typename _Tp, int m, int n> explicit [01;36m[KMat[m[K(const Matx<_Tp, m, n>& mtx, bool copyData=true);
      |                                                   [01;36m[K^~~[m[K
[01m[K/usr/local/include/opencv4/opencv2/core/mat.hpp:1036:51:[m[K [01;36m[Knote: [m[K  template argument deduction/substitution failed:
[01m[K/home/huang/codes/ROS_Study/src/ros_pub_sub_cv/src/pub.cpp:13:82:[m[K [01;36m[Knote: [m[K  mismatched types ‘[01m[Kconst cv::Matx<_Tp, m, n>[m[K’ and ‘[01m[Kconst char [27][m[K’
   13 |   MinimalPublisher(): Node("minimal_publisher"), img("/home/huang/codes/test.jpg"[01;36m[K)[m[K
      |                                                                                  [01;36m[K^[m[K
In file included from [01m[K/usr/local/include/opencv4/opencv2/core.hpp:58[m[K,
                 from [01m[K/usr/local/include/opencv4/opencv2/opencv.hpp:52[m[K,
                 from [01m[K/home/huang/codes/ROS_Study/src/ros_pub_sub_cv/src/pub.cpp:3[m[K:
[01m[K/usr/local/include/opencv4/opencv2/core/mat.hpp:1032:44:[m[K [01;36m[Knote: [m[Kcandidate: ‘[01m[Ktemplate<class _Tp, int n> cv::Mat::Mat(const cv::Vec<_Tp, m>&, bool)[m[K’
 1032 |     template<typename _Tp, int n> explicit [01;36m[KMat[m[K(const Vec<_Tp, n>& vec, bool copyData=true);
      |                                            [01;36m[K^~~[m[K
[01m[K/usr/local/include/opencv4/opencv2/core/mat.hpp:1032:44:[m[K [01;36m[Knote: [m[K  template argument deduction/substitution failed:
[01m[K/home/huang/codes/ROS_Study/src/ros_pub_sub_cv/src/pub.cpp:13:82:[m[K [01;36m[Knote: [m[K  mismatched types ‘[01m[Kconst cv::Vec<_Tp, m>[m[K’ and ‘[01m[Kconst char [27][m[K’
   13 |   MinimalPublisher(): Node("minimal_publisher"), img("/home/huang/codes/test.jpg"[01;36m[K)[m[K
      |                                                                                  [01;36m[K^[m[K
In file included from [01m[K/usr/local/include/opencv4/opencv2/core.hpp:58[m[K,
                 from [01m[K/usr/local/include/opencv4/opencv2/opencv.hpp:52[m[K,
                 from [01m[K/home/huang/codes/ROS_Study/src/ros_pub_sub_cv/src/pub.cpp:3[m[K:
[01m[K/usr/local/include/opencv4/opencv2/core/mat.hpp:1028:49:[m[K [01;36m[Knote: [m[Kcandidate: ‘[01m[Ktemplate<class _Tp, long unsigned int _Nm> cv::Mat::Mat(const std::array<_Tp, _Nm>&, bool)[m[K’
 1028 |     template<typename _Tp, size_t _Nm> explicit [01;36m[KMat[m[K(const std::array<_Tp, _Nm>& arr, bool copyData=false);
      |                                                 [01;36m[K^~~[m[K
[01m[K/usr/local/include/opencv4/opencv2/core/mat.hpp:1028:49:[m[K [01;36m[Knote: [m[K  template argument deduction/substitution failed:
[01m[K/home/huang/codes/ROS_Study/src/ros_pub_sub_cv/src/pub.cpp:13:82:[m[K [01;36m[Knote: [m[K  mismatched types ‘[01m[Kconst std::array<_Tp, _Nm>[m[K’ and ‘[01m[Kconst char [27][m[K’
   13 |   MinimalPublisher(): Node("minimal_publisher"), img("/home/huang/codes/test.jpg"[01;36m[K)[m[K
      |                                                                                  [01;36m[K^[m[K
In file included from [01m[K/usr/local/include/opencv4/opencv2/core.hpp:58[m[K,
                 from [01m[K/usr/local/include/opencv4/opencv2/opencv.hpp:52[m[K,
                 from [01m[K/home/huang/codes/ROS_Study/src/ros_pub_sub_cv/src/pub.cpp:3[m[K:
[01m[K/usr/local/include/opencv4/opencv2/core/mat.hpp:1024:37:[m[K [01;36m[Knote: [m[Kcandidate: ‘[01m[Ktemplate<class _Tp> cv::Mat::Mat(std::initializer_list<int>, std::initializer_list<_Tp>)[m[K’
 1024 |     template<typename _Tp> explicit [01;36m[KMat[m[K(const std::initializer_list<int> sizes, const std::initializer_list<_Tp> list);
      |                                     [01;36m[K^~~[m[K
[01m[K/usr/local/include/opencv4/opencv2/core/mat.hpp:1024:37:[m[K [01;36m[Knote: [m[K  template argument deduction/substitution failed:
[01m[K/home/huang/codes/ROS_Study/src/ros_pub_sub_cv/src/pub.cpp:13:82:[m[K [01;36m[Knote: [m[K  candidate expects 2 arguments, 1 provided
   13 |   MinimalPublisher(): Node("minimal_publisher"), img("/home/huang/codes/test.jpg"[01;36m[K)[m[K
      |                                                                                  [01;36m[K^[m[K
In file included from [01m[K/usr/local/include/opencv4/opencv2/core.hpp:58[m[K,
                 from [01m[K/usr/local/include/opencv4/opencv2/opencv.hpp:52[m[K,
                 from [01m[K/home/huang/codes/ROS_Study/src/ros_pub_sub_cv/src/pub.cpp:3[m[K:
[01m[K/usr/local/include/opencv4/opencv2/core/mat.hpp:1020:14:[m[K [01;36m[Knote: [m[Kcandidate: ‘[01m[Ktemplate<class _Tp, class> cv::Mat::Mat(std::initializer_list<_Tp>)[m[K’
 1020 |     explicit [01;36m[KMat[m[K(const std::initializer_list<_Tp> list);
      |              [01;36m[K^~~[m[K
[01m[K/usr/local/include/opencv4/opencv2/core/mat.hpp:1020:14:[m[K [01;36m[Knote: [m[K  template argument deduction/substitution failed:
[01m[K/home/huang/codes/ROS_Study/src/ros_pub_sub_cv/src/pub.cpp:13:82:[m[K [01;36m[Knote: [m[K  mismatched types ‘[01m[Kstd::initializer_list<_Tp>[m[K’ and ‘[01m[Kconst char*[m[K’
   13 |   MinimalPublisher(): Node("minimal_publisher"), img("/home/huang/codes/test.jpg"[01;36m[K)[m[K
      |                                                                                  [01;36m[K^[m[K
In file included from [01m[K/usr/local/include/opencv4/opencv2/core.hpp:58[m[K,
                 from [01m[K/usr/local/include/opencv4/opencv2/opencv.hpp:52[m[K,
                 from [01m[K/home/huang/codes/ROS_Study/src/ros_pub_sub_cv/src/pub.cpp:3[m[K:
[01m[K/usr/local/include/opencv4/opencv2/core/mat.hpp:1015:37:[m[K [01;36m[Knote: [m[Kcandidate: ‘[01m[Ktemplate<class _Tp> cv::Mat::Mat(const std::vector<_Tp>&, bool)[m[K’
 1015 |     template<typename _Tp> explicit [01;36m[KMat[m[K(const std::vector<_Tp>& vec, bool copyData=false);
      |                                     [01;36m[K^~~[m[K
[01m[K/usr/local/include/opencv4/opencv2/core/mat.hpp:1015:37:[m[K [01;36m[Knote: [m[K  template argument deduction/substitution failed:
[01m[K/home/huang/codes/ROS_Study/src/ros_pub_sub_cv/src/pub.cpp:13:82:[m[K [01;36m[Knote: [m[K  mismatched types ‘[01m[Kconst std::vector<_Tp>[m[K’ and ‘[01m[Kconst char [27][m[K’
   13 |   MinimalPublisher(): Node("minimal_publisher"), img("/home/huang/codes/test.jpg"[01;36m[K)[m[K
      |                                                                                  [01;36m[K^[m[K
In file included from [01m[K/usr/local/include/opencv4/opencv2/core.hpp:58[m[K,
                 from [01m[K/usr/local/include/opencv4/opencv2/opencv.hpp:52[m[K,
                 from [01m[K/home/huang/codes/ROS_Study/src/ros_pub_sub_cv/src/pub.cpp:3[m[K:
[01m[K/usr/local/include/opencv4/opencv2/core/mat.hpp:997:5:[m[K [01;36m[Knote: [m[Kcandidate: ‘[01m[Kcv::Mat::Mat(const cv::Mat&, const std::vector<cv::Range>&)[m[K’
  997 |     [01;36m[KMat[m[K(const Mat& m, const std::vector<Range>& ranges);
      |     [01;36m[K^~~[m[K
[01m[K/usr/local/include/opencv4/opencv2/core/mat.hpp:997:5:[m[K [01;36m[Knote: [m[K  candidate expects 2 arguments, 1 provided
[01m[K/usr/local/include/opencv4/opencv2/core/mat.hpp:987:5:[m[K [01;36m[Knote: [m[Kcandidate: ‘[01m[Kcv::Mat::Mat(const cv::Mat&, const cv::Range*)[m[K’
  987 |     [01;36m[KMat[m[K(const Mat& m, const Range* ranges);
      |     [01;36m[K^~~[m[K
[01m[K/usr/local/include/opencv4/opencv2/core/mat.hpp:987:5:[m[K [01;36m[Knote: [m[K  candidate expects 2 arguments, 1 provided
[01m[K/usr/local/include/opencv4/opencv2/core/mat.hpp:977:5:[m[K [01;36m[Knote: [m[Kcandidate: ‘[01m[Kcv::Mat::Mat(const cv::Mat&, const Rect&)[m[K’
  977 |     [01;36m[KMat[m[K(const Mat& m, const Rect& roi);
      |     [01;36m[K^~~[m[K
[01m[K/usr/local/include/opencv4/opencv2/core/mat.hpp:977:5:[m[K [01;36m[Knote: [m[K  candidate expects 2 arguments, 1 provided
[01m[K/usr/local/include/opencv4/opencv2/core/mat.hpp:967:5:[m[K [01;36m[Knote: [m[Kcandidate: ‘[01m[Kcv::Mat::Mat(const cv::Mat&, const cv::Range&, const cv::Range&)[m[K’
  967 |     [01;36m[KMat[m[K(const Mat& m, const Range& rowRange, const Range& colRange=Range::all());
      |     [01;36m[K^~~[m[K
[01m[K/usr/local/include/opencv4/opencv2/core/mat.hpp:967:5:[m[K [01;36m[Knote: [m[K  candidate expects 3 arguments, 1 provided
[01m[K/usr/local/include/opencv4/opencv2/core/mat.hpp:955:5:[m[K [01;36m[Knote: [m[Kcandidate: ‘[01m[Kcv::Mat::Mat(const std::vector<int>&, int, void*, const size_t*)[m[K’
  955 |     [01;36m[KMat[m[K(const std::vector<int>& sizes, int type, void* data, const size_t* steps=0);
      |     [01;36m[K^~~[m[K
[01m[K/usr/local/include/opencv4/opencv2/core/mat.hpp:955:5:[m[K [01;36m[Knote: [m[K  candidate expects 4 arguments, 1 provided
[01m[K/usr/local/include/opencv4/opencv2/core/mat.hpp:941:5:[m[K [01;36m[Knote: [m[Kcandidate: ‘[01m[Kcv::Mat::Mat(int, const int*, int, void*, const size_t*)[m[K’
  941 |     [01;36m[KMat[m[K(int ndims, const int* sizes, int type, void* data, const size_t* steps=0);
      |     [01;36m[K^~~[m[K
[01m[K/usr/local/include/opencv4/opencv2/core/mat.hpp:941:5:[m[K [01;36m[Knote: [m[K  candidate expects 5 arguments, 1 provided
[01m[K/usr/local/include/opencv4/opencv2/core/mat.hpp:926:5:[m[K [01;36m[Knote: [m[Kcandidate: ‘[01m[Kcv::Mat::Mat(cv::Size, int, void*, size_t)[m[K’
  926 |     [01;36m[KMat[m[K(Size size, int type, void* data, size_t step=AUTO_STEP);
      |     [01;36m[K^~~[m[K
[01m[K/usr/local/include/opencv4/opencv2/core/mat.hpp:926:5:[m[K [01;36m[Knote: [m[K  candidate expects 4 arguments, 1 provided
[01m[K/usr/local/include/opencv4/opencv2/core/mat.hpp:910:5:[m[K [01;36m[Knote: [m[Kcandidate: ‘[01m[Kcv::Mat::Mat(int, int, int, void*, size_t)[m[K’
  910 |     [01;36m[KMat[m[K(int rows, int cols, int type, void* data, size_t step=AUTO_STEP);
      |     [01;36m[K^~~[m[K
[01m[K/usr/local/include/opencv4/opencv2/core/mat.hpp:910:5:[m[K [01;36m[Knote: [m[K  candidate expects 5 arguments, 1 provided
[01m[K/usr/local/include/opencv4/opencv2/core/mat.hpp:894:5:[m[K [01;36m[Knote: [m[Kcandidate: ‘[01m[Kcv::Mat::Mat(const cv::Mat&)[m[K’
  894 |     [01;36m[KMat[m[K(const Mat& m);
      |     [01;36m[K^~~[m[K
[01m[K/usr/local/include/opencv4/opencv2/core/mat.hpp:894:20:[m[K [01;36m[Knote: [m[K  no known conversion for argument 1 from ‘[01m[Kconst char [27][m[K’ to ‘[01m[Kconst cv::Mat&[m[K’
  894 |     Mat([01;36m[Kconst Mat& m[m[K);
      |         [01;36m[K~~~~~~~~~~~^[m[K
[01m[K/usr/local/include/opencv4/opencv2/core/mat.hpp:884:5:[m[K [01;36m[Knote: [m[Kcandidate: ‘[01m[Kcv::Mat::Mat(const std::vector<int>&, int, const Scalar&)[m[K’
  884 |     [01;36m[KMat[m[K(const std::vector<int>& sizes, int type, const Scalar& s);
      |     [01;36m[K^~~[m[K
[01m[K/usr/local/include/opencv4/opencv2/core/mat.hpp:884:5:[m[K [01;36m[Knote: [m[K  candidate expects 3 arguments, 1 provided
[01m[K/usr/local/include/opencv4/opencv2/core/mat.hpp:874:5:[m[K [01;36m[Knote: [m[Kcandidate: ‘[01m[Kcv::Mat::Mat(int, const int*, int, const Scalar&)[m[K’
  874 |     [01;36m[KMat[m[K(int ndims, const int* sizes, int type, const Scalar& s);
      |     [01;36m[K^~~[m[K
[01m[K/usr/local/include/opencv4/opencv2/core/mat.hpp:874:5:[m[K [01;36m[Knote: [m[K  candidate expects 4 arguments, 1 provided
[01m[K/usr/local/include/opencv4/opencv2/core/mat.hpp:863:5:[m[K [01;36m[Knote: [m[Kcandidate: ‘[01m[Kcv::Mat::Mat(const std::vector<int>&, int)[m[K’
  863 |     [01;36m[KMat[m[K(const std::vector<int>& sizes, int type);
      |     [01;36m[K^~~[m[K
[01m[K/usr/local/include/opencv4/opencv2/core/mat.hpp:863:5:[m[K [01;36m[Knote: [m[K  candidate expects 2 arguments, 1 provided
[01m[K/usr/local/include/opencv4/opencv2/core/mat.hpp:856:5:[m[K [01;36m[Knote: [m[Kcandidate: ‘[01m[Kcv::Mat::Mat(int, const int*, int)[m[K’
  856 |     [01;36m[KMat[m[K(int ndims, const int* sizes, int type);
      |     [01;36m[K^~~[m[K
[01m[K/usr/local/include/opencv4/opencv2/core/mat.hpp:856:5:[m[K [01;36m[Knote: [m[K  candidate expects 3 arguments, 1 provided
[01m[K/usr/local/include/opencv4/opencv2/core/mat.hpp:848:5:[m[K [01;36m[Knote: [m[Kcandidate: ‘[01m[Kcv::Mat::Mat(cv::Size, int, const Scalar&)[m[K’
  848 |     [01;36m[KMat[m[K(Size size, int type, const Scalar& s);
      |     [01;36m[K^~~[m[K
[01m[K/usr/local/include/opencv4/opencv2/core/mat.hpp:848:5:[m[K [01;36m[Knote: [m[K  candidate expects 3 arguments, 1 provided
[01m[K/usr/local/include/opencv4/opencv2/core/mat.hpp:837:5:[m[K [01;36m[Knote: [m[Kcandidate: ‘[01m[Kcv::Mat::Mat(int, int, int, const Scalar&)[m[K’
  837 |     [01;36m[KMat[m[K(int rows, int cols, int type, const Scalar& s);
      |     [01;36m[K^~~[m[K
[01m[K/usr/local/include/opencv4/opencv2/core/mat.hpp:837:5:[m[K [01;36m[Knote: [m[K  candidate expects 4 arguments, 1 provided
[01m[K/usr/local/include/opencv4/opencv2/core/mat.hpp:826:5:[m[K [01;36m[Knote: [m[Kcandidate: ‘[01m[Kcv::Mat::Mat(cv::Size, int)[m[K’
  826 |     [01;36m[KMat[m[K(Size size, int type);
      |     [01;36m[K^~~[m[K
[01m[K/usr/local/include/opencv4/opencv2/core/mat.hpp:826:5:[m[K [01;36m[Knote: [m[K  candidate expects 2 arguments, 1 provided
[01m[K/usr/local/include/opencv4/opencv2/core/mat.hpp:818:5:[m[K [01;36m[Knote: [m[Kcandidate: ‘[01m[Kcv::Mat::Mat(int, int, int)[m[K’
  818 |     [01;36m[KMat[m[K(int rows, int cols, int type);
      |     [01;36m[K^~~[m[K
[01m[K/usr/local/include/opencv4/opencv2/core/mat.hpp:818:5:[m[K [01;36m[Knote: [m[K  candidate expects 3 arguments, 1 provided
[01m[K/usr/local/include/opencv4/opencv2/core/mat.hpp:810:5:[m[K [01;36m[Knote: [m[Kcandidate: ‘[01m[Kcv::Mat::Mat()[m[K’
  810 |     [01;36m[KMat[m[K() CV_NOEXCEPT;
      |     [01;36m[K^~~[m[K
[01m[K/usr/local/include/opencv4/opencv2/core/mat.hpp:810:5:[m[K [01;36m[Knote: [m[K  candidate expects 0 arguments, 1 provided
[01m[K/home/huang/codes/ROS_Study/src/ros_pub_sub_cv/src/pub.cpp:[m[K In member function ‘[01m[Kvoid MinimalPublisher::timer_callback()[m[K’:
[01m[K/home/huang/codes/ROS_Study/src/ros_pub_sub_cv/src/pub.cpp:34:21:[m[K [01;31m[Kerror: [m[Kno match for ‘[01m[Koperator=[m[K’ (operand types are ‘[01m[Ktutorial_interfaces::msg::Picture_<std::allocator<void> >::_image_type[m[K’ {aka ‘[01m[Ksensor_msgs::msg::Image_<std::allocator<void> >[m[K’} and ‘[01m[Kcv::Mat[m[K’)
   34 |     message.image = [01;31m[Kimg[m[K                                                // CHANGE
      |                     [01;31m[K^~~[m[K
In file included from [01m[K/home/huang/codes/ROS_Study/install/tutorial_interfaces/include/tutorial_interfaces/msg/detail/picture__struct.hpp:19[m[K,
                 from [01m[K/home/huang/codes/ROS_Study/install/tutorial_interfaces/include/tutorial_interfaces/msg/picture.hpp:7[m[K,
                 from [01m[K/home/huang/codes/ROS_Study/src/ros_pub_sub_cv/src/pub.cpp:5[m[K:
[01m[K/opt/ros/galactic/include/sensor_msgs/msg/detail/image__struct.hpp:35:8:[m[K [01;36m[Knote: [m[Kcandidate: ‘[01m[Ksensor_msgs::msg::Image_<std::allocator<void> >& sensor_msgs::msg::Image_<std::allocator<void> >::operator=(const sensor_msgs::msg::Image_<std::allocator<void> >&)[m[K’
   35 | struct [01;36m[KImage_[m[K
      |        [01;36m[K^~~~~~[m[K
[01m[K/opt/ros/galactic/include/sensor_msgs/msg/detail/image__struct.hpp:35:8:[m[K [01;36m[Knote: [m[K  no known conversion for argument 1 from ‘[01m[Kcv::Mat[m[K’ to ‘[01m[Kconst sensor_msgs::msg::Image_<std::allocator<void> >&[m[K’
[01m[K/opt/ros/galactic/include/sensor_msgs/msg/detail/image__struct.hpp:35:8:[m[K [01;36m[Knote: [m[Kcandidate: ‘[01m[Ksensor_msgs::msg::Image_<std::allocator<void> >& sensor_msgs::msg::Image_<std::allocator<void> >::operator=(sensor_msgs::msg::Image_<std::allocator<void> >&&)[m[K’
[01m[K/opt/ros/galactic/include/sensor_msgs/msg/detail/image__struct.hpp:35:8:[m[K [01;36m[Knote: [m[K  no known conversion for argument 1 from ‘[01m[Kcv::Mat[m[K’ to ‘[01m[Ksensor_msgs::msg::Image_<std::allocator<void> >&&[m[K’
[01m[K/home/huang/codes/ROS_Study/src/ros_pub_sub_cv/src/sub.cpp:[m[K In member function ‘[01m[Kvoid MinimalSubscriber::topic_callback(const Picture&) const[m[K’:
[01m[K/home/huang/codes/ROS_Study/src/ros_pub_sub_cv/src/sub.cpp:22:28:[m[K [01;31m[Kerror: [m[Kno matching function for call to ‘[01m[Kimshow(const char [6], const Picture&)[m[K’
   22 |     cv::imshow("video", msg[01;31m[K)[m[K;
      |                            [01;31m[K^[m[K
In file included from [01m[K/usr/local/include/opencv4/opencv2/opencv.hpp:68[m[K,
                 from [01m[K/home/huang/codes/ROS_Study/src/ros_pub_sub_cv/src/sub.cpp:3[m[K:
[01m[K/usr/local/include/opencv4/opencv2/highgui.hpp:416:19:[m[K [01;36m[Knote: [m[Kcandidate: ‘[01m[Kvoid cv::imshow(const String&, cv::InputArray)[m[K’
  416 | CV_EXPORTS_W void [01;36m[Kimshow[m[K(const String& winname, InputArray mat);
      |                   [01;36m[K^~~~~~[m[K
[01m[K/usr/local/include/opencv4/opencv2/highgui.hpp:416:60:[m[K [01;36m[Knote: [m[K  no known conversion for argument 2 from ‘[01m[Kconst Picture[m[K’ {aka ‘[01m[Kconst tutorial_interfaces::msg::Picture_<std::allocator<void> >[m[K’} to ‘[01m[Kcv::InputArray[m[K’ {aka ‘[01m[Kconst cv::_InputArray&[m[K’}
  416 | CV_EXPORTS_W void imshow(const String& winname, [01;36m[KInputArray mat[m[K);
      |                                                 [01;36m[K~~~~~~~~~~~^~~[m[K
[01m[K/usr/local/include/opencv4/opencv2/highgui.hpp:651:17:[m[K [01;36m[Knote: [m[Kcandidate: ‘[01m[Kvoid cv::imshow(const String&, const cv::ogl::Texture2D&)[m[K’
  651 | CV_EXPORTS void [01;36m[Kimshow[m[K(const String& winname, const ogl::Texture2D& tex);
      |                 [01;36m[K^~~~~~[m[K
[01m[K/usr/local/include/opencv4/opencv2/highgui.hpp:651:69:[m[K [01;36m[Knote: [m[K  no known conversion for argument 2 from ‘[01m[Kconst Picture[m[K’ {aka ‘[01m[Kconst tutorial_interfaces::msg::Picture_<std::allocator<void> >[m[K’} to ‘[01m[Kconst cv::ogl::Texture2D&[m[K’
  651 | CV_EXPORTS void imshow(const String& winname, [01;36m[Kconst ogl::Texture2D& tex[m[K);
      |                                               [01;36m[K~~~~~~~~~~~~~~~~~~~~~~^~~[m[K
[01m[K/home/huang/codes/ROS_Study/src/ros_pub_sub_cv/src/sub.cpp:24:9:[m[K [01;31m[Kerror: [m[Kbreak statement not within loop or switch
   24 |         [01;31m[Kbreak[m[K;
      |         [01;31m[K^~~~~[m[K
make[2]: *** [CMakeFiles/pub_node.dir/build.make:63：CMakeFiles/pub_node.dir/src/pub.cpp.o] 错误 1
make[1]: *** [CMakeFiles/Makefile2:107：CMakeFiles/pub_node.dir/all] 错误 2
make[1]: *** 正在等待未完成的任务....
make[2]: *** [CMakeFiles/sub_node.dir/build.make:63：CMakeFiles/sub_node.dir/src/sub.cpp.o] 错误 1
make[1]: *** [CMakeFiles/Makefile2:80：CMakeFiles/sub_node.dir/all] 错误 2
make: *** [Makefile:141：all] 错误 2
