[0.035s] Invoking command in '/home/huang/codes/ROS_Study/build/ros_pub_sub_cv': CMAKE_PREFIX_PATH=/home/huang/codes/ROS_Study/install/tutorial_interfaces:/home/huang/codes/ROS_Study/install/village_wang:/home/huang/codes/ROS_Study/install/village_li:/home/huang/codes/ROS_Study/install/village_interfaces:/home/huang/codes/ROS_Study/install/ros_pub_sub_cv:/home/huang/codes/ROS_Study/install/ros_pub_sub:/opt/ros/galactic LD_LIBRARY_PATH=/home/huang/codes/ROS_Study/install/tutorial_interfaces/lib:/home/huang/codes/ROS_Study/install/village_interfaces/lib:/opt/ros/galactic/opt/yaml_cpp_vendor/lib:/opt/ros/galactic/opt/rviz_ogre_vendor/lib:/opt/ros/galactic/lib/x86_64-linux-gnu:/opt/ros/galactic/lib PYTHONPATH=/home/huang/codes/ROS_Study/install/tutorial_interfaces/lib/python3.8/site-packages:/home/huang/codes/ROS_Study/install/village_interfaces/lib/python3.8/site-packages:/opt/ros/galactic/lib/python3.8/site-packages /usr/bin/cmake --build /home/huang/codes/ROS_Study/build/ros_pub_sub_cv -- -j8 -l8
[0.119s] [35m[1mScanning dependencies of target pub_node[0m
[0.147s] [ 25%] [32mBuilding CXX object CMakeFiles/sub_node.dir/src/sub.cpp.o[0m
[0.185s] [ 50%] [32mBuilding CXX object CMakeFiles/pub_node.dir/src/pub.cpp.o[0m
[5.693s] [01m[K/home/huang/codes/ROS_Study/src/ros_pub_sub_cv/src/pub.cpp:[m[K In constructor ‚Äò[01m[KMinimalPublisher::MinimalPublisher()[m[K‚Äô:
[5.695s] [01m[K/home/huang/codes/ROS_Study/src/ros_pub_sub_cv/src/pub.cpp:13:82:[m[K [01;31m[Kerror: [m[Kno matching function for call to ‚Äò[01m[Kcv::Mat::Mat(const char [27])[m[K‚Äô
[5.695s]    13 |   MinimalPublisher(): Node("minimal_publisher"), img("/home/huang/codes/test.jpg"[01;31m[K)[m[K
[5.695s]       |                                                                                  [01;31m[K^[m[K
[5.695s] In file included from [01m[K/usr/local/include/opencv4/opencv2/core.hpp:58[m[K,
[5.696s]                  from [01m[K/usr/local/include/opencv4/opencv2/opencv.hpp:52[m[K,
[5.696s]                  from [01m[K/home/huang/codes/ROS_Study/src/ros_pub_sub_cv/src/pub.cpp:3[m[K:
[5.696s] [01m[K/usr/local/include/opencv4/opencv2/core/mat.hpp:2091:5:[m[K [01;36m[Knote: [m[Kcandidate: ‚Äò[01m[Kcv::Mat::Mat(cv::Mat&&)[m[K‚Äô
[5.696s]  2091 |     [01;36m[KMat[m[K(Mat&& m);
[5.696s]       |     [01;36m[K^~~[m[K
[5.696s] [01m[K/usr/local/include/opencv4/opencv2/core/mat.hpp:2091:15:[m[K [01;36m[Knote: [m[K  no known conversion for argument 1 from ‚Äò[01m[Kconst char [27][m[K‚Äô to ‚Äò[01m[Kcv::Mat&&[m[K‚Äô
[5.696s]  2091 |     Mat([01;36m[KMat&& m[m[K);
[5.697s]       |         [01;36m[K~~~~~~^[m[K
[5.697s] In file included from [01m[K/usr/local/include/opencv4/opencv2/core/cuda.hpp:1268[m[K,
[5.697s]                  from [01m[K/usr/local/include/opencv4/opencv2/stitching/detail/warpers.hpp:47[m[K,
[5.697s]                  from [01m[K/usr/local/include/opencv4/opencv2/stitching/warpers.hpp:46[m[K,
[5.697s]                  from [01m[K/usr/local/include/opencv4/opencv2/stitching.hpp:48[m[K,
[5.697s]                  from [01m[K/usr/local/include/opencv4/opencv2/opencv.hpp:86[m[K,
[5.697s]                  from [01m[K/home/huang/codes/ROS_Study/src/ros_pub_sub_cv/src/pub.cpp:3[m[K:
[5.697s] [01m[K/usr/local/include/opencv4/opencv2/core/cuda.inl.hpp:713:1:[m[K [01;36m[Knote: [m[Kcandidate: ‚Äò[01m[Kcv::Mat::Mat(const cv::cuda::GpuMat&)[m[K‚Äô
[5.697s]   713 | [01;36m[KMat[m[K::Mat(const cuda::GpuMat& m)
[5.697s]       | [01;36m[K^~~[m[K
[5.698s] [01m[K/usr/local/include/opencv4/opencv2/core/cuda.inl.hpp:713:30:[m[K [01;36m[Knote: [m[K  no known conversion for argument 1 from ‚Äò[01m[Kconst char [27][m[K‚Äô to ‚Äò[01m[Kconst cv::cuda::GpuMat&[m[K‚Äô
[5.698s]   713 | Mat::Mat([01;36m[Kconst cuda::GpuMat& m[m[K)
[5.698s]       |          [01;36m[K~~~~~~~~~~~~~~~~~~~~^[m[K
[5.698s] In file included from [01m[K/usr/local/include/opencv4/opencv2/core.hpp:58[m[K,
[5.698s]                  from [01m[K/usr/local/include/opencv4/opencv2/opencv.hpp:52[m[K,
[5.698s]                  from [01m[K/home/huang/codes/ROS_Study/src/ros_pub_sub_cv/src/pub.cpp:3[m[K:
[5.698s] [01m[K/usr/local/include/opencv4/opencv2/core/mat.hpp:1048:37:[m[K [01;36m[Knote: [m[Kcandidate: ‚Äò[01m[Ktemplate<class _Tp> cv::Mat::Mat(const cv::MatCommaInitializer_<_Tp>&)[m[K‚Äô
[5.698s]  1048 |     template<typename _Tp> explicit [01;36m[KMat[m[K(const MatCommaInitializer_<_Tp>& commaInitializer);
[5.698s]       |                                     [01;36m[K^~~[m[K
[5.698s] [01m[K/usr/local/include/opencv4/opencv2/core/mat.hpp:1048:37:[m[K [01;36m[Knote: [m[K  template argument deduction/substitution failed:
[5.698s] [01m[K/home/huang/codes/ROS_Study/src/ros_pub_sub_cv/src/pub.cpp:13:82:[m[K [01;36m[Knote: [m[K  mismatched types ‚Äò[01m[Kconst cv::MatCommaInitializer_<_Tp>[m[K‚Äô and ‚Äò[01m[Kconst char [27][m[K‚Äô
[5.699s]    13 |   MinimalPublisher(): Node("minimal_publisher"), img("/home/huang/codes/test.jpg"[01;36m[K)[m[K
[5.699s]       |                                                                                  [01;36m[K^[m[K
[5.699s] In file included from [01m[K/usr/local/include/opencv4/opencv2/core.hpp:58[m[K,
[5.699s]                  from [01m[K/usr/local/include/opencv4/opencv2/opencv.hpp:52[m[K,
[5.699s]                  from [01m[K/home/huang/codes/ROS_Study/src/ros_pub_sub_cv/src/pub.cpp:3[m[K:
[5.699s] [01m[K/usr/local/include/opencv4/opencv2/core/mat.hpp:1044:37:[m[K [01;36m[Knote: [m[Kcandidate: ‚Äò[01m[Ktemplate<class _Tp> cv::Mat::Mat(const cv::Point3_<_Tp>&, bool)[m[K‚Äô
[5.699s]  1044 |     template<typename _Tp> explicit [01;36m[KMat[m[K(const Point3_<_Tp>& pt, bool copyData=true);
[5.699s]       |                                     [01;36m[K^~~[m[K
[5.699s] [01m[K/usr/local/include/opencv4/opencv2/core/mat.hpp:1044:37:[m[K [01;36m[Knote: [m[K  template argument deduction/substitution failed:
[5.699s] [01m[K/home/huang/codes/ROS_Study/src/ros_pub_sub_cv/src/pub.cpp:13:82:[m[K [01;36m[Knote: [m[K  mismatched types ‚Äò[01m[Kconst cv::Point3_<_Tp>[m[K‚Äô and ‚Äò[01m[Kconst char [27][m[K‚Äô
[5.699s]    13 |   MinimalPublisher(): Node("minimal_publisher"), img("/home/huang/codes/test.jpg"[01;36m[K)[m[K
[5.699s]       |                                                                                  [01;36m[K^[m[K
[5.699s] In file included from [01m[K/usr/local/include/opencv4/opencv2/core.hpp:58[m[K,
[5.699s]                  from [01m[K/usr/local/include/opencv4/opencv2/opencv.hpp:52[m[K,
[5.700s]                  from [01m[K/home/huang/codes/ROS_Study/src/ros_pub_sub_cv/src/pub.cpp:3[m[K:
[5.700s] [01m[K/usr/local/include/opencv4/opencv2/core/mat.hpp:1040:37:[m[K [01;36m[Knote: [m[Kcandidate: ‚Äò[01m[Ktemplate<class _Tp> cv::Mat::Mat(const cv::Point_<_Tp>&, bool)[m[K‚Äô
[5.700s]  1040 |     template<typename _Tp> explicit [01;36m[KMat[m[K(const Point_<_Tp>& pt, bool copyData=true);
[5.700s]       |                                     [01;36m[K^~~[m[K
[5.700s] [01m[K/usr/local/include/opencv4/opencv2/core/mat.hpp:1040:37:[m[K [01;36m[Knote: [m[K  template argument deduction/substitution failed:
[5.700s] [01m[K/home/huang/codes/ROS_Study/src/ros_pub_sub_cv/src/pub.cpp:13:82:[m[K [01;36m[Knote: [m[K  mismatched types ‚Äò[01m[Kconst cv::Point_<_Tp>[m[K‚Äô and ‚Äò[01m[Kconst char [27][m[K‚Äô
[5.700s]    13 |   MinimalPublisher(): Node("minimal_publisher"), img("/home/huang/codes/test.jpg"[01;36m[K)[m[K
[5.700s]       |                                                                                  [01;36m[K^[m[K
[5.700s] In file included from [01m[K/usr/local/include/opencv4/opencv2/core.hpp:58[m[K,
[5.700s]                  from [01m[K/usr/local/include/opencv4/opencv2/opencv.hpp:52[m[K,
[5.700s]                  from [01m[K/home/huang/codes/ROS_Study/src/ros_pub_sub_cv/src/pub.cpp:3[m[K:
[5.700s] [01m[K/usr/local/include/opencv4/opencv2/core/mat.hpp:1036:51:[m[K [01;36m[Knote: [m[Kcandidate: ‚Äò[01m[Ktemplate<class _Tp, int m, int n> cv::Mat::Mat(const cv::Matx<_Tp, m, n>&, bool)[m[K‚Äô
[5.700s]  1036 |     template<typename _Tp, int m, int n> explicit [01;36m[KMat[m[K(const Matx<_Tp, m, n>& mtx, bool copyData=true);
[5.700s]       |                                                   [01;36m[K^~~[m[K
[5.700s] [01m[K/usr/local/include/opencv4/opencv2/core/mat.hpp:1036:51:[m[K [01;36m[Knote: [m[K  template argument deduction/substitution failed:
[5.701s] [01m[K/home/huang/codes/ROS_Study/src/ros_pub_sub_cv/src/pub.cpp:13:82:[m[K [01;36m[Knote: [m[K  mismatched types ‚Äò[01m[Kconst cv::Matx<_Tp, m, n>[m[K‚Äô and ‚Äò[01m[Kconst char [27][m[K‚Äô
[5.701s]    13 |   MinimalPublisher(): Node("minimal_publisher"), img("/home/huang/codes/test.jpg"[01;36m[K)[m[K
[5.701s]       |                                                                                  [01;36m[K^[m[K
[5.701s] In file included from [01m[K/usr/local/include/opencv4/opencv2/core.hpp:58[m[K,
[5.701s]                  from [01m[K/usr/local/include/opencv4/opencv2/opencv.hpp:52[m[K,
[5.701s]                  from [01m[K/home/huang/codes/ROS_Study/src/ros_pub_sub_cv/src/pub.cpp:3[m[K:
[5.701s] [01m[K/usr/local/include/opencv4/opencv2/core/mat.hpp:1032:44:[m[K [01;36m[Knote: [m[Kcandidate: ‚Äò[01m[Ktemplate<class _Tp, int n> cv::Mat::Mat(const cv::Vec<_Tp, m>&, bool)[m[K‚Äô
[5.701s]  1032 |     template<typename _Tp, int n> explicit [01;36m[KMat[m[K(const Vec<_Tp, n>& vec, bool copyData=true);
[5.702s]       |                                            [01;36m[K^~~[m[K
[5.702s] [01m[K/usr/local/include/opencv4/opencv2/core/mat.hpp:1032:44:[m[K [01;36m[Knote: [m[K  template argument deduction/substitution failed:
[5.702s] [01m[K/home/huang/codes/ROS_Study/src/ros_pub_sub_cv/src/pub.cpp:13:82:[m[K [01;36m[Knote: [m[K  mismatched types ‚Äò[01m[Kconst cv::Vec<_Tp, m>[m[K‚Äô and ‚Äò[01m[Kconst char [27][m[K‚Äô
[5.702s]    13 |   MinimalPublisher(): Node("minimal_publisher"), img("/home/huang/codes/test.jpg"[01;36m[K)[m[K
[5.702s]       |                                                                                  [01;36m[K^[m[K
[5.702s] In file included from [01m[K/usr/local/include/opencv4/opencv2/core.hpp:58[m[K,
[5.702s]                  from [01m[K/usr/local/include/opencv4/opencv2/opencv.hpp:52[m[K,
[5.702s]                  from [01m[K/home/huang/codes/ROS_Study/src/ros_pub_sub_cv/src/pub.cpp:3[m[K:
[5.703s] [01m[K/usr/local/include/opencv4/opencv2/core/mat.hpp:1028:49:[m[K [01;36m[Knote: [m[Kcandidate: ‚Äò[01m[Ktemplate<class _Tp, long unsigned int _Nm> cv::Mat::Mat(const std::array<_Tp, _Nm>&, bool)[m[K‚Äô
[5.703s]  1028 |     template<typename _Tp, size_t _Nm> explicit [01;36m[KMat[m[K(const std::array<_Tp, _Nm>& arr, bool copyData=false);
[5.703s]       |                                                 [01;36m[K^~~[m[K
[5.703s] [01m[K/usr/local/include/opencv4/opencv2/core/mat.hpp:1028:49:[m[K [01;36m[Knote: [m[K  template argument deduction/substitution failed:
[5.703s] [01m[K/home/huang/codes/ROS_Study/src/ros_pub_sub_cv/src/pub.cpp:13:82:[m[K [01;36m[Knote: [m[K  mismatched types ‚Äò[01m[Kconst std::array<_Tp, _Nm>[m[K‚Äô and ‚Äò[01m[Kconst char [27][m[K‚Äô
[5.703s]    13 |   MinimalPublisher(): Node("minimal_publisher"), img("/home/huang/codes/test.jpg"[01;36m[K)[m[K
[5.703s]       |                                                                                  [01;36m[K^[m[K
[5.703s] In file included from [01m[K/usr/local/include/opencv4/opencv2/core.hpp:58[m[K,
[5.703s]                  from [01m[K/usr/local/include/opencv4/opencv2/opencv.hpp:52[m[K,
[5.703s]                  from [01m[K/home/huang/codes/ROS_Study/src/ros_pub_sub_cv/src/pub.cpp:3[m[K:
[5.704s] [01m[K/usr/local/include/opencv4/opencv2/core/mat.hpp:1024:37:[m[K [01;36m[Knote: [m[Kcandidate: ‚Äò[01m[Ktemplate<class _Tp> cv::Mat::Mat(std::initializer_list<int>, std::initializer_list<_Tp>)[m[K‚Äô
[5.704s]  1024 |     template<typename _Tp> explicit [01;36m[KMat[m[K(const std::initializer_list<int> sizes, const std::initializer_list<_Tp> list);
[5.704s]       |                                     [01;36m[K^~~[m[K
[5.704s] [01m[K/usr/local/include/opencv4/opencv2/core/mat.hpp:1024:37:[m[K [01;36m[Knote: [m[K  template argument deduction/substitution failed:
[5.705s] [01m[K/home/huang/codes/ROS_Study/src/ros_pub_sub_cv/src/pub.cpp:13:82:[m[K [01;36m[Knote: [m[K  candidate expects 2 arguments, 1 provided
[5.705s]    13 |   MinimalPublisher(): Node("minimal_publisher"), img("/home/huang/codes/test.jpg"[01;36m[K)[m[K
[5.705s]       |                                                                                  [01;36m[K^[m[K
[5.705s] In file included from [01m[K/usr/local/include/opencv4/opencv2/core.hpp:58[m[K,
[5.705s]                  from [01m[K/usr/local/include/opencv4/opencv2/opencv.hpp:52[m[K,
[5.705s]                  from [01m[K/home/huang/codes/ROS_Study/src/ros_pub_sub_cv/src/pub.cpp:3[m[K:
[5.705s] [01m[K/usr/local/include/opencv4/opencv2/core/mat.hpp:1020:14:[m[K [01;36m[Knote: [m[Kcandidate: ‚Äò[01m[Ktemplate<class _Tp, class> cv::Mat::Mat(std::initializer_list<_Tp>)[m[K‚Äô
[5.705s]  1020 |     explicit [01;36m[KMat[m[K(const std::initializer_list<_Tp> list);
[5.705s]       |              [01;36m[K^~~[m[K
[5.705s] [01m[K/usr/local/include/opencv4/opencv2/core/mat.hpp:1020:14:[m[K [01;36m[Knote: [m[K  template argument deduction/substitution failed:
[5.706s] [01m[K/home/huang/codes/ROS_Study/src/ros_pub_sub_cv/src/pub.cpp:13:82:[m[K [01;36m[Knote: [m[K  mismatched types ‚Äò[01m[Kstd::initializer_list<_Tp>[m[K‚Äô and ‚Äò[01m[Kconst char*[m[K‚Äô
[5.706s]    13 |   MinimalPublisher(): Node("minimal_publisher"), img("/home/huang/codes/test.jpg"[01;36m[K)[m[K
[5.706s]       |                                                                                  [01;36m[K^[m[K
[5.706s] In file included from [01m[K/usr/local/include/opencv4/opencv2/core.hpp:58[m[K,
[5.706s]                  from [01m[K/usr/local/include/opencv4/opencv2/opencv.hpp:52[m[K,
[5.706s]                  from [01m[K/home/huang/codes/ROS_Study/src/ros_pub_sub_cv/src/pub.cpp:3[m[K:
[5.706s] [01m[K/usr/local/include/opencv4/opencv2/core/mat.hpp:1015:37:[m[K [01;36m[Knote: [m[Kcandidate: ‚Äò[01m[Ktemplate<class _Tp> cv::Mat::Mat(const std::vector<_Tp>&, bool)[m[K‚Äô
[5.707s]  1015 |     template<typename _Tp> explicit [01;36m[KMat[m[K(const std::vector<_Tp>& vec, bool copyData=false);
[5.707s]       |                                     [01;36m[K^~~[m[K
[5.707s] [01m[K/usr/local/include/opencv4/opencv2/core/mat.hpp:1015:37:[m[K [01;36m[Knote: [m[K  template argument deduction/substitution failed:
[5.707s] [01m[K/home/huang/codes/ROS_Study/src/ros_pub_sub_cv/src/pub.cpp:13:82:[m[K [01;36m[Knote: [m[K  mismatched types ‚Äò[01m[Kconst std::vector<_Tp>[m[K‚Äô and ‚Äò[01m[Kconst char [27][m[K‚Äô
[5.707s]    13 |   MinimalPublisher(): Node("minimal_publisher"), img("/home/huang/codes/test.jpg"[01;36m[K)[m[K
[5.707s]       |                                                                                  [01;36m[K^[m[K
[5.707s] In file included from [01m[K/usr/local/include/opencv4/opencv2/core.hpp:58[m[K,
[5.707s]                  from [01m[K/usr/local/include/opencv4/opencv2/opencv.hpp:52[m[K,
[5.708s]                  from [01m[K/home/huang/codes/ROS_Study/src/ros_pub_sub_cv/src/pub.cpp:3[m[K:
[5.708s] [01m[K/usr/local/include/opencv4/opencv2/core/mat.hpp:997:5:[m[K [01;36m[Knote: [m[Kcandidate: ‚Äò[01m[Kcv::Mat::Mat(const cv::Mat&, const std::vector<cv::Range>&)[m[K‚Äô
[5.708s]   997 |     [01;36m[KMat[m[K(const Mat& m, const std::vector<Range>& ranges);
[5.708s]       |     [01;36m[K^~~[m[K
[5.708s] [01m[K/usr/local/include/opencv4/opencv2/core/mat.hpp:997:5:[m[K [01;36m[Knote: [m[K  candidate expects 2 arguments, 1 provided
[5.708s] [01m[K/usr/local/include/opencv4/opencv2/core/mat.hpp:987:5:[m[K [01;36m[Knote: [m[Kcandidate: ‚Äò[01m[Kcv::Mat::Mat(const cv::Mat&, const cv::Range*)[m[K‚Äô
[5.708s]   987 |     [01;36m[KMat[m[K(const Mat& m, const Range* ranges);
[5.708s]       |     [01;36m[K^~~[m[K
[5.708s] [01m[K/usr/local/include/opencv4/opencv2/core/mat.hpp:987:5:[m[K [01;36m[Knote: [m[K  candidate expects 2 arguments, 1 provided
[5.709s] [01m[K/usr/local/include/opencv4/opencv2/core/mat.hpp:977:5:[m[K [01;36m[Knote: [m[Kcandidate: ‚Äò[01m[Kcv::Mat::Mat(const cv::Mat&, const Rect&)[m[K‚Äô
[5.709s]   977 |     [01;36m[KMat[m[K(const Mat& m, const Rect& roi);
[5.709s]       |     [01;36m[K^~~[m[K
[5.709s] [01m[K/usr/local/include/opencv4/opencv2/core/mat.hpp:977:5:[m[K [01;36m[Knote: [m[K  candidate expects 2 arguments, 1 provided
[5.709s] [01m[K/usr/local/include/opencv4/opencv2/core/mat.hpp:967:5:[m[K [01;36m[Knote: [m[Kcandidate: ‚Äò[01m[Kcv::Mat::Mat(const cv::Mat&, const cv::Range&, const cv::Range&)[m[K‚Äô
[5.709s]   967 |     [01;36m[KMat[m[K(const Mat& m, const Range& rowRange, const Range& colRange=Range::all());
[5.709s]       |     [01;36m[K^~~[m[K
[5.709s] [01m[K/usr/local/include/opencv4/opencv2/core/mat.hpp:967:5:[m[K [01;36m[Knote: [m[K  candidate expects 3 arguments, 1 provided
[5.709s] [01m[K/usr/local/include/opencv4/opencv2/core/mat.hpp:955:5:[m[K [01;36m[Knote: [m[Kcandidate: ‚Äò[01m[Kcv::Mat::Mat(const std::vector<int>&, int, void*, const size_t*)[m[K‚Äô
[5.709s]   955 |     [01;36m[KMat[m[K(const std::vector<int>& sizes, int type, void* data, const size_t* steps=0);
[5.709s]       |     [01;36m[K^~~[m[K
[5.709s] [01m[K/usr/local/include/opencv4/opencv2/core/mat.hpp:955:5:[m[K [01;36m[Knote: [m[K  candidate expects 4 arguments, 1 provided
[5.710s] [01m[K/usr/local/include/opencv4/opencv2/core/mat.hpp:941:5:[m[K [01;36m[Knote: [m[Kcandidate: ‚Äò[01m[Kcv::Mat::Mat(int, const int*, int, void*, const size_t*)[m[K‚Äô
[5.710s]   941 |     [01;36m[KMat[m[K(int ndims, const int* sizes, int type, void* data, const size_t* steps=0);
[5.710s]       |     [01;36m[K^~~[m[K
[5.710s] [01m[K/usr/local/include/opencv4/opencv2/core/mat.hpp:941:5:[m[K [01;36m[Knote: [m[K  candidate expects 5 arguments, 1 provided
[5.710s] [01m[K/usr/local/include/opencv4/opencv2/core/mat.hpp:926:5:[m[K [01;36m[Knote: [m[Kcandidate: ‚Äò[01m[Kcv::Mat::Mat(cv::Size, int, void*, size_t)[m[K‚Äô
[5.710s]   926 |     [01;36m[KMat[m[K(Size size, int type, void* data, size_t step=AUTO_STEP);
[5.710s]       |     [01;36m[K^~~[m[K
[5.710s] [01m[K/usr/local/include/opencv4/opencv2/core/mat.hpp:926:5:[m[K [01;36m[Knote: [m[K  candidate expects 4 arguments, 1 provided
[5.710s] [01m[K/usr/local/include/opencv4/opencv2/core/mat.hpp:910:5:[m[K [01;36m[Knote: [m[Kcandidate: ‚Äò[01m[Kcv::Mat::Mat(int, int, int, void*, size_t)[m[K‚Äô
[5.710s]   910 |     [01;36m[KMat[m[K(int rows, int cols, int type, void* data, size_t step=AUTO_STEP);
[5.711s]       |     [01;36m[K^~~[m[K
[5.711s] [01m[K/usr/local/include/opencv4/opencv2/core/mat.hpp:910:5:[m[K [01;36m[Knote: [m[K  candidate expects 5 arguments, 1 provided
[5.711s] [01m[K/usr/local/include/opencv4/opencv2/core/mat.hpp:894:5:[m[K [01;36m[Knote: [m[Kcandidate: ‚Äò[01m[Kcv::Mat::Mat(const cv::Mat&)[m[K‚Äô
[5.711s]   894 |     [01;36m[KMat[m[K(const Mat& m);
[5.711s]       |     [01;36m[K^~~[m[K
[5.711s] [01m[K/usr/local/include/opencv4/opencv2/core/mat.hpp:894:20:[m[K [01;36m[Knote: [m[K  no known conversion for argument 1 from ‚Äò[01m[Kconst char [27][m[K‚Äô to ‚Äò[01m[Kconst cv::Mat&[m[K‚Äô
[5.711s]   894 |     Mat([01;36m[Kconst Mat& m[m[K);
[5.711s]       |         [01;36m[K~~~~~~~~~~~^[m[K
[5.711s] [01m[K/usr/local/include/opencv4/opencv2/core/mat.hpp:884:5:[m[K [01;36m[Knote: [m[Kcandidate: ‚Äò[01m[Kcv::Mat::Mat(const std::vector<int>&, int, const Scalar&)[m[K‚Äô
[5.712s]   884 |     [01;36m[KMat[m[K(const std::vector<int>& sizes, int type, const Scalar& s);
[5.712s]       |     [01;36m[K^~~[m[K
[5.712s] [01m[K/usr/local/include/opencv4/opencv2/core/mat.hpp:884:5:[m[K [01;36m[Knote: [m[K  candidate expects 3 arguments, 1 provided
[5.712s] [01m[K/usr/local/include/opencv4/opencv2/core/mat.hpp:874:5:[m[K [01;36m[Knote: [m[Kcandidate: ‚Äò[01m[Kcv::Mat::Mat(int, const int*, int, const Scalar&)[m[K‚Äô
[5.712s]   874 |     [01;36m[KMat[m[K(int ndims, const int* sizes, int type, const Scalar& s);
[5.712s]       |     [01;36m[K^~~[m[K
[5.712s] [01m[K/usr/local/include/opencv4/opencv2/core/mat.hpp:874:5:[m[K [01;36m[Knote: [m[K  candidate expects 4 arguments, 1 provided
[5.712s] [01m[K/usr/local/include/opencv4/opencv2/core/mat.hpp:863:5:[m[K [01;36m[Knote: [m[Kcandidate: ‚Äò[01m[Kcv::Mat::Mat(const std::vector<int>&, int)[m[K‚Äô
[5.713s]   863 |     [01;36m[KMat[m[K(const std::vector<int>& sizes, int type);
[5.713s]       |     [01;36m[K^~~[m[K
[5.713s] [01m[K/usr/local/include/opencv4/opencv2/core/mat.hpp:863:5:[m[K [01;36m[Knote: [m[K  candidate expects 2 arguments, 1 provided
[5.713s] [01m[K/usr/local/include/opencv4/opencv2/core/mat.hpp:856:5:[m[K [01;36m[Knote: [m[Kcandidate: ‚Äò[01m[Kcv::Mat::Mat(int, const int*, int)[m[K‚Äô
[5.713s]   856 |     [01;36m[KMat[m[K(int ndims, const int* sizes, int type);
[5.713s]       |     [01;36m[K^~~[m[K
[5.713s] [01m[K/usr/local/include/opencv4/opencv2/core/mat.hpp:856:5:[m[K [01;36m[Knote: [m[K  candidate expects 3 arguments, 1 provided
[5.714s] [01m[K/usr/local/include/opencv4/opencv2/core/mat.hpp:848:5:[m[K [01;36m[Knote: [m[Kcandidate: ‚Äò[01m[Kcv::Mat::Mat(cv::Size, int, const Scalar&)[m[K‚Äô
[5.714s]   848 |     [01;36m[KMat[m[K(Size size, int type, const Scalar& s);
[5.714s]       |     [01;36m[K^~~[m[K
[5.714s] [01m[K/usr/local/include/opencv4/opencv2/core/mat.hpp:848:5:[m[K [01;36m[Knote: [m[K  candidate expects 3 arguments, 1 provided
[5.714s] [01m[K/usr/local/include/opencv4/opencv2/core/mat.hpp:837:5:[m[K [01;36m[Knote: [m[Kcandidate: ‚Äò[01m[Kcv::Mat::Mat(int, int, int, const Scalar&)[m[K‚Äô
[5.714s]   837 |     [01;36m[KMat[m[K(int rows, int cols, int type, const Scalar& s);
[5.714s]       |     [01;36m[K^~~[m[K
[5.714s] [01m[K/usr/local/include/opencv4/opencv2/core/mat.hpp:837:5:[m[K [01;36m[Knote: [m[K  candidate expects 4 arguments, 1 provided
[5.715s] [01m[K/usr/local/include/opencv4/opencv2/core/mat.hpp:826:5:[m[K [01;36m[Knote: [m[Kcandidate: ‚Äò[01m[Kcv::Mat::Mat(cv::Size, int)[m[K‚Äô
[5.715s]   826 |     [01;36m[KMat[m[K(Size size, int type);
[5.715s]       |     [01;36m[K^~~[m[K
[5.715s] [01m[K/usr/local/include/opencv4/opencv2/core/mat.hpp:826:5:[m[K [01;36m[Knote: [m[K  candidate expects 2 arguments, 1 provided
[5.715s] [01m[K/usr/local/include/opencv4/opencv2/core/mat.hpp:818:5:[m[K [01;36m[Knote: [m[Kcandidate: ‚Äò[01m[Kcv::Mat::Mat(int, int, int)[m[K‚Äô
[5.715s]   818 |     [01;36m[KMat[m[K(int rows, int cols, int type);
[5.716s]       |     [01;36m[K^~~[m[K
[5.716s] [01m[K/usr/local/include/opencv4/opencv2/core/mat.hpp:818:5:[m[K [01;36m[Knote: [m[K  candidate expects 3 arguments, 1 provided
[5.716s] [01m[K/usr/local/include/opencv4/opencv2/core/mat.hpp:810:5:[m[K [01;36m[Knote: [m[Kcandidate: ‚Äò[01m[Kcv::Mat::Mat()[m[K‚Äô
[5.716s]   810 |     [01;36m[KMat[m[K() CV_NOEXCEPT;
[5.716s]       |     [01;36m[K^~~[m[K
[5.716s] [01m[K/usr/local/include/opencv4/opencv2/core/mat.hpp:810:5:[m[K [01;36m[Knote: [m[K  candidate expects 0 arguments, 1 provided
[5.727s] [01m[K/home/huang/codes/ROS_Study/src/ros_pub_sub_cv/src/pub.cpp:[m[K In member function ‚Äò[01m[Kvoid MinimalPublisher::timer_callback()[m[K‚Äô:
[5.727s] [01m[K/home/huang/codes/ROS_Study/src/ros_pub_sub_cv/src/pub.cpp:34:21:[m[K [01;31m[Kerror: [m[Kno match for ‚Äò[01m[Koperator=[m[K‚Äô (operand types are ‚Äò[01m[Ktutorial_interfaces::msg::Picture_<std::allocator<void> >::_image_type[m[K‚Äô {aka ‚Äò[01m[Ksensor_msgs::msg::Image_<std::allocator<void> >[m[K‚Äô} and ‚Äò[01m[Kcv::Mat[m[K‚Äô)
[5.727s]    34 |     message.image = [01;31m[Kimg[m[K                                                // CHANGE
[5.727s]       |                     [01;31m[K^~~[m[K
[5.727s] In file included from [01m[K/home/huang/codes/ROS_Study/install/tutorial_interfaces/include/tutorial_interfaces/msg/detail/picture__struct.hpp:19[m[K,
[5.727s]                  from [01m[K/home/huang/codes/ROS_Study/install/tutorial_interfaces/include/tutorial_interfaces/msg/picture.hpp:7[m[K,
[5.727s]                  from [01m[K/home/huang/codes/ROS_Study/src/ros_pub_sub_cv/src/pub.cpp:5[m[K:
[5.727s] [01m[K/opt/ros/galactic/include/sensor_msgs/msg/detail/image__struct.hpp:35:8:[m[K [01;36m[Knote: [m[Kcandidate: ‚Äò[01m[Ksensor_msgs::msg::Image_<std::allocator<void> >& sensor_msgs::msg::Image_<std::allocator<void> >::operator=(const sensor_msgs::msg::Image_<std::allocator<void> >&)[m[K‚Äô
[5.727s]    35 | struct [01;36m[KImage_[m[K
[5.727s]       |        [01;36m[K^~~~~~[m[K
[5.728s] [01m[K/opt/ros/galactic/include/sensor_msgs/msg/detail/image__struct.hpp:35:8:[m[K [01;36m[Knote: [m[K  no known conversion for argument 1 from ‚Äò[01m[Kcv::Mat[m[K‚Äô to ‚Äò[01m[Kconst sensor_msgs::msg::Image_<std::allocator<void> >&[m[K‚Äô
[5.728s] [01m[K/opt/ros/galactic/include/sensor_msgs/msg/detail/image__struct.hpp:35:8:[m[K [01;36m[Knote: [m[Kcandidate: ‚Äò[01m[Ksensor_msgs::msg::Image_<std::allocator<void> >& sensor_msgs::msg::Image_<std::allocator<void> >::operator=(sensor_msgs::msg::Image_<std::allocator<void> >&&)[m[K‚Äô
[5.728s] [01m[K/opt/ros/galactic/include/sensor_msgs/msg/detail/image__struct.hpp:35:8:[m[K [01;36m[Knote: [m[K  no known conversion for argument 1 from ‚Äò[01m[Kcv::Mat[m[K‚Äô to ‚Äò[01m[Ksensor_msgs::msg::Image_<std::allocator<void> >&&[m[K‚Äô
[5.969s] [01m[K/home/huang/codes/ROS_Study/src/ros_pub_sub_cv/src/sub.cpp:[m[K In member function ‚Äò[01m[Kvoid MinimalSubscriber::topic_callback(const Picture&) const[m[K‚Äô:
[5.969s] [01m[K/home/huang/codes/ROS_Study/src/ros_pub_sub_cv/src/sub.cpp:22:28:[m[K [01;31m[Kerror: [m[Kno matching function for call to ‚Äò[01m[Kimshow(const char [6], const Picture&)[m[K‚Äô
[5.969s]    22 |     cv::imshow("video", msg[01;31m[K)[m[K;
[5.970s]       |                            [01;31m[K^[m[K
[5.970s] In file included from [01m[K/usr/local/include/opencv4/opencv2/opencv.hpp:68[m[K,
[5.971s]                  from [01m[K/home/huang/codes/ROS_Study/src/ros_pub_sub_cv/src/sub.cpp:3[m[K:
[5.971s] [01m[K/usr/local/include/opencv4/opencv2/highgui.hpp:416:19:[m[K [01;36m[Knote: [m[Kcandidate: ‚Äò[01m[Kvoid cv::imshow(const String&, cv::InputArray)[m[K‚Äô
[5.971s]   416 | CV_EXPORTS_W void [01;36m[Kimshow[m[K(const String& winname, InputArray mat);
[5.971s]       |                   [01;36m[K^~~~~~[m[K
[5.972s] [01m[K/usr/local/include/opencv4/opencv2/highgui.hpp:416:60:[m[K [01;36m[Knote: [m[K  no known conversion for argument 2 from ‚Äò[01m[Kconst Picture[m[K‚Äô {aka ‚Äò[01m[Kconst tutorial_interfaces::msg::Picture_<std::allocator<void> >[m[K‚Äô} to ‚Äò[01m[Kcv::InputArray[m[K‚Äô {aka ‚Äò[01m[Kconst cv::_InputArray&[m[K‚Äô}
[5.972s]   416 | CV_EXPORTS_W void imshow(const String& winname, [01;36m[KInputArray mat[m[K);
[5.972s]       |                                                 [01;36m[K~~~~~~~~~~~^~~[m[K
[5.972s] [01m[K/usr/local/include/opencv4/opencv2/highgui.hpp:651:17:[m[K [01;36m[Knote: [m[Kcandidate: ‚Äò[01m[Kvoid cv::imshow(const String&, const cv::ogl::Texture2D&)[m[K‚Äô
[5.973s]   651 | CV_EXPORTS void [01;36m[Kimshow[m[K(const String& winname, const ogl::Texture2D& tex);
[5.973s]       |                 [01;36m[K^~~~~~[m[K
[5.973s] [01m[K/usr/local/include/opencv4/opencv2/highgui.hpp:651:69:[m[K [01;36m[Knote: [m[K  no known conversion for argument 2 from ‚Äò[01m[Kconst Picture[m[K‚Äô {aka ‚Äò[01m[Kconst tutorial_interfaces::msg::Picture_<std::allocator<void> >[m[K‚Äô} to ‚Äò[01m[Kconst cv::ogl::Texture2D&[m[K‚Äô
[5.973s]   651 | CV_EXPORTS void imshow(const String& winname, [01;36m[Kconst ogl::Texture2D& tex[m[K);
[5.973s]       |                                               [01;36m[K~~~~~~~~~~~~~~~~~~~~~~^~~[m[K
[5.974s] [01m[K/home/huang/codes/ROS_Study/src/ros_pub_sub_cv/src/sub.cpp:24:9:[m[K [01;31m[Kerror: [m[Kbreak statement not within loop or switch
[5.974s]    24 |         [01;31m[Kbreak[m[K;
[5.974s]       |         [01;31m[K^~~~~[m[K
[9.363s] make[2]: *** [CMakeFiles/pub_node.dir/build.make:63ÔºöCMakeFiles/pub_node.dir/src/pub.cpp.o] ÈîôËØØ 1
[9.363s] make[1]: *** [CMakeFiles/Makefile2:107ÔºöCMakeFiles/pub_node.dir/all] ÈîôËØØ 2
[9.363s] make[1]: *** Ê≠£Âú®Á≠âÂæÖÊú™ÂÆåÊàêÁöÑ‰ªªÂä°....
[11.057s] make[2]: *** [CMakeFiles/sub_node.dir/build.make:63ÔºöCMakeFiles/sub_node.dir/src/sub.cpp.o] ÈîôËØØ 1
[11.057s] make[1]: *** [CMakeFiles/Makefile2:80ÔºöCMakeFiles/sub_node.dir/all] ÈîôËØØ 2
[11.057s] make: *** [Makefile:141Ôºöall] ÈîôËØØ 2
[11.060s] Invoked command in '/home/huang/codes/ROS_Study/build/ros_pub_sub_cv' returned '2': CMAKE_PREFIX_PATH=/home/huang/codes/ROS_Study/install/tutorial_interfaces:/home/huang/codes/ROS_Study/install/village_wang:/home/huang/codes/ROS_Study/install/village_li:/home/huang/codes/ROS_Study/install/village_interfaces:/home/huang/codes/ROS_Study/install/ros_pub_sub_cv:/home/huang/codes/ROS_Study/install/ros_pub_sub:/opt/ros/galactic LD_LIBRARY_PATH=/home/huang/codes/ROS_Study/install/tutorial_interfaces/lib:/home/huang/codes/ROS_Study/install/village_interfaces/lib:/opt/ros/galactic/opt/yaml_cpp_vendor/lib:/opt/ros/galactic/opt/rviz_ogre_vendor/lib:/opt/ros/galactic/lib/x86_64-linux-gnu:/opt/ros/galactic/lib PYTHONPATH=/home/huang/codes/ROS_Study/install/tutorial_interfaces/lib/python3.8/site-packages:/home/huang/codes/ROS_Study/install/village_interfaces/lib/python3.8/site-packages:/opt/ros/galactic/lib/python3.8/site-packages /usr/bin/cmake --build /home/huang/codes/ROS_Study/build/ros_pub_sub_cv -- -j8 -l8
