[0.039s] Invoking command in '/home/huang/codes/ROS_Study/build/ros_service': CMAKE_PREFIX_PATH=/home/huang/codes/ROS_Study/install/tutorial_interfaces:/home/huang/codes/ROS_Study/install/ros_service:/home/huang/codes/ROS_Study/install/village_wang:/home/huang/codes/ROS_Study/install/village_li:/home/huang/codes/ROS_Study/install/village_interfaces:/home/huang/codes/ROS_Study/install/ros_pub_sub_cv:/home/huang/codes/ROS_Study/install/ros_pub_sub:/opt/ros/galactic LD_LIBRARY_PATH=/home/huang/codes/ROS_Study/install/tutorial_interfaces/lib:/home/huang/codes/ROS_Study/install/village_interfaces/lib:/opt/ros/galactic/opt/yaml_cpp_vendor/lib:/opt/ros/galactic/opt/rviz_ogre_vendor/lib:/opt/ros/galactic/lib/x86_64-linux-gnu:/opt/ros/galactic/lib PYTHONPATH=/home/huang/codes/ROS_Study/install/tutorial_interfaces/lib/python3.8/site-packages:/home/huang/codes/ROS_Study/install/village_interfaces/lib/python3.8/site-packages:/opt/ros/galactic/lib/python3.8/site-packages /usr/bin/cmake --build /home/huang/codes/ROS_Study/build/ros_service -- -j8 -l8
[0.107s] [35m[1mScanning dependencies of target client_node[0m
[0.138s] [ 50%] Built target service_node
[0.154s] [ 75%] [32mBuilding CXX object CMakeFiles/client_node.dir/src/client_test.cpp.o[0m
[3.471s] [01m[K/home/huang/codes/ROS_Study/src/ros_service/src/client_test.cpp:[m[K In member function â€˜[01m[Kvoid MinimalClienter::send_client()[m[Kâ€™:
[3.472s] [01m[K/home/huang/codes/ROS_Study/src/ros_service/src/client_test.cpp:26:96:[m[K [01;31m[Kerror: [m[Krequest for member â€˜[01m[K_1[m[Kâ€™ in â€˜[01m[K(MinimalClienter*)this[m[Kâ€™, which is of pointer type â€˜[01m[KMinimalClienter*[m[Kâ€™ (maybe you meant to use â€˜[01m[K->[m[Kâ€™ ?)
[3.472s]    26 |     money_client->async_send_request(request, std::bind(&MinimalClienter::client_callback,this.[01;31m[K_1[m[K));
[3.472s]       |                                                                                                [01;31m[K^~[m[K
[4.790s] make[2]: *** [CMakeFiles/client_node.dir/build.make:63ï¼šCMakeFiles/client_node.dir/src/client_test.cpp.o] é”™è¯¯ 1
[4.791s] make[1]: *** [CMakeFiles/Makefile2:80ï¼šCMakeFiles/client_node.dir/all] é”™è¯¯ 2
[4.791s] make: *** [Makefile:141ï¼šall] é”™è¯¯ 2
[4.796s] Invoked command in '/home/huang/codes/ROS_Study/build/ros_service' returned '2': CMAKE_PREFIX_PATH=/home/huang/codes/ROS_Study/install/tutorial_interfaces:/home/huang/codes/ROS_Study/install/ros_service:/home/huang/codes/ROS_Study/install/village_wang:/home/huang/codes/ROS_Study/install/village_li:/home/huang/codes/ROS_Study/install/village_interfaces:/home/huang/codes/ROS_Study/install/ros_pub_sub_cv:/home/huang/codes/ROS_Study/install/ros_pub_sub:/opt/ros/galactic LD_LIBRARY_PATH=/home/huang/codes/ROS_Study/install/tutorial_interfaces/lib:/home/huang/codes/ROS_Study/install/village_interfaces/lib:/opt/ros/galactic/opt/yaml_cpp_vendor/lib:/opt/ros/galactic/opt/rviz_ogre_vendor/lib:/opt/ros/galactic/lib/x86_64-linux-gnu:/opt/ros/galactic/lib PYTHONPATH=/home/huang/codes/ROS_Study/install/tutorial_interfaces/lib/python3.8/site-packages:/home/huang/codes/ROS_Study/install/village_interfaces/lib/python3.8/site-packages:/opt/ros/galactic/lib/python3.8/site-packages /usr/bin/cmake --build /home/huang/codes/ROS_Study/build/ros_service -- -j8 -l8
