[0.047s] Invoking command in '/home/huang/codes/ROS_Study/build/ros_service': CMAKE_PREFIX_PATH=/home/huang/codes/ROS_Study/install/tutorial_interfaces:/home/huang/codes/ROS_Study/install/ros_service:/home/huang/codes/ROS_Study/install/village_wang:/home/huang/codes/ROS_Study/install/village_li:/home/huang/codes/ROS_Study/install/village_interfaces:/home/huang/codes/ROS_Study/install/ros_pub_sub_cv:/home/huang/codes/ROS_Study/install/ros_pub_sub:/opt/ros/galactic LD_LIBRARY_PATH=/home/huang/codes/ROS_Study/install/tutorial_interfaces/lib:/home/huang/codes/ROS_Study/install/village_interfaces/lib:/opt/ros/galactic/opt/yaml_cpp_vendor/lib:/opt/ros/galactic/opt/rviz_ogre_vendor/lib:/opt/ros/galactic/lib/x86_64-linux-gnu:/opt/ros/galactic/lib PYTHONPATH=/home/huang/codes/ROS_Study/install/tutorial_interfaces/lib/python3.8/site-packages:/home/huang/codes/ROS_Study/install/village_interfaces/lib/python3.8/site-packages:/opt/ros/galactic/lib/python3.8/site-packages /usr/bin/cmake --build /home/huang/codes/ROS_Study/build/ros_service -- -j8 -l8
[0.140s] [35m[1mScanning dependencies of target client_node[0m
[0.147s] [35m[1mScanning dependencies of target service_node[0m
[0.203s] [ 25%] [32mBuilding CXX object CMakeFiles/client_node.dir/src/client_test.cpp.o[0m
[0.215s] [ 50%] [32mBuilding CXX object CMakeFiles/service_node.dir/src/service_test.cpp.o[0m
[4.876s] [01m[K/home/huang/codes/ROS_Study/src/ros_service/src/client_test.cpp:[m[K In constructor â€˜[01m[KMinimalClienter::MinimalClienter()[m[Kâ€™:
[4.877s] [01m[K/home/huang/codes/ROS_Study/src/ros_service/src/client_test.cpp:14:89:[m[K [01;31m[Kerror: [m[Kexpected primary-expression before â€˜[01m[K)[m[Kâ€™ token
[4.877s]    14 |     money_client = this->create_client<tutorial_interfaces::srv::Money>("service_node", [01;31m[K)[m[K
[4.877s]       |                                                                                         [01;31m[K^[m[K
[4.878s] [01m[K/home/huang/codes/ROS_Study/src/ros_service/src/client_test.cpp:[m[K In member function â€˜[01m[Kvoid MinimalClienter::send_client()[m[Kâ€™:
[4.878s] [01m[K/home/huang/codes/ROS_Study/src/ros_service/src/client_test.cpp:20:5:[m[K [01;31m[Kerror: [m[Kexpected â€˜[01m[K;[m[Kâ€™ before â€˜[01m[Kwhile[m[Kâ€™
[4.878s]    20 |     [01;31m[Kwhile[m[K (!money_client->wait_for_service(std::chrono::seconds(1)))
[4.878s]       |     [01;31m[K^~~~~[m[K
[4.886s] [01m[K/home/huang/codes/ROS_Study/src/ros_service/src/client_test.cpp:26:96:[m[K [01;31m[Kerror: [m[Krequest for member â€˜[01m[K_1[m[Kâ€™ in â€˜[01m[K(MinimalClienter*)this[m[Kâ€™, which is of pointer type â€˜[01m[KMinimalClienter*[m[Kâ€™ (maybe you meant to use â€˜[01m[K->[m[Kâ€™ ?)
[4.886s]    26 |     money_client->async_send_request(request, std::bind(&MinimalClienter::client_callback,this.[01;31m[K_1[m[K));
[4.886s]       |                                                                                                [01;31m[K^~[m[K
[6.906s] make[2]: *** [CMakeFiles/client_node.dir/build.make:63ï¼šCMakeFiles/client_node.dir/src/client_test.cpp.o] é”™è¯¯ 1
[6.907s] make[1]: *** [CMakeFiles/Makefile2:80ï¼šCMakeFiles/client_node.dir/all] é”™è¯¯ 2
[6.907s] make[1]: *** æ­£åœ¨ç­‰å¾…æœªå®Œæˆçš„ä»»åŠ¡....
[7.729s] [ 75%] [32m[1mLinking CXX executable service_node[0m
[8.073s] [ 75%] Built target service_node
[8.077s] make: *** [Makefile:141ï¼šall] é”™è¯¯ 2
[8.080s] Invoked command in '/home/huang/codes/ROS_Study/build/ros_service' returned '2': CMAKE_PREFIX_PATH=/home/huang/codes/ROS_Study/install/tutorial_interfaces:/home/huang/codes/ROS_Study/install/ros_service:/home/huang/codes/ROS_Study/install/village_wang:/home/huang/codes/ROS_Study/install/village_li:/home/huang/codes/ROS_Study/install/village_interfaces:/home/huang/codes/ROS_Study/install/ros_pub_sub_cv:/home/huang/codes/ROS_Study/install/ros_pub_sub:/opt/ros/galactic LD_LIBRARY_PATH=/home/huang/codes/ROS_Study/install/tutorial_interfaces/lib:/home/huang/codes/ROS_Study/install/village_interfaces/lib:/opt/ros/galactic/opt/yaml_cpp_vendor/lib:/opt/ros/galactic/opt/rviz_ogre_vendor/lib:/opt/ros/galactic/lib/x86_64-linux-gnu:/opt/ros/galactic/lib PYTHONPATH=/home/huang/codes/ROS_Study/install/tutorial_interfaces/lib/python3.8/site-packages:/home/huang/codes/ROS_Study/install/village_interfaces/lib/python3.8/site-packages:/opt/ros/galactic/lib/python3.8/site-packages /usr/bin/cmake --build /home/huang/codes/ROS_Study/build/ros_service -- -j8 -l8
