[0.048s] Invoking command in '/home/huang/codes/ROS_Study/build/ros_pub_sub_cv': CMAKE_PREFIX_PATH=/home/huang/codes/ROS_Study/install/tutorial_interfaces:/home/huang/codes/ROS_Study/install/village_wang:/home/huang/codes/ROS_Study/install/village_li:/home/huang/codes/ROS_Study/install/village_interfaces:/home/huang/codes/ROS_Study/install/ros_pub_sub_cv:/home/huang/codes/ROS_Study/install/ros_pub_sub:/opt/ros/galactic LD_LIBRARY_PATH=/home/huang/codes/ROS_Study/install/tutorial_interfaces/lib:/home/huang/codes/ROS_Study/install/village_interfaces/lib:/opt/ros/galactic/opt/yaml_cpp_vendor/lib:/opt/ros/galactic/opt/rviz_ogre_vendor/lib:/opt/ros/galactic/lib/x86_64-linux-gnu:/opt/ros/galactic/lib PYTHONPATH=/home/huang/codes/ROS_Study/install/tutorial_interfaces/lib/python3.8/site-packages:/home/huang/codes/ROS_Study/install/village_interfaces/lib/python3.8/site-packages:/opt/ros/galactic/lib/python3.8/site-packages /usr/bin/cmake --build /home/huang/codes/ROS_Study/build/ros_pub_sub_cv -- -j8 -l8
[0.112s] [35m[1mScanning dependencies of target sub_node[0m
[0.144s] [ 25%] [32mBuilding CXX object CMakeFiles/pub_node.dir/src/pub.cpp.o[0m
[0.164s] [ 50%] [32mBuilding CXX object CMakeFiles/sub_node.dir/src/sub.cpp.o[0m
[3.895s] [01m[K/home/huang/codes/ROS_Study/src/ros_pub_sub_cv/src/pub.cpp:[m[K In constructor ‘[01m[KMinimalPublisher::MinimalPublisher()[m[K’:
[3.895s] [01m[K/home/huang/codes/ROS_Study/src/ros_pub_sub_cv/src/pub.cpp:14:82:[m[K [01;31m[Kerror: [m[Kno matching function for call to ‘[01m[Kcv::Mat::Mat(const char [27])[m[K’
[3.896s]    14 |   MinimalPublisher(): Node("minimal_publisher"), img("/home/huang/codes/test.jpg"[01;31m[K)[m[K
[3.896s]       |                                                                                  [01;31m[K^[m[K
[3.896s] In file included from [01m[K/usr/local/include/opencv4/opencv2/core.hpp:58[m[K,
[3.896s]                  from [01m[K/usr/local/include/opencv4/opencv2/opencv.hpp:52[m[K,
[3.896s]                  from [01m[K/home/huang/codes/ROS_Study/src/ros_pub_sub_cv/src/pub.cpp:3[m[K:
[3.896s] [01m[K/usr/local/include/opencv4/opencv2/core/mat.hpp:2091:5:[m[K [01;36m[Knote: [m[Kcandidate: ‘[01m[Kcv::Mat::Mat(cv::Mat&&)[m[K’
[3.896s]  2091 |     [01;36m[KMat[m[K(Mat&& m);
[3.896s]       |     [01;36m[K^~~[m[K
[3.897s] [01m[K/usr/local/include/opencv4/opencv2/core/mat.hpp:2091:15:[m[K [01;36m[Knote: [m[K  no known conversion for argument 1 from ‘[01m[Kconst char [27][m[K’ to ‘[01m[Kcv::Mat&&[m[K’
[3.897s]  2091 |     Mat([01;36m[KMat&& m[m[K);
[3.897s]       |         [01;36m[K~~~~~~^[m[K
[3.897s] In file included from [01m[K/usr/local/include/opencv4/opencv2/core/cuda.hpp:1268[m[K,
[3.897s]                  from [01m[K/usr/local/include/opencv4/opencv2/stitching/detail/warpers.hpp:47[m[K,
[3.897s]                  from [01m[K/usr/local/include/opencv4/opencv2/stitching/warpers.hpp:46[m[K,
[3.897s]                  from [01m[K/usr/local/include/opencv4/opencv2/stitching.hpp:48[m[K,
[3.897s]                  from [01m[K/usr/local/include/opencv4/opencv2/opencv.hpp:86[m[K,
[3.897s]                  from [01m[K/home/huang/codes/ROS_Study/src/ros_pub_sub_cv/src/pub.cpp:3[m[K:
[3.897s] [01m[K/usr/local/include/opencv4/opencv2/core/cuda.inl.hpp:713:1:[m[K [01;36m[Knote: [m[Kcandidate: ‘[01m[Kcv::Mat::Mat(const cv::cuda::GpuMat&)[m[K’
[3.898s]   713 | [01;36m[KMat[m[K::Mat(const cuda::GpuMat& m)
[3.898s]       | [01;36m[K^~~[m[K
[3.898s] [01m[K/usr/local/include/opencv4/opencv2/core/cuda.inl.hpp:713:30:[m[K [01;36m[Knote: [m[K  no known conversion for argument 1 from ‘[01m[Kconst char [27][m[K’ to ‘[01m[Kconst cv::cuda::GpuMat&[m[K’
[3.898s]   713 | Mat::Mat([01;36m[Kconst cuda::GpuMat& m[m[K)
[3.898s]       |          [01;36m[K~~~~~~~~~~~~~~~~~~~~^[m[K
[3.898s] In file included from [01m[K/usr/local/include/opencv4/opencv2/core.hpp:58[m[K,
[3.898s]                  from [01m[K/usr/local/include/opencv4/opencv2/opencv.hpp:52[m[K,
[3.899s]                  from [01m[K/home/huang/codes/ROS_Study/src/ros_pub_sub_cv/src/pub.cpp:3[m[K:
[3.899s] [01m[K/usr/local/include/opencv4/opencv2/core/mat.hpp:1048:37:[m[K [01;36m[Knote: [m[Kcandidate: ‘[01m[Ktemplate<class _Tp> cv::Mat::Mat(const cv::MatCommaInitializer_<_Tp>&)[m[K’
[3.899s]  1048 |     template<typename _Tp> explicit [01;36m[KMat[m[K(const MatCommaInitializer_<_Tp>& commaInitializer);
[3.899s]       |                                     [01;36m[K^~~[m[K
[3.899s] [01m[K/usr/local/include/opencv4/opencv2/core/mat.hpp:1048:37:[m[K [01;36m[Knote: [m[K  template argument deduction/substitution failed:
[3.899s] [01m[K/home/huang/codes/ROS_Study/src/ros_pub_sub_cv/src/pub.cpp:14:82:[m[K [01;36m[Knote: [m[K  mismatched types ‘[01m[Kconst cv::MatCommaInitializer_<_Tp>[m[K’ and ‘[01m[Kconst char [27][m[K’
[3.899s]    14 |   MinimalPublisher(): Node("minimal_publisher"), img("/home/huang/codes/test.jpg"[01;36m[K)[m[K
[3.899s]       |                                                                                  [01;36m[K^[m[K
[3.900s] In file included from [01m[K/usr/local/include/opencv4/opencv2/core.hpp:58[m[K,
[3.900s]                  from [01m[K/usr/local/include/opencv4/opencv2/opencv.hpp:52[m[K,
[3.900s]                  from [01m[K/home/huang/codes/ROS_Study/src/ros_pub_sub_cv/src/pub.cpp:3[m[K:
[3.900s] [01m[K/usr/local/include/opencv4/opencv2/core/mat.hpp:1044:37:[m[K [01;36m[Knote: [m[Kcandidate: ‘[01m[Ktemplate<class _Tp> cv::Mat::Mat(const cv::Point3_<_Tp>&, bool)[m[K’
[3.900s]  1044 |     template<typename _Tp> explicit [01;36m[KMat[m[K(const Point3_<_Tp>& pt, bool copyData=true);
[3.900s]       |                                     [01;36m[K^~~[m[K
[3.900s] [01m[K/usr/local/include/opencv4/opencv2/core/mat.hpp:1044:37:[m[K [01;36m[Knote: [m[K  template argument deduction/substitution failed:
[3.900s] [01m[K/home/huang/codes/ROS_Study/src/ros_pub_sub_cv/src/pub.cpp:14:82:[m[K [01;36m[Knote: [m[K  mismatched types ‘[01m[Kconst cv::Point3_<_Tp>[m[K’ and ‘[01m[Kconst char [27][m[K’
[3.901s]    14 |   MinimalPublisher(): Node("minimal_publisher"), img("/home/huang/codes/test.jpg"[01;36m[K)[m[K
[3.901s]       |                                                                                  [01;36m[K^[m[K
[3.901s] In file included from [01m[K/usr/local/include/opencv4/opencv2/core.hpp:58[m[K,
[3.901s]                  from [01m[K/usr/local/include/opencv4/opencv2/opencv.hpp:52[m[K,
[3.901s]                  from [01m[K/home/huang/codes/ROS_Study/src/ros_pub_sub_cv/src/pub.cpp:3[m[K:
[3.901s] [01m[K/usr/local/include/opencv4/opencv2/core/mat.hpp:1040:37:[m[K [01;36m[Knote: [m[Kcandidate: ‘[01m[Ktemplate<class _Tp> cv::Mat::Mat(const cv::Point_<_Tp>&, bool)[m[K’
[3.901s]  1040 |     template<typename _Tp> explicit [01;36m[KMat[m[K(const Point_<_Tp>& pt, bool copyData=true);
[3.901s]       |                                     [01;36m[K^~~[m[K
[3.901s] [01m[K/usr/local/include/opencv4/opencv2/core/mat.hpp:1040:37:[m[K [01;36m[Knote: [m[K  template argument deduction/substitution failed:
[3.902s] [01m[K/home/huang/codes/ROS_Study/src/ros_pub_sub_cv/src/pub.cpp:14:82:[m[K [01;36m[Knote: [m[K  mismatched types ‘[01m[Kconst cv::Point_<_Tp>[m[K’ and ‘[01m[Kconst char [27][m[K’
[3.902s]    14 |   MinimalPublisher(): Node("minimal_publisher"), img("/home/huang/codes/test.jpg"[01;36m[K)[m[K
[3.902s]       |                                                                                  [01;36m[K^[m[K
[3.902s] In file included from [01m[K/usr/local/include/opencv4/opencv2/core.hpp:58[m[K,
[3.902s]                  from [01m[K/usr/local/include/opencv4/opencv2/opencv.hpp:52[m[K,
[3.902s]                  from [01m[K/home/huang/codes/ROS_Study/src/ros_pub_sub_cv/src/pub.cpp:3[m[K:
[3.902s] [01m[K/usr/local/include/opencv4/opencv2/core/mat.hpp:1036:51:[m[K [01;36m[Knote: [m[Kcandidate: ‘[01m[Ktemplate<class _Tp, int m, int n> cv::Mat::Mat(const cv::Matx<_Tp, m, n>&, bool)[m[K’
[3.902s]  1036 |     template<typename _Tp, int m, int n> explicit [01;36m[KMat[m[K(const Matx<_Tp, m, n>& mtx, bool copyData=true);
[3.902s]       |                                                   [01;36m[K^~~[m[K
[3.903s] [01m[K/usr/local/include/opencv4/opencv2/core/mat.hpp:1036:51:[m[K [01;36m[Knote: [m[K  template argument deduction/substitution failed:
[3.903s] [01m[K/home/huang/codes/ROS_Study/src/ros_pub_sub_cv/src/pub.cpp:14:82:[m[K [01;36m[Knote: [m[K  mismatched types ‘[01m[Kconst cv::Matx<_Tp, m, n>[m[K’ and ‘[01m[Kconst char [27][m[K’
[3.903s]    14 |   MinimalPublisher(): Node("minimal_publisher"), img("/home/huang/codes/test.jpg"[01;36m[K)[m[K
[3.903s]       |                                                                                  [01;36m[K^[m[K
[3.903s] In file included from [01m[K/usr/local/include/opencv4/opencv2/core.hpp:58[m[K,
[3.903s]                  from [01m[K/usr/local/include/opencv4/opencv2/opencv.hpp:52[m[K,
[3.903s]                  from [01m[K/home/huang/codes/ROS_Study/src/ros_pub_sub_cv/src/pub.cpp:3[m[K:
[3.903s] [01m[K/usr/local/include/opencv4/opencv2/core/mat.hpp:1032:44:[m[K [01;36m[Knote: [m[Kcandidate: ‘[01m[Ktemplate<class _Tp, int n> cv::Mat::Mat(const cv::Vec<_Tp, m>&, bool)[m[K’
[3.904s]  1032 |     template<typename _Tp, int n> explicit [01;36m[KMat[m[K(const Vec<_Tp, n>& vec, bool copyData=true);
[3.904s]       |                                            [01;36m[K^~~[m[K
[3.904s] [01m[K/usr/local/include/opencv4/opencv2/core/mat.hpp:1032:44:[m[K [01;36m[Knote: [m[K  template argument deduction/substitution failed:
[3.904s] [01m[K/home/huang/codes/ROS_Study/src/ros_pub_sub_cv/src/pub.cpp:14:82:[m[K [01;36m[Knote: [m[K  mismatched types ‘[01m[Kconst cv::Vec<_Tp, m>[m[K’ and ‘[01m[Kconst char [27][m[K’
[3.904s]    14 |   MinimalPublisher(): Node("minimal_publisher"), img("/home/huang/codes/test.jpg"[01;36m[K)[m[K
[3.905s]       |                                                                                  [01;36m[K^[m[K
[3.905s] In file included from [01m[K/usr/local/include/opencv4/opencv2/core.hpp:58[m[K,
[3.905s]                  from [01m[K/usr/local/include/opencv4/opencv2/opencv.hpp:52[m[K,
[3.905s]                  from [01m[K/home/huang/codes/ROS_Study/src/ros_pub_sub_cv/src/pub.cpp:3[m[K:
[3.905s] [01m[K/usr/local/include/opencv4/opencv2/core/mat.hpp:1028:49:[m[K [01;36m[Knote: [m[Kcandidate: ‘[01m[Ktemplate<class _Tp, long unsigned int _Nm> cv::Mat::Mat(const std::array<_Tp, _Nm>&, bool)[m[K’
[3.905s]  1028 |     template<typename _Tp, size_t _Nm> explicit [01;36m[KMat[m[K(const std::array<_Tp, _Nm>& arr, bool copyData=false);
[3.906s]       |                                                 [01;36m[K^~~[m[K
[3.906s] [01m[K/usr/local/include/opencv4/opencv2/core/mat.hpp:1028:49:[m[K [01;36m[Knote: [m[K  template argument deduction/substitution failed:
[3.906s] [01m[K/home/huang/codes/ROS_Study/src/ros_pub_sub_cv/src/pub.cpp:14:82:[m[K [01;36m[Knote: [m[K  mismatched types ‘[01m[Kconst std::array<_Tp, _Nm>[m[K’ and ‘[01m[Kconst char [27][m[K’
[3.906s]    14 |   MinimalPublisher(): Node("minimal_publisher"), img("/home/huang/codes/test.jpg"[01;36m[K)[m[K
[3.906s]       |                                                                                  [01;36m[K^[m[K
[3.907s] In file included from [01m[K/usr/local/include/opencv4/opencv2/core.hpp:58[m[K,
[3.907s]                  from [01m[K/usr/local/include/opencv4/opencv2/opencv.hpp:52[m[K,
[3.907s]                  from [01m[K/home/huang/codes/ROS_Study/src/ros_pub_sub_cv/src/pub.cpp:3[m[K:
[3.907s] [01m[K/usr/local/include/opencv4/opencv2/core/mat.hpp:1024:37:[m[K [01;36m[Knote: [m[Kcandidate: ‘[01m[Ktemplate<class _Tp> cv::Mat::Mat(std::initializer_list<int>, std::initializer_list<_Tp>)[m[K’
[3.907s]  1024 |     template<typename _Tp> explicit [01;36m[KMat[m[K(const std::initializer_list<int> sizes, const std::initializer_list<_Tp> list);
[3.907s]       |                                     [01;36m[K^~~[m[K
[3.908s] [01m[K/usr/local/include/opencv4/opencv2/core/mat.hpp:1024:37:[m[K [01;36m[Knote: [m[K  template argument deduction/substitution failed:
[3.908s] [01m[K/home/huang/codes/ROS_Study/src/ros_pub_sub_cv/src/pub.cpp:14:82:[m[K [01;36m[Knote: [m[K  candidate expects 2 arguments, 1 provided
[3.908s]    14 |   MinimalPublisher(): Node("minimal_publisher"), img("/home/huang/codes/test.jpg"[01;36m[K)[m[K
[3.908s]       |                                                                                  [01;36m[K^[m[K
[3.908s] In file included from [01m[K/usr/local/include/opencv4/opencv2/core.hpp:58[m[K,
[3.908s]                  from [01m[K/usr/local/include/opencv4/opencv2/opencv.hpp:52[m[K,
[3.909s]                  from [01m[K/home/huang/codes/ROS_Study/src/ros_pub_sub_cv/src/pub.cpp:3[m[K:
[3.909s] [01m[K/usr/local/include/opencv4/opencv2/core/mat.hpp:1020:14:[m[K [01;36m[Knote: [m[Kcandidate: ‘[01m[Ktemplate<class _Tp, class> cv::Mat::Mat(std::initializer_list<_Tp>)[m[K’
[3.909s]  1020 |     explicit [01;36m[KMat[m[K(const std::initializer_list<_Tp> list);
[3.909s]       |              [01;36m[K^~~[m[K
[3.909s] [01m[K/usr/local/include/opencv4/opencv2/core/mat.hpp:1020:14:[m[K [01;36m[Knote: [m[K  template argument deduction/substitution failed:
[3.909s] [01m[K/home/huang/codes/ROS_Study/src/ros_pub_sub_cv/src/pub.cpp:14:82:[m[K [01;36m[Knote: [m[K  mismatched types ‘[01m[Kstd::initializer_list<_Tp>[m[K’ and ‘[01m[Kconst char*[m[K’
[3.910s]    14 |   MinimalPublisher(): Node("minimal_publisher"), img("/home/huang/codes/test.jpg"[01;36m[K)[m[K
[3.910s]       |                                                                                  [01;36m[K^[m[K
[3.910s] In file included from [01m[K/usr/local/include/opencv4/opencv2/core.hpp:58[m[K,
[3.910s]                  from [01m[K/usr/local/include/opencv4/opencv2/opencv.hpp:52[m[K,
[3.910s]                  from [01m[K/home/huang/codes/ROS_Study/src/ros_pub_sub_cv/src/pub.cpp:3[m[K:
[3.910s] [01m[K/usr/local/include/opencv4/opencv2/core/mat.hpp:1015:37:[m[K [01;36m[Knote: [m[Kcandidate: ‘[01m[Ktemplate<class _Tp> cv::Mat::Mat(const std::vector<_Tp>&, bool)[m[K’
[3.911s]  1015 |     template<typename _Tp> explicit [01;36m[KMat[m[K(const std::vector<_Tp>& vec, bool copyData=false);
[3.911s]       |                                     [01;36m[K^~~[m[K
[3.911s] [01m[K/usr/local/include/opencv4/opencv2/core/mat.hpp:1015:37:[m[K [01;36m[Knote: [m[K  template argument deduction/substitution failed:
[3.911s] [01m[K/home/huang/codes/ROS_Study/src/ros_pub_sub_cv/src/pub.cpp:14:82:[m[K [01;36m[Knote: [m[K  mismatched types ‘[01m[Kconst std::vector<_Tp>[m[K’ and ‘[01m[Kconst char [27][m[K’
[3.911s]    14 |   MinimalPublisher(): Node("minimal_publisher"), img("/home/huang/codes/test.jpg"[01;36m[K)[m[K
[3.911s]       |                                                                                  [01;36m[K^[m[K
[3.912s] In file included from [01m[K/usr/local/include/opencv4/opencv2/core.hpp:58[m[K,
[3.912s]                  from [01m[K/usr/local/include/opencv4/opencv2/opencv.hpp:52[m[K,
[3.912s]                  from [01m[K/home/huang/codes/ROS_Study/src/ros_pub_sub_cv/src/pub.cpp:3[m[K:
[3.912s] [01m[K/usr/local/include/opencv4/opencv2/core/mat.hpp:997:5:[m[K [01;36m[Knote: [m[Kcandidate: ‘[01m[Kcv::Mat::Mat(const cv::Mat&, const std::vector<cv::Range>&)[m[K’
[3.912s]   997 |     [01;36m[KMat[m[K(const Mat& m, const std::vector<Range>& ranges);
[3.912s]       |     [01;36m[K^~~[m[K
[3.912s] [01m[K/usr/local/include/opencv4/opencv2/core/mat.hpp:997:5:[m[K [01;36m[Knote: [m[K  candidate expects 2 arguments, 1 provided
[3.913s] [01m[K/usr/local/include/opencv4/opencv2/core/mat.hpp:987:5:[m[K [01;36m[Knote: [m[Kcandidate: ‘[01m[Kcv::Mat::Mat(const cv::Mat&, const cv::Range*)[m[K’
[3.913s]   987 |     [01;36m[KMat[m[K(const Mat& m, const Range* ranges);
[3.913s]       |     [01;36m[K^~~[m[K
[3.913s] [01m[K/usr/local/include/opencv4/opencv2/core/mat.hpp:987:5:[m[K [01;36m[Knote: [m[K  candidate expects 2 arguments, 1 provided
[3.913s] [01m[K/usr/local/include/opencv4/opencv2/core/mat.hpp:977:5:[m[K [01;36m[Knote: [m[Kcandidate: ‘[01m[Kcv::Mat::Mat(const cv::Mat&, const Rect&)[m[K’
[3.913s]   977 |     [01;36m[KMat[m[K(const Mat& m, const Rect& roi);
[3.913s]       |     [01;36m[K^~~[m[K
[3.914s] [01m[K/usr/local/include/opencv4/opencv2/core/mat.hpp:977:5:[m[K [01;36m[Knote: [m[K  candidate expects 2 arguments, 1 provided
[3.914s] [01m[K/usr/local/include/opencv4/opencv2/core/mat.hpp:967:5:[m[K [01;36m[Knote: [m[Kcandidate: ‘[01m[Kcv::Mat::Mat(const cv::Mat&, const cv::Range&, const cv::Range&)[m[K’
[3.914s]   967 |     [01;36m[KMat[m[K(const Mat& m, const Range& rowRange, const Range& colRange=Range::all());
[3.914s]       |     [01;36m[K^~~[m[K
[3.914s] [01m[K/usr/local/include/opencv4/opencv2/core/mat.hpp:967:5:[m[K [01;36m[Knote: [m[K  candidate expects 3 arguments, 1 provided
[3.914s] [01m[K/usr/local/include/opencv4/opencv2/core/mat.hpp:955:5:[m[K [01;36m[Knote: [m[Kcandidate: ‘[01m[Kcv::Mat::Mat(const std::vector<int>&, int, void*, const size_t*)[m[K’
[3.914s]   955 |     [01;36m[KMat[m[K(const std::vector<int>& sizes, int type, void* data, const size_t* steps=0);
[3.915s]       |     [01;36m[K^~~[m[K
[3.915s] [01m[K/usr/local/include/opencv4/opencv2/core/mat.hpp:955:5:[m[K [01;36m[Knote: [m[K  candidate expects 4 arguments, 1 provided
[3.915s] [01m[K/usr/local/include/opencv4/opencv2/core/mat.hpp:941:5:[m[K [01;36m[Knote: [m[Kcandidate: ‘[01m[Kcv::Mat::Mat(int, const int*, int, void*, const size_t*)[m[K’
[3.915s]   941 |     [01;36m[KMat[m[K(int ndims, const int* sizes, int type, void* data, const size_t* steps=0);
[3.915s]       |     [01;36m[K^~~[m[K
[3.915s] [01m[K/usr/local/include/opencv4/opencv2/core/mat.hpp:941:5:[m[K [01;36m[Knote: [m[K  candidate expects 5 arguments, 1 provided
[3.915s] [01m[K/usr/local/include/opencv4/opencv2/core/mat.hpp:926:5:[m[K [01;36m[Knote: [m[Kcandidate: ‘[01m[Kcv::Mat::Mat(cv::Size, int, void*, size_t)[m[K’
[3.916s]   926 |     [01;36m[KMat[m[K(Size size, int type, void* data, size_t step=AUTO_STEP);
[3.916s]       |     [01;36m[K^~~[m[K
[3.916s] [01m[K/usr/local/include/opencv4/opencv2/core/mat.hpp:926:5:[m[K [01;36m[Knote: [m[K  candidate expects 4 arguments, 1 provided
[3.916s] [01m[K/usr/local/include/opencv4/opencv2/core/mat.hpp:910:5:[m[K [01;36m[Knote: [m[Kcandidate: ‘[01m[Kcv::Mat::Mat(int, int, int, void*, size_t)[m[K’
[3.916s]   910 |     [01;36m[KMat[m[K(int rows, int cols, int type, void* data, size_t step=AUTO_STEP);
[3.916s]       |     [01;36m[K^~~[m[K
[3.916s] [01m[K/usr/local/include/opencv4/opencv2/core/mat.hpp:910:5:[m[K [01;36m[Knote: [m[K  candidate expects 5 arguments, 1 provided
[3.916s] [01m[K/usr/local/include/opencv4/opencv2/core/mat.hpp:894:5:[m[K [01;36m[Knote: [m[Kcandidate: ‘[01m[Kcv::Mat::Mat(const cv::Mat&)[m[K’
[3.916s]   894 |     [01;36m[KMat[m[K(const Mat& m);
[3.917s]       |     [01;36m[K^~~[m[K
[3.917s] [01m[K/usr/local/include/opencv4/opencv2/core/mat.hpp:894:20:[m[K [01;36m[Knote: [m[K  no known conversion for argument 1 from ‘[01m[Kconst char [27][m[K’ to ‘[01m[Kconst cv::Mat&[m[K’
[3.917s]   894 |     Mat([01;36m[Kconst Mat& m[m[K);
[3.917s]       |         [01;36m[K~~~~~~~~~~~^[m[K
[3.917s] [01m[K/usr/local/include/opencv4/opencv2/core/mat.hpp:884:5:[m[K [01;36m[Knote: [m[Kcandidate: ‘[01m[Kcv::Mat::Mat(const std::vector<int>&, int, const Scalar&)[m[K’
[3.917s]   884 |     [01;36m[KMat[m[K(const std::vector<int>& sizes, int type, const Scalar& s);
[3.917s]       |     [01;36m[K^~~[m[K
[3.918s] [01m[K/usr/local/include/opencv4/opencv2/core/mat.hpp:884:5:[m[K [01;36m[Knote: [m[K  candidate expects 3 arguments, 1 provided
[3.918s] [01m[K/usr/local/include/opencv4/opencv2/core/mat.hpp:874:5:[m[K [01;36m[Knote: [m[Kcandidate: ‘[01m[Kcv::Mat::Mat(int, const int*, int, const Scalar&)[m[K’
[3.918s]   874 |     [01;36m[KMat[m[K(int ndims, const int* sizes, int type, const Scalar& s);
[3.918s]       |     [01;36m[K^~~[m[K
[3.918s] [01m[K/usr/local/include/opencv4/opencv2/core/mat.hpp:874:5:[m[K [01;36m[Knote: [m[K  candidate expects 4 arguments, 1 provided
[3.918s] [01m[K/usr/local/include/opencv4/opencv2/core/mat.hpp:863:5:[m[K [01;36m[Knote: [m[Kcandidate: ‘[01m[Kcv::Mat::Mat(const std::vector<int>&, int)[m[K’
[3.919s]   863 |     [01;36m[KMat[m[K(const std::vector<int>& sizes, int type);
[3.919s]       |     [01;36m[K^~~[m[K
[3.919s] [01m[K/usr/local/include/opencv4/opencv2/core/mat.hpp:863:5:[m[K [01;36m[Knote: [m[K  candidate expects 2 arguments, 1 provided
[3.919s] [01m[K/usr/local/include/opencv4/opencv2/core/mat.hpp:856:5:[m[K [01;36m[Knote: [m[Kcandidate: ‘[01m[Kcv::Mat::Mat(int, const int*, int)[m[K’
[3.919s]   856 |     [01;36m[KMat[m[K(int ndims, const int* sizes, int type);
[3.920s]       |     [01;36m[K^~~[m[K
[3.920s] [01m[K/usr/local/include/opencv4/opencv2/core/mat.hpp:856:5:[m[K [01;36m[Knote: [m[K  candidate expects 3 arguments, 1 provided
[3.920s] [01m[K/usr/local/include/opencv4/opencv2/core/mat.hpp:848:5:[m[K [01;36m[Knote: [m[Kcandidate: ‘[01m[Kcv::Mat::Mat(cv::Size, int, const Scalar&)[m[K’
[3.920s]   848 |     [01;36m[KMat[m[K(Size size, int type, const Scalar& s);
[3.920s]       |     [01;36m[K^~~[m[K
[3.921s] [01m[K/usr/local/include/opencv4/opencv2/core/mat.hpp:848:5:[m[K [01;36m[Knote: [m[K  candidate expects 3 arguments, 1 provided
[3.921s] [01m[K/usr/local/include/opencv4/opencv2/core/mat.hpp:837:5:[m[K [01;36m[Knote: [m[Kcandidate: ‘[01m[Kcv::Mat::Mat(int, int, int, const Scalar&)[m[K’
[3.921s]   837 |     [01;36m[KMat[m[K(int rows, int cols, int type, const Scalar& s);
[3.921s]       |     [01;36m[K^~~[m[K
[3.921s] [01m[K/usr/local/include/opencv4/opencv2/core/mat.hpp:837:5:[m[K [01;36m[Knote: [m[K  candidate expects 4 arguments, 1 provided
[3.922s] [01m[K/usr/local/include/opencv4/opencv2/core/mat.hpp:826:5:[m[K [01;36m[Knote: [m[Kcandidate: ‘[01m[Kcv::Mat::Mat(cv::Size, int)[m[K’
[3.922s]   826 |     [01;36m[KMat[m[K(Size size, int type);
[3.922s]       |     [01;36m[K^~~[m[K
[3.922s] [01m[K/usr/local/include/opencv4/opencv2/core/mat.hpp:826:5:[m[K [01;36m[Knote: [m[K  candidate expects 2 arguments, 1 provided
[3.922s] [01m[K/usr/local/include/opencv4/opencv2/core/mat.hpp:818:5:[m[K [01;36m[Knote: [m[Kcandidate: ‘[01m[Kcv::Mat::Mat(int, int, int)[m[K’
[3.923s]   818 |     [01;36m[KMat[m[K(int rows, int cols, int type);
[3.923s]       |     [01;36m[K^~~[m[K
[3.923s] [01m[K/usr/local/include/opencv4/opencv2/core/mat.hpp:818:5:[m[K [01;36m[Knote: [m[K  candidate expects 3 arguments, 1 provided
[3.923s] [01m[K/usr/local/include/opencv4/opencv2/core/mat.hpp:810:5:[m[K [01;36m[Knote: [m[Kcandidate: ‘[01m[Kcv::Mat::Mat()[m[K’
[3.923s]   810 |     [01;36m[KMat[m[K() CV_NOEXCEPT;
[3.924s]       |     [01;36m[K^~~[m[K
[3.924s] [01m[K/usr/local/include/opencv4/opencv2/core/mat.hpp:810:5:[m[K [01;36m[Knote: [m[K  candidate expects 0 arguments, 1 provided
[3.929s] [01m[K/home/huang/codes/ROS_Study/src/ros_pub_sub_cv/src/pub.cpp:[m[K In member function ‘[01m[Kvoid MinimalPublisher::timer_callback()[m[K’:
[3.930s] [01m[K/home/huang/codes/ROS_Study/src/ros_pub_sub_cv/src/pub.cpp:35:50:[m[K [01;31m[Kerror: [m[K‘[01m[KHeader[m[K’ is not a member of ‘[01m[Kstd_msgs[m[K’; did you mean ‘[01m[Kstd_msgs::msg::Header[m[K’?
[3.930s]    35 |     message.image = cv_bridge::CvImage(std_msgs::[01;31m[KHeader[m[K(), "bgr8", img).toImageMsg();                                                // CHANGE
[3.930s]       |                                                  [01;31m[K^~~~~~[m[K
[3.930s] In file included from [01m[K/opt/ros/galactic/include/sensor_msgs/msg/detail/image__struct.hpp:19[m[K,
[3.931s]                  from [01m[K/opt/ros/galactic/include/sensor_msgs/msg/image.hpp:7[m[K,
[3.931s]                  from [01m[K/opt/ros/galactic/include/cv_bridge/cv_bridge.h:40[m[K,
[3.931s]                  from [01m[K/home/huang/codes/ROS_Study/src/ros_pub_sub_cv/src/pub.cpp:4[m[K:
[3.931s] [01m[K/opt/ros/galactic/include/std_msgs/msg/detail/header__struct.hpp:139:7:[m[K [01;36m[Knote: [m[K‘[01m[Kstd_msgs::msg::Header[m[K’ declared here
[3.931s]   139 | using [01;36m[KHeader[m[K =
[3.931s]       |       [01;36m[K^~~~~~[m[K
[3.965s] [01m[K/home/huang/codes/ROS_Study/src/ros_pub_sub_cv/src/sub.cpp:[m[K In member function ‘[01m[Kvoid MinimalSubscriber::topic_callback(const Picture&) const[m[K’:
[3.965s] [01m[K/home/huang/codes/ROS_Study/src/ros_pub_sub_cv/src/sub.cpp:22:95:[m[K [01;31m[Kerror: [m[Kno matching function for call to ‘[01m[KtoCvCopy(const Picture&, const char [5])[m[K’
[3.965s]    22 |     cv_bridge::CvImagePtr cv_ptr = cv_bridge::toCvCopy(msg, sensor_msgs::image_encodings::BGR8[01;31m[K)[m[K;
[3.965s]       |                                                                                               [01;31m[K^[m[K
[3.965s] In file included from [01m[K/home/huang/codes/ROS_Study/src/ros_pub_sub_cv/src/sub.cpp:4[m[K:
[3.966s] [01m[K/opt/ros/galactic/include/cv_bridge/cv_bridge.h:177:29:[m[K [01;36m[Knote: [m[Kcandidate: ‘[01m[Kcv_bridge::CvImagePtr cv_bridge::toCvCopy(const ConstSharedPtr&, const string&)[m[K’
[3.966s]   177 | CV_BRIDGE_EXPORT CvImagePtr [01;36m[KtoCvCopy[m[K(
[3.966s]       |                             [01;36m[K^~~~~~~~[m[K
[3.966s] [01m[K/opt/ros/galactic/include/cv_bridge/cv_bridge.h:178:51:[m[K [01;36m[Knote: [m[K  no known conversion for argument 1 from ‘[01m[Kconst Picture[m[K’ {aka ‘[01m[Kconst tutorial_interfaces::msg::Picture_<std::allocator<void> >[m[K’} to ‘[01m[Kconst ConstSharedPtr&[m[K’ {aka ‘[01m[Kconst std::shared_ptr<const sensor_msgs::msg::Image_<std::allocator<void> > >&[m[K’}
[3.966s]   178 |   [01;36m[Kconst sensor_msgs::msg::Image::ConstSharedPtr & source[m[K,
[3.966s]       |   [01;36m[K~~~~~~~~~~~~~~~~~~~~~~~~~~~~~~~~~~~~~~~~~~~~~~~~^~~~~~[m[K
[3.966s] [01m[K/opt/ros/galactic/include/cv_bridge/cv_bridge.h:181:29:[m[K [01;36m[Knote: [m[Kcandidate: ‘[01m[Kcv_bridge::CvImagePtr cv_bridge::toCvCopy(const ConstSharedPtr&, const string&)[m[K’
[3.967s]   181 | CV_BRIDGE_EXPORT CvImagePtr [01;36m[KtoCvCopy[m[K(
[3.967s]       |                             [01;36m[K^~~~~~~~[m[K
[3.967s] [01m[K/opt/ros/galactic/include/cv_bridge/cv_bridge.h:182:61:[m[K [01;36m[Knote: [m[K  no known conversion for argument 1 from ‘[01m[Kconst Picture[m[K’ {aka ‘[01m[Kconst tutorial_interfaces::msg::Picture_<std::allocator<void> >[m[K’} to ‘[01m[Kconst ConstSharedPtr&[m[K’ {aka ‘[01m[Kconst std::shared_ptr<const sensor_msgs::msg::CompressedImage_<std::allocator<void> > >&[m[K’}
[3.967s]   182 |   [01;36m[Kconst sensor_msgs::msg::CompressedImage::ConstSharedPtr & source[m[K,
[3.967s]       |   [01;36m[K~~~~~~~~~~~~~~~~~~~~~~~~~~~~~~~~~~~~~~~~~~~~~~~~~~~~~~~~~~^~~~~~[m[K
[3.967s] [01m[K/opt/ros/galactic/include/cv_bridge/cv_bridge.h:204:29:[m[K [01;36m[Knote: [m[Kcandidate: ‘[01m[Kcv_bridge::CvImagePtr cv_bridge::toCvCopy(const Image&, const string&)[m[K’
[3.967s]   204 | CV_BRIDGE_EXPORT CvImagePtr [01;36m[KtoCvCopy[m[K(
[3.967s]       |                             [01;36m[K^~~~~~~~[m[K
[3.968s] [01m[K/opt/ros/galactic/include/cv_bridge/cv_bridge.h:205:35:[m[K [01;36m[Knote: [m[K  no known conversion for argument 1 from ‘[01m[Kconst Picture[m[K’ {aka ‘[01m[Kconst tutorial_interfaces::msg::Picture_<std::allocator<void> >[m[K’} to ‘[01m[Kconst Image&[m[K’ {aka ‘[01m[Kconst sensor_msgs::msg::Image_<std::allocator<void> >&[m[K’}
[3.968s]   205 |   [01;36m[Kconst sensor_msgs::msg::Image & source[m[K,
[3.968s]       |   [01;36m[K~~~~~~~~~~~~~~~~~~~~~~~~~~~~~~~~^~~~~~[m[K
[3.968s] [01m[K/opt/ros/galactic/include/cv_bridge/cv_bridge.h:208:29:[m[K [01;36m[Knote: [m[Kcandidate: ‘[01m[Kcv_bridge::CvImagePtr cv_bridge::toCvCopy(const CompressedImage&, const string&)[m[K’
[3.968s]   208 | CV_BRIDGE_EXPORT CvImagePtr [01;36m[KtoCvCopy[m[K(
[3.968s]       |                             [01;36m[K^~~~~~~~[m[K
[3.968s] [01m[K/opt/ros/galactic/include/cv_bridge/cv_bridge.h:209:45:[m[K [01;36m[Knote: [m[K  no known conversion for argument 1 from ‘[01m[Kconst Picture[m[K’ {aka ‘[01m[Kconst tutorial_interfaces::msg::Picture_<std::allocator<void> >[m[K’} to ‘[01m[Kconst CompressedImage&[m[K’ {aka ‘[01m[Kconst sensor_msgs::msg::CompressedImage_<std::allocator<void> >&[m[K’}
[3.968s]   209 |   [01;36m[Kconst sensor_msgs::msg::CompressedImage & source[m[K,
[3.969s]       |   [01;36m[K~~~~~~~~~~~~~~~~~~~~~~~~~~~~~~~~~~~~~~~~~~^~~~~~[m[K
[6.688s] make[2]: *** [CMakeFiles/pub_node.dir/build.make:63：CMakeFiles/pub_node.dir/src/pub.cpp.o] 错误 1
[6.688s] make[1]: *** [CMakeFiles/Makefile2:107：CMakeFiles/pub_node.dir/all] 错误 2
[6.688s] make[1]: *** 正在等待未完成的任务....
[7.576s] make[2]: *** [CMakeFiles/sub_node.dir/build.make:63：CMakeFiles/sub_node.dir/src/sub.cpp.o] 错误 1
[7.576s] make[1]: *** [CMakeFiles/Makefile2:80：CMakeFiles/sub_node.dir/all] 错误 2
[7.577s] make: *** [Makefile:141：all] 错误 2
[7.579s] Invoked command in '/home/huang/codes/ROS_Study/build/ros_pub_sub_cv' returned '2': CMAKE_PREFIX_PATH=/home/huang/codes/ROS_Study/install/tutorial_interfaces:/home/huang/codes/ROS_Study/install/village_wang:/home/huang/codes/ROS_Study/install/village_li:/home/huang/codes/ROS_Study/install/village_interfaces:/home/huang/codes/ROS_Study/install/ros_pub_sub_cv:/home/huang/codes/ROS_Study/install/ros_pub_sub:/opt/ros/galactic LD_LIBRARY_PATH=/home/huang/codes/ROS_Study/install/tutorial_interfaces/lib:/home/huang/codes/ROS_Study/install/village_interfaces/lib:/opt/ros/galactic/opt/yaml_cpp_vendor/lib:/opt/ros/galactic/opt/rviz_ogre_vendor/lib:/opt/ros/galactic/lib/x86_64-linux-gnu:/opt/ros/galactic/lib PYTHONPATH=/home/huang/codes/ROS_Study/install/tutorial_interfaces/lib/python3.8/site-packages:/home/huang/codes/ROS_Study/install/village_interfaces/lib/python3.8/site-packages:/opt/ros/galactic/lib/python3.8/site-packages /usr/bin/cmake --build /home/huang/codes/ROS_Study/build/ros_pub_sub_cv -- -j8 -l8
