[0.043s] Invoking command in '/home/huang/codes/ROS_Study/build/ros_pub_sub_cv': CMAKE_PREFIX_PATH=/home/huang/codes/ROS_Study/install/tutorial_interfaces:/home/huang/codes/ROS_Study/install/village_wang:/home/huang/codes/ROS_Study/install/village_li:/home/huang/codes/ROS_Study/install/village_interfaces:/home/huang/codes/ROS_Study/install/ros_pub_sub_cv:/home/huang/codes/ROS_Study/install/ros_pub_sub:/opt/ros/galactic LD_LIBRARY_PATH=/home/huang/codes/ROS_Study/install/tutorial_interfaces/lib:/home/huang/codes/ROS_Study/install/village_interfaces/lib:/opt/ros/galactic/opt/yaml_cpp_vendor/lib:/opt/ros/galactic/opt/rviz_ogre_vendor/lib:/opt/ros/galactic/lib/x86_64-linux-gnu:/opt/ros/galactic/lib PYTHONPATH=/home/huang/codes/ROS_Study/install/tutorial_interfaces/lib/python3.8/site-packages:/home/huang/codes/ROS_Study/install/village_interfaces/lib/python3.8/site-packages:/opt/ros/galactic/lib/python3.8/site-packages /usr/bin/cmake --build /home/huang/codes/ROS_Study/build/ros_pub_sub_cv -- -j8 -l8
[0.100s] -- Found ament_cmake: 1.1.6 (/opt/ros/galactic/share/ament_cmake/cmake)
[0.129s] -- Using PYTHON_EXECUTABLE: /usr/bin/python3
[0.217s] -- Found rclcpp: 9.2.2 (/opt/ros/galactic/share/rclcpp/cmake)
[0.263s] -- Using all available rosidl_typesupport_c: rosidl_typesupport_fastrtps_c;rosidl_typesupport_introspection_c
[0.267s] -- Found rosidl_adapter: 2.2.3 (/opt/ros/galactic/share/rosidl_adapter/cmake)
[0.421s] -- Using all available rosidl_typesupport_cpp: rosidl_typesupport_fastrtps_cpp;rosidl_typesupport_introspection_cpp
[0.484s] -- Found rmw_implementation_cmake: 3.3.1 (/opt/ros/galactic/share/rmw_implementation_cmake/cmake)
[0.486s] -- Found rmw_cyclonedds_cpp: 0.22.6 (/opt/ros/galactic/share/rmw_cyclonedds_cpp/cmake)
[0.510s] -- Using RMW implementation 'rmw_cyclonedds_cpp' as default
[0.659s] -- Found tutorial_interfaces: 0.0.0 (/home/huang/codes/ROS_Study/install/tutorial_interfaces/share/tutorial_interfaces/cmake)
[0.921s] -- Found ament_lint_auto: 0.10.7 (/opt/ros/galactic/share/ament_lint_auto/cmake)
[0.991s] -- Added test 'copyright' to check source files copyright and LICENSE
[0.992s] -- Added test 'cppcheck' to perform static code analysis on C / C++ code
[0.993s] -- Configured cppcheck include dirs: 
[0.993s] -- Configured cppcheck exclude dirs and/or files: 
[0.993s] -- Added test 'cpplint' to check C / C++ code against the Google style
[0.993s] -- Configured cpplint exclude dirs and/or files: 
[0.994s] -- Added test 'lint_cmake' to check CMake code style
[0.996s] -- Added test 'uncrustify' to check C / C++ code style
[0.996s] -- Configured uncrustify additional arguments: 
[0.996s] -- Added test 'xmllint' to check XML markup files
[1.001s] -- Configuring done
[1.018s] -- Generating done
[1.020s] -- Build files have been written to: /home/huang/codes/ROS_Study/build/ros_pub_sub_cv
[1.070s] [ 50%] [32mBuilding CXX object CMakeFiles/pub_node.dir/src/pub.cpp.o[0m
[1.070s] [ 50%] [32mBuilding CXX object CMakeFiles/sub_node.dir/src/sub.cpp.o[0m
[4.999s] [01m[K/home/huang/codes/ROS_Study/src/ros_pub_sub_cv/src/pub.cpp:[m[K In constructor ‚Äò[01m[KMinimalPublisher::MinimalPublisher()[m[K‚Äô:
[5.000s] [01m[K/home/huang/codes/ROS_Study/src/ros_pub_sub_cv/src/pub.cpp:14:82:[m[K [01;31m[Kerror: [m[Kno matching function for call to ‚Äò[01m[Kcv::Mat::Mat(const char [27])[m[K‚Äô
[5.000s]    14 |   MinimalPublisher(): Node("minimal_publisher"), img("/home/huang/codes/test.jpg"[01;31m[K)[m[K
[5.001s]       |                                                                                  [01;31m[K^[m[K
[5.001s] In file included from [01m[K/usr/local/include/opencv4/opencv2/core.hpp:58[m[K,
[5.001s]                  from [01m[K/usr/local/include/opencv4/opencv2/opencv.hpp:52[m[K,
[5.001s]                  from [01m[K/home/huang/codes/ROS_Study/src/ros_pub_sub_cv/src/pub.cpp:3[m[K:
[5.001s] [01m[K/usr/local/include/opencv4/opencv2/core/mat.hpp:2091:5:[m[K [01;36m[Knote: [m[Kcandidate: ‚Äò[01m[Kcv::Mat::Mat(cv::Mat&&)[m[K‚Äô
[5.001s]  2091 |     [01;36m[KMat[m[K(Mat&& m);
[5.002s]       |     [01;36m[K^~~[m[K
[5.002s] [01m[K/usr/local/include/opencv4/opencv2/core/mat.hpp:2091:15:[m[K [01;36m[Knote: [m[K  no known conversion for argument 1 from ‚Äò[01m[Kconst char [27][m[K‚Äô to ‚Äò[01m[Kcv::Mat&&[m[K‚Äô
[5.002s]  2091 |     Mat([01;36m[KMat&& m[m[K);
[5.002s]       |         [01;36m[K~~~~~~^[m[K
[5.002s] In file included from [01m[K/usr/local/include/opencv4/opencv2/core/cuda.hpp:1268[m[K,
[5.002s]                  from [01m[K/usr/local/include/opencv4/opencv2/stitching/detail/warpers.hpp:47[m[K,
[5.002s]                  from [01m[K/usr/local/include/opencv4/opencv2/stitching/warpers.hpp:46[m[K,
[5.002s]                  from [01m[K/usr/local/include/opencv4/opencv2/stitching.hpp:48[m[K,
[5.002s]                  from [01m[K/usr/local/include/opencv4/opencv2/opencv.hpp:86[m[K,
[5.003s]                  from [01m[K/home/huang/codes/ROS_Study/src/ros_pub_sub_cv/src/pub.cpp:3[m[K:
[5.003s] [01m[K/usr/local/include/opencv4/opencv2/core/cuda.inl.hpp:713:1:[m[K [01;36m[Knote: [m[Kcandidate: ‚Äò[01m[Kcv::Mat::Mat(const cv::cuda::GpuMat&)[m[K‚Äô
[5.003s]   713 | [01;36m[KMat[m[K::Mat(const cuda::GpuMat& m)
[5.003s]       | [01;36m[K^~~[m[K
[5.003s] [01m[K/usr/local/include/opencv4/opencv2/core/cuda.inl.hpp:713:30:[m[K [01;36m[Knote: [m[K  no known conversion for argument 1 from ‚Äò[01m[Kconst char [27][m[K‚Äô to ‚Äò[01m[Kconst cv::cuda::GpuMat&[m[K‚Äô
[5.003s]   713 | Mat::Mat([01;36m[Kconst cuda::GpuMat& m[m[K)
[5.003s]       |          [01;36m[K~~~~~~~~~~~~~~~~~~~~^[m[K
[5.003s] In file included from [01m[K/usr/local/include/opencv4/opencv2/core.hpp:58[m[K,
[5.004s]                  from [01m[K/usr/local/include/opencv4/opencv2/opencv.hpp:52[m[K,
[5.004s]                  from [01m[K/home/huang/codes/ROS_Study/src/ros_pub_sub_cv/src/pub.cpp:3[m[K:
[5.004s] [01m[K/usr/local/include/opencv4/opencv2/core/mat.hpp:1048:37:[m[K [01;36m[Knote: [m[Kcandidate: ‚Äò[01m[Ktemplate<class _Tp> cv::Mat::Mat(const cv::MatCommaInitializer_<_Tp>&)[m[K‚Äô
[5.004s]  1048 |     template<typename _Tp> explicit [01;36m[KMat[m[K(const MatCommaInitializer_<_Tp>& commaInitializer);
[5.005s]       |                                     [01;36m[K^~~[m[K
[5.005s] [01m[K/usr/local/include/opencv4/opencv2/core/mat.hpp:1048:37:[m[K [01;36m[Knote: [m[K  template argument deduction/substitution failed:
[5.005s] [01m[K/home/huang/codes/ROS_Study/src/ros_pub_sub_cv/src/pub.cpp:14:82:[m[K [01;36m[Knote: [m[K  mismatched types ‚Äò[01m[Kconst cv::MatCommaInitializer_<_Tp>[m[K‚Äô and ‚Äò[01m[Kconst char [27][m[K‚Äô
[5.005s]    14 |   MinimalPublisher(): Node("minimal_publisher"), img("/home/huang/codes/test.jpg"[01;36m[K)[m[K
[5.005s]       |                                                                                  [01;36m[K^[m[K
[5.005s] In file included from [01m[K/usr/local/include/opencv4/opencv2/core.hpp:58[m[K,
[5.006s]                  from [01m[K/usr/local/include/opencv4/opencv2/opencv.hpp:52[m[K,
[5.006s]                  from [01m[K/home/huang/codes/ROS_Study/src/ros_pub_sub_cv/src/pub.cpp:3[m[K:
[5.006s] [01m[K/usr/local/include/opencv4/opencv2/core/mat.hpp:1044:37:[m[K [01;36m[Knote: [m[Kcandidate: ‚Äò[01m[Ktemplate<class _Tp> cv::Mat::Mat(const cv::Point3_<_Tp>&, bool)[m[K‚Äô
[5.006s]  1044 |     template<typename _Tp> explicit [01;36m[KMat[m[K(const Point3_<_Tp>& pt, bool copyData=true);
[5.006s]       |                                     [01;36m[K^~~[m[K
[5.006s] [01m[K/usr/local/include/opencv4/opencv2/core/mat.hpp:1044:37:[m[K [01;36m[Knote: [m[K  template argument deduction/substitution failed:
[5.007s] [01m[K/home/huang/codes/ROS_Study/src/ros_pub_sub_cv/src/pub.cpp:14:82:[m[K [01;36m[Knote: [m[K  mismatched types ‚Äò[01m[Kconst cv::Point3_<_Tp>[m[K‚Äô and ‚Äò[01m[Kconst char [27][m[K‚Äô
[5.007s]    14 |   MinimalPublisher(): Node("minimal_publisher"), img("/home/huang/codes/test.jpg"[01;36m[K)[m[K
[5.007s]       |                                                                                  [01;36m[K^[m[K
[5.007s] In file included from [01m[K/usr/local/include/opencv4/opencv2/core.hpp:58[m[K,
[5.007s]                  from [01m[K/usr/local/include/opencv4/opencv2/opencv.hpp:52[m[K,
[5.007s]                  from [01m[K/home/huang/codes/ROS_Study/src/ros_pub_sub_cv/src/pub.cpp:3[m[K:
[5.008s] [01m[K/usr/local/include/opencv4/opencv2/core/mat.hpp:1040:37:[m[K [01;36m[Knote: [m[Kcandidate: ‚Äò[01m[Ktemplate<class _Tp> cv::Mat::Mat(const cv::Point_<_Tp>&, bool)[m[K‚Äô
[5.008s]  1040 |     template<typename _Tp> explicit [01;36m[KMat[m[K(const Point_<_Tp>& pt, bool copyData=true);
[5.008s]       |                                     [01;36m[K^~~[m[K
[5.008s] [01m[K/usr/local/include/opencv4/opencv2/core/mat.hpp:1040:37:[m[K [01;36m[Knote: [m[K  template argument deduction/substitution failed:
[5.008s] [01m[K/home/huang/codes/ROS_Study/src/ros_pub_sub_cv/src/pub.cpp:14:82:[m[K [01;36m[Knote: [m[K  mismatched types ‚Äò[01m[Kconst cv::Point_<_Tp>[m[K‚Äô and ‚Äò[01m[Kconst char [27][m[K‚Äô
[5.008s]    14 |   MinimalPublisher(): Node("minimal_publisher"), img("/home/huang/codes/test.jpg"[01;36m[K)[m[K
[5.009s]       |                                                                                  [01;36m[K^[m[K
[5.009s] In file included from [01m[K/usr/local/include/opencv4/opencv2/core.hpp:58[m[K,
[5.009s]                  from [01m[K/usr/local/include/opencv4/opencv2/opencv.hpp:52[m[K,
[5.009s]                  from [01m[K/home/huang/codes/ROS_Study/src/ros_pub_sub_cv/src/pub.cpp:3[m[K:
[5.009s] [01m[K/usr/local/include/opencv4/opencv2/core/mat.hpp:1036:51:[m[K [01;36m[Knote: [m[Kcandidate: ‚Äò[01m[Ktemplate<class _Tp, int m, int n> cv::Mat::Mat(const cv::Matx<_Tp, m, n>&, bool)[m[K‚Äô
[5.009s]  1036 |     template<typename _Tp, int m, int n> explicit [01;36m[KMat[m[K(const Matx<_Tp, m, n>& mtx, bool copyData=true);
[5.009s]       |                                                   [01;36m[K^~~[m[K
[5.010s] [01m[K/usr/local/include/opencv4/opencv2/core/mat.hpp:1036:51:[m[K [01;36m[Knote: [m[K  template argument deduction/substitution failed:
[5.010s] [01m[K/home/huang/codes/ROS_Study/src/ros_pub_sub_cv/src/pub.cpp:14:82:[m[K [01;36m[Knote: [m[K  mismatched types ‚Äò[01m[Kconst cv::Matx<_Tp, m, n>[m[K‚Äô and ‚Äò[01m[Kconst char [27][m[K‚Äô
[5.010s]    14 |   MinimalPublisher(): Node("minimal_publisher"), img("/home/huang/codes/test.jpg"[01;36m[K)[m[K
[5.010s]       |                                                                                  [01;36m[K^[m[K
[5.010s] In file included from [01m[K/usr/local/include/opencv4/opencv2/core.hpp:58[m[K,
[5.010s]                  from [01m[K/usr/local/include/opencv4/opencv2/opencv.hpp:52[m[K,
[5.011s]                  from [01m[K/home/huang/codes/ROS_Study/src/ros_pub_sub_cv/src/pub.cpp:3[m[K:
[5.011s] [01m[K/usr/local/include/opencv4/opencv2/core/mat.hpp:1032:44:[m[K [01;36m[Knote: [m[Kcandidate: ‚Äò[01m[Ktemplate<class _Tp, int n> cv::Mat::Mat(const cv::Vec<_Tp, m>&, bool)[m[K‚Äô
[5.011s]  1032 |     template<typename _Tp, int n> explicit [01;36m[KMat[m[K(const Vec<_Tp, n>& vec, bool copyData=true);
[5.011s]       |                                            [01;36m[K^~~[m[K
[5.011s] [01m[K/usr/local/include/opencv4/opencv2/core/mat.hpp:1032:44:[m[K [01;36m[Knote: [m[K  template argument deduction/substitution failed:
[5.011s] [01m[K/home/huang/codes/ROS_Study/src/ros_pub_sub_cv/src/pub.cpp:14:82:[m[K [01;36m[Knote: [m[K  mismatched types ‚Äò[01m[Kconst cv::Vec<_Tp, m>[m[K‚Äô and ‚Äò[01m[Kconst char [27][m[K‚Äô
[5.011s]    14 |   MinimalPublisher(): Node("minimal_publisher"), img("/home/huang/codes/test.jpg"[01;36m[K)[m[K
[5.012s]       |                                                                                  [01;36m[K^[m[K
[5.012s] In file included from [01m[K/usr/local/include/opencv4/opencv2/core.hpp:58[m[K,
[5.012s]                  from [01m[K/usr/local/include/opencv4/opencv2/opencv.hpp:52[m[K,
[5.012s]                  from [01m[K/home/huang/codes/ROS_Study/src/ros_pub_sub_cv/src/pub.cpp:3[m[K:
[5.012s] [01m[K/usr/local/include/opencv4/opencv2/core/mat.hpp:1028:49:[m[K [01;36m[Knote: [m[Kcandidate: ‚Äò[01m[Ktemplate<class _Tp, long unsigned int _Nm> cv::Mat::Mat(const std::array<_Tp, _Nm>&, bool)[m[K‚Äô
[5.012s]  1028 |     template<typename _Tp, size_t _Nm> explicit [01;36m[KMat[m[K(const std::array<_Tp, _Nm>& arr, bool copyData=false);
[5.013s]       |                                                 [01;36m[K^~~[m[K
[5.013s] [01m[K/usr/local/include/opencv4/opencv2/core/mat.hpp:1028:49:[m[K [01;36m[Knote: [m[K  template argument deduction/substitution failed:
[5.013s] [01m[K/home/huang/codes/ROS_Study/src/ros_pub_sub_cv/src/pub.cpp:14:82:[m[K [01;36m[Knote: [m[K  mismatched types ‚Äò[01m[Kconst std::array<_Tp, _Nm>[m[K‚Äô and ‚Äò[01m[Kconst char [27][m[K‚Äô
[5.013s]    14 |   MinimalPublisher(): Node("minimal_publisher"), img("/home/huang/codes/test.jpg"[01;36m[K)[m[K
[5.013s]       |                                                                                  [01;36m[K^[m[K
[5.013s] In file included from [01m[K/usr/local/include/opencv4/opencv2/core.hpp:58[m[K,
[5.014s]                  from [01m[K/usr/local/include/opencv4/opencv2/opencv.hpp:52[m[K,
[5.014s]                  from [01m[K/home/huang/codes/ROS_Study/src/ros_pub_sub_cv/src/pub.cpp:3[m[K:
[5.014s] [01m[K/usr/local/include/opencv4/opencv2/core/mat.hpp:1024:37:[m[K [01;36m[Knote: [m[Kcandidate: ‚Äò[01m[Ktemplate<class _Tp> cv::Mat::Mat(std::initializer_list<int>, std::initializer_list<_Tp>)[m[K‚Äô
[5.014s]  1024 |     template<typename _Tp> explicit [01;36m[KMat[m[K(const std::initializer_list<int> sizes, const std::initializer_list<_Tp> list);
[5.014s]       |                                     [01;36m[K^~~[m[K
[5.014s] [01m[K/usr/local/include/opencv4/opencv2/core/mat.hpp:1024:37:[m[K [01;36m[Knote: [m[K  template argument deduction/substitution failed:
[5.015s] [01m[K/home/huang/codes/ROS_Study/src/ros_pub_sub_cv/src/pub.cpp:14:82:[m[K [01;36m[Knote: [m[K  candidate expects 2 arguments, 1 provided
[5.015s]    14 |   MinimalPublisher(): Node("minimal_publisher"), img("/home/huang/codes/test.jpg"[01;36m[K)[m[K
[5.015s]       |                                                                                  [01;36m[K^[m[K
[5.015s] In file included from [01m[K/usr/local/include/opencv4/opencv2/core.hpp:58[m[K,
[5.015s]                  from [01m[K/usr/local/include/opencv4/opencv2/opencv.hpp:52[m[K,
[5.015s]                  from [01m[K/home/huang/codes/ROS_Study/src/ros_pub_sub_cv/src/pub.cpp:3[m[K:
[5.015s] [01m[K/usr/local/include/opencv4/opencv2/core/mat.hpp:1020:14:[m[K [01;36m[Knote: [m[Kcandidate: ‚Äò[01m[Ktemplate<class _Tp, class> cv::Mat::Mat(std::initializer_list<_Tp>)[m[K‚Äô
[5.016s]  1020 |     explicit [01;36m[KMat[m[K(const std::initializer_list<_Tp> list);
[5.016s]       |              [01;36m[K^~~[m[K
[5.016s] [01m[K/usr/local/include/opencv4/opencv2/core/mat.hpp:1020:14:[m[K [01;36m[Knote: [m[K  template argument deduction/substitution failed:
[5.016s] [01m[K/home/huang/codes/ROS_Study/src/ros_pub_sub_cv/src/pub.cpp:14:82:[m[K [01;36m[Knote: [m[K  mismatched types ‚Äò[01m[Kstd::initializer_list<_Tp>[m[K‚Äô and ‚Äò[01m[Kconst char*[m[K‚Äô
[5.016s]    14 |   MinimalPublisher(): Node("minimal_publisher"), img("/home/huang/codes/test.jpg"[01;36m[K)[m[K
[5.016s]       |                                                                                  [01;36m[K^[m[K
[5.017s] In file included from [01m[K/usr/local/include/opencv4/opencv2/core.hpp:58[m[K,
[5.017s]                  from [01m[K/usr/local/include/opencv4/opencv2/opencv.hpp:52[m[K,
[5.017s]                  from [01m[K/home/huang/codes/ROS_Study/src/ros_pub_sub_cv/src/pub.cpp:3[m[K:
[5.017s] [01m[K/usr/local/include/opencv4/opencv2/core/mat.hpp:1015:37:[m[K [01;36m[Knote: [m[Kcandidate: ‚Äò[01m[Ktemplate<class _Tp> cv::Mat::Mat(const std::vector<_Tp>&, bool)[m[K‚Äô
[5.017s]  1015 |     template<typename _Tp> explicit [01;36m[KMat[m[K(const std::vector<_Tp>& vec, bool copyData=false);
[5.017s]       |                                     [01;36m[K^~~[m[K
[5.018s] [01m[K/usr/local/include/opencv4/opencv2/core/mat.hpp:1015:37:[m[K [01;36m[Knote: [m[K  template argument deduction/substitution failed:
[5.018s] [01m[K/home/huang/codes/ROS_Study/src/ros_pub_sub_cv/src/pub.cpp:14:82:[m[K [01;36m[Knote: [m[K  mismatched types ‚Äò[01m[Kconst std::vector<_Tp>[m[K‚Äô and ‚Äò[01m[Kconst char [27][m[K‚Äô
[5.018s]    14 |   MinimalPublisher(): Node("minimal_publisher"), img("/home/huang/codes/test.jpg"[01;36m[K)[m[K
[5.018s]       |                                                                                  [01;36m[K^[m[K
[5.018s] In file included from [01m[K/usr/local/include/opencv4/opencv2/core.hpp:58[m[K,
[5.018s]                  from [01m[K/usr/local/include/opencv4/opencv2/opencv.hpp:52[m[K,
[5.019s]                  from [01m[K/home/huang/codes/ROS_Study/src/ros_pub_sub_cv/src/pub.cpp:3[m[K:
[5.019s] [01m[K/usr/local/include/opencv4/opencv2/core/mat.hpp:997:5:[m[K [01;36m[Knote: [m[Kcandidate: ‚Äò[01m[Kcv::Mat::Mat(const cv::Mat&, const std::vector<cv::Range>&)[m[K‚Äô
[5.019s]   997 |     [01;36m[KMat[m[K(const Mat& m, const std::vector<Range>& ranges);
[5.019s]       |     [01;36m[K^~~[m[K
[5.019s] [01m[K/usr/local/include/opencv4/opencv2/core/mat.hpp:997:5:[m[K [01;36m[Knote: [m[K  candidate expects 2 arguments, 1 provided
[5.019s] [01m[K/usr/local/include/opencv4/opencv2/core/mat.hpp:987:5:[m[K [01;36m[Knote: [m[Kcandidate: ‚Äò[01m[Kcv::Mat::Mat(const cv::Mat&, const cv::Range*)[m[K‚Äô
[5.019s]   987 |     [01;36m[KMat[m[K(const Mat& m, const Range* ranges);
[5.020s]       |     [01;36m[K^~~[m[K
[5.020s] [01m[K/usr/local/include/opencv4/opencv2/core/mat.hpp:987:5:[m[K [01;36m[Knote: [m[K  candidate expects 2 arguments, 1 provided
[5.020s] [01m[K/usr/local/include/opencv4/opencv2/core/mat.hpp:977:5:[m[K [01;36m[Knote: [m[Kcandidate: ‚Äò[01m[Kcv::Mat::Mat(const cv::Mat&, const Rect&)[m[K‚Äô
[5.020s]   977 |     [01;36m[KMat[m[K(const Mat& m, const Rect& roi);
[5.020s]       |     [01;36m[K^~~[m[K
[5.020s] [01m[K/usr/local/include/opencv4/opencv2/core/mat.hpp:977:5:[m[K [01;36m[Knote: [m[K  candidate expects 2 arguments, 1 provided
[5.021s] [01m[K/usr/local/include/opencv4/opencv2/core/mat.hpp:967:5:[m[K [01;36m[Knote: [m[Kcandidate: ‚Äò[01m[Kcv::Mat::Mat(const cv::Mat&, const cv::Range&, const cv::Range&)[m[K‚Äô
[5.021s]   967 |     [01;36m[KMat[m[K(const Mat& m, const Range& rowRange, const Range& colRange=Range::all());
[5.021s]       |     [01;36m[K^~~[m[K
[5.021s] [01m[K/usr/local/include/opencv4/opencv2/core/mat.hpp:967:5:[m[K [01;36m[Knote: [m[K  candidate expects 3 arguments, 1 provided
[5.021s] [01m[K/usr/local/include/opencv4/opencv2/core/mat.hpp:955:5:[m[K [01;36m[Knote: [m[Kcandidate: ‚Äò[01m[Kcv::Mat::Mat(const std::vector<int>&, int, void*, const size_t*)[m[K‚Äô
[5.021s]   955 |     [01;36m[KMat[m[K(const std::vector<int>& sizes, int type, void* data, const size_t* steps=0);
[5.022s]       |     [01;36m[K^~~[m[K
[5.022s] [01m[K/usr/local/include/opencv4/opencv2/core/mat.hpp:955:5:[m[K [01;36m[Knote: [m[K  candidate expects 4 arguments, 1 provided
[5.022s] [01m[K/usr/local/include/opencv4/opencv2/core/mat.hpp:941:5:[m[K [01;36m[Knote: [m[Kcandidate: ‚Äò[01m[Kcv::Mat::Mat(int, const int*, int, void*, const size_t*)[m[K‚Äô
[5.022s]   941 |     [01;36m[KMat[m[K(int ndims, const int* sizes, int type, void* data, const size_t* steps=0);
[5.022s]       |     [01;36m[K^~~[m[K
[5.022s] [01m[K/usr/local/include/opencv4/opencv2/core/mat.hpp:941:5:[m[K [01;36m[Knote: [m[K  candidate expects 5 arguments, 1 provided
[5.023s] [01m[K/usr/local/include/opencv4/opencv2/core/mat.hpp:926:5:[m[K [01;36m[Knote: [m[Kcandidate: ‚Äò[01m[Kcv::Mat::Mat(cv::Size, int, void*, size_t)[m[K‚Äô
[5.023s]   926 |     [01;36m[KMat[m[K(Size size, int type, void* data, size_t step=AUTO_STEP);
[5.023s]       |     [01;36m[K^~~[m[K
[5.023s] [01m[K/usr/local/include/opencv4/opencv2/core/mat.hpp:926:5:[m[K [01;36m[Knote: [m[K  candidate expects 4 arguments, 1 provided
[5.023s] [01m[K/usr/local/include/opencv4/opencv2/core/mat.hpp:910:5:[m[K [01;36m[Knote: [m[Kcandidate: ‚Äò[01m[Kcv::Mat::Mat(int, int, int, void*, size_t)[m[K‚Äô
[5.023s]   910 |     [01;36m[KMat[m[K(int rows, int cols, int type, void* data, size_t step=AUTO_STEP);
[5.023s]       |     [01;36m[K^~~[m[K
[5.024s] [01m[K/usr/local/include/opencv4/opencv2/core/mat.hpp:910:5:[m[K [01;36m[Knote: [m[K  candidate expects 5 arguments, 1 provided
[5.024s] [01m[K/usr/local/include/opencv4/opencv2/core/mat.hpp:894:5:[m[K [01;36m[Knote: [m[Kcandidate: ‚Äò[01m[Kcv::Mat::Mat(const cv::Mat&)[m[K‚Äô
[5.024s]   894 |     [01;36m[KMat[m[K(const Mat& m);
[5.024s]       |     [01;36m[K^~~[m[K
[5.024s] [01m[K/usr/local/include/opencv4/opencv2/core/mat.hpp:894:20:[m[K [01;36m[Knote: [m[K  no known conversion for argument 1 from ‚Äò[01m[Kconst char [27][m[K‚Äô to ‚Äò[01m[Kconst cv::Mat&[m[K‚Äô
[5.024s]   894 |     Mat([01;36m[Kconst Mat& m[m[K);
[5.025s]       |         [01;36m[K~~~~~~~~~~~^[m[K
[5.025s] [01m[K/usr/local/include/opencv4/opencv2/core/mat.hpp:884:5:[m[K [01;36m[Knote: [m[Kcandidate: ‚Äò[01m[Kcv::Mat::Mat(const std::vector<int>&, int, const Scalar&)[m[K‚Äô
[5.025s]   884 |     [01;36m[KMat[m[K(const std::vector<int>& sizes, int type, const Scalar& s);
[5.025s]       |     [01;36m[K^~~[m[K
[5.025s] [01m[K/usr/local/include/opencv4/opencv2/core/mat.hpp:884:5:[m[K [01;36m[Knote: [m[K  candidate expects 3 arguments, 1 provided
[5.025s] [01m[K/usr/local/include/opencv4/opencv2/core/mat.hpp:874:5:[m[K [01;36m[Knote: [m[Kcandidate: ‚Äò[01m[Kcv::Mat::Mat(int, const int*, int, const Scalar&)[m[K‚Äô
[5.026s]   874 |     [01;36m[KMat[m[K(int ndims, const int* sizes, int type, const Scalar& s);
[5.026s]       |     [01;36m[K^~~[m[K
[5.026s] [01m[K/usr/local/include/opencv4/opencv2/core/mat.hpp:874:5:[m[K [01;36m[Knote: [m[K  candidate expects 4 arguments, 1 provided
[5.026s] [01m[K/usr/local/include/opencv4/opencv2/core/mat.hpp:863:5:[m[K [01;36m[Knote: [m[Kcandidate: ‚Äò[01m[Kcv::Mat::Mat(const std::vector<int>&, int)[m[K‚Äô
[5.026s]   863 |     [01;36m[KMat[m[K(const std::vector<int>& sizes, int type);
[5.026s]       |     [01;36m[K^~~[m[K
[5.027s] [01m[K/usr/local/include/opencv4/opencv2/core/mat.hpp:863:5:[m[K [01;36m[Knote: [m[K  candidate expects 2 arguments, 1 provided
[5.027s] [01m[K/usr/local/include/opencv4/opencv2/core/mat.hpp:856:5:[m[K [01;36m[Knote: [m[Kcandidate: ‚Äò[01m[Kcv::Mat::Mat(int, const int*, int)[m[K‚Äô
[5.027s]   856 |     [01;36m[KMat[m[K(int ndims, const int* sizes, int type);
[5.027s]       |     [01;36m[K^~~[m[K
[5.027s] [01m[K/usr/local/include/opencv4/opencv2/core/mat.hpp:856:5:[m[K [01;36m[Knote: [m[K  candidate expects 3 arguments, 1 provided
[5.027s] [01m[K/usr/local/include/opencv4/opencv2/core/mat.hpp:848:5:[m[K [01;36m[Knote: [m[Kcandidate: ‚Äò[01m[Kcv::Mat::Mat(cv::Size, int, const Scalar&)[m[K‚Äô
[5.027s]   848 |     [01;36m[KMat[m[K(Size size, int type, const Scalar& s);
[5.028s]       |     [01;36m[K^~~[m[K
[5.028s] [01m[K/usr/local/include/opencv4/opencv2/core/mat.hpp:848:5:[m[K [01;36m[Knote: [m[K  candidate expects 3 arguments, 1 provided
[5.028s] [01m[K/usr/local/include/opencv4/opencv2/core/mat.hpp:837:5:[m[K [01;36m[Knote: [m[Kcandidate: ‚Äò[01m[Kcv::Mat::Mat(int, int, int, const Scalar&)[m[K‚Äô
[5.028s]   837 |     [01;36m[KMat[m[K(int rows, int cols, int type, const Scalar& s);
[5.028s]       |     [01;36m[K^~~[m[K
[5.028s] [01m[K/usr/local/include/opencv4/opencv2/core/mat.hpp:837:5:[m[K [01;36m[Knote: [m[K  candidate expects 4 arguments, 1 provided
[5.029s] [01m[K/usr/local/include/opencv4/opencv2/core/mat.hpp:826:5:[m[K [01;36m[Knote: [m[Kcandidate: ‚Äò[01m[Kcv::Mat::Mat(cv::Size, int)[m[K‚Äô
[5.029s]   826 |     [01;36m[KMat[m[K(Size size, int type);
[5.029s]       |     [01;36m[K^~~[m[K
[5.029s] [01m[K/usr/local/include/opencv4/opencv2/core/mat.hpp:826:5:[m[K [01;36m[Knote: [m[K  candidate expects 2 arguments, 1 provided
[5.029s] [01m[K/usr/local/include/opencv4/opencv2/core/mat.hpp:818:5:[m[K [01;36m[Knote: [m[Kcandidate: ‚Äò[01m[Kcv::Mat::Mat(int, int, int)[m[K‚Äô
[5.029s]   818 |     [01;36m[KMat[m[K(int rows, int cols, int type);
[5.030s]       |     [01;36m[K^~~[m[K
[5.030s] [01m[K/usr/local/include/opencv4/opencv2/core/mat.hpp:818:5:[m[K [01;36m[Knote: [m[K  candidate expects 3 arguments, 1 provided
[5.030s] [01m[K/usr/local/include/opencv4/opencv2/core/mat.hpp:810:5:[m[K [01;36m[Knote: [m[Kcandidate: ‚Äò[01m[Kcv::Mat::Mat()[m[K‚Äô
[5.030s]   810 |     [01;36m[KMat[m[K() CV_NOEXCEPT;
[5.030s]       |     [01;36m[K^~~[m[K
[5.030s] [01m[K/usr/local/include/opencv4/opencv2/core/mat.hpp:810:5:[m[K [01;36m[Knote: [m[K  candidate expects 0 arguments, 1 provided
[5.038s] [01m[K/home/huang/codes/ROS_Study/src/ros_pub_sub_cv/src/pub.cpp:[m[K In member function ‚Äò[01m[Kvoid MinimalPublisher::timer_callback()[m[K‚Äô:
[5.038s] [01m[K/home/huang/codes/ROS_Study/src/ros_pub_sub_cv/src/pub.cpp:35:50:[m[K [01;31m[Kerror: [m[K‚Äò[01m[KHeader[m[K‚Äô is not a member of ‚Äò[01m[Kstd_msgs[m[K‚Äô; did you mean ‚Äò[01m[Kstd_msgs::msg::Header[m[K‚Äô?
[5.038s]    35 |     message.image = cv_bridge::CvImage(std_msgs::[01;31m[KHeader[m[K(), "bgr8", img).toImageMsg();                                                // CHANGE
[5.038s]       |                                                  [01;31m[K^~~~~~[m[K
[5.039s] In file included from [01m[K/opt/ros/galactic/include/sensor_msgs/msg/detail/image__struct.hpp:19[m[K,
[5.039s]                  from [01m[K/opt/ros/galactic/include/sensor_msgs/msg/image.hpp:7[m[K,
[5.039s]                  from [01m[K/opt/ros/galactic/include/cv_bridge/cv_bridge.h:40[m[K,
[5.039s]                  from [01m[K/home/huang/codes/ROS_Study/src/ros_pub_sub_cv/src/pub.cpp:4[m[K:
[5.039s] [01m[K/opt/ros/galactic/include/std_msgs/msg/detail/header__struct.hpp:139:7:[m[K [01;36m[Knote: [m[K‚Äò[01m[Kstd_msgs::msg::Header[m[K‚Äô declared here
[5.040s]   139 | using [01;36m[KHeader[m[K =
[5.040s]       |       [01;36m[K^~~~~~[m[K
[5.118s] [01m[K/home/huang/codes/ROS_Study/src/ros_pub_sub_cv/src/sub.cpp:[m[K In member function ‚Äò[01m[Kvoid MinimalSubscriber::topic_callback(const Picture&) const[m[K‚Äô:
[5.119s] [01m[K/home/huang/codes/ROS_Study/src/ros_pub_sub_cv/src/sub.cpp:22:28:[m[K [01;31m[Kerror: [m[Kno matching function for call to ‚Äò[01m[Kimshow(const char [6], const Picture&)[m[K‚Äô
[5.119s]    22 |     cv::imshow("video", msg[01;31m[K)[m[K;
[5.119s]       |                            [01;31m[K^[m[K
[5.119s] In file included from [01m[K/usr/local/include/opencv4/opencv2/opencv.hpp:68[m[K,
[5.120s]                  from [01m[K/home/huang/codes/ROS_Study/src/ros_pub_sub_cv/src/sub.cpp:3[m[K:
[5.120s] [01m[K/usr/local/include/opencv4/opencv2/highgui.hpp:416:19:[m[K [01;36m[Knote: [m[Kcandidate: ‚Äò[01m[Kvoid cv::imshow(const String&, cv::InputArray)[m[K‚Äô
[5.120s]   416 | CV_EXPORTS_W void [01;36m[Kimshow[m[K(const String& winname, InputArray mat);
[5.120s]       |                   [01;36m[K^~~~~~[m[K
[5.120s] [01m[K/usr/local/include/opencv4/opencv2/highgui.hpp:416:60:[m[K [01;36m[Knote: [m[K  no known conversion for argument 2 from ‚Äò[01m[Kconst Picture[m[K‚Äô {aka ‚Äò[01m[Kconst tutorial_interfaces::msg::Picture_<std::allocator<void> >[m[K‚Äô} to ‚Äò[01m[Kcv::InputArray[m[K‚Äô {aka ‚Äò[01m[Kconst cv::_InputArray&[m[K‚Äô}
[5.120s]   416 | CV_EXPORTS_W void imshow(const String& winname, [01;36m[KInputArray mat[m[K);
[5.121s]       |                                                 [01;36m[K~~~~~~~~~~~^~~[m[K
[5.121s] [01m[K/usr/local/include/opencv4/opencv2/highgui.hpp:651:17:[m[K [01;36m[Knote: [m[Kcandidate: ‚Äò[01m[Kvoid cv::imshow(const String&, const cv::ogl::Texture2D&)[m[K‚Äô
[5.121s]   651 | CV_EXPORTS void [01;36m[Kimshow[m[K(const String& winname, const ogl::Texture2D& tex);
[5.121s]       |                 [01;36m[K^~~~~~[m[K
[5.121s] [01m[K/usr/local/include/opencv4/opencv2/highgui.hpp:651:69:[m[K [01;36m[Knote: [m[K  no known conversion for argument 2 from ‚Äò[01m[Kconst Picture[m[K‚Äô {aka ‚Äò[01m[Kconst tutorial_interfaces::msg::Picture_<std::allocator<void> >[m[K‚Äô} to ‚Äò[01m[Kconst cv::ogl::Texture2D&[m[K‚Äô
[5.121s]   651 | CV_EXPORTS void imshow(const String& winname, [01;36m[Kconst ogl::Texture2D& tex[m[K);
[5.121s]       |                                               [01;36m[K~~~~~~~~~~~~~~~~~~~~~~^~~[m[K
[5.121s] [01m[K/home/huang/codes/ROS_Study/src/ros_pub_sub_cv/src/sub.cpp:24:9:[m[K [01;31m[Kerror: [m[Kbreak statement not within loop or switch
[5.122s]    24 |         [01;31m[Kbreak[m[K;
[5.122s]       |         [01;31m[K^~~~~[m[K
[7.077s] make[2]: *** [CMakeFiles/pub_node.dir/build.make:63ÔºöCMakeFiles/pub_node.dir/src/pub.cpp.o] ÈîôËØØ 1
[7.077s] make[1]: *** [CMakeFiles/Makefile2:107ÔºöCMakeFiles/pub_node.dir/all] ÈîôËØØ 2
[7.077s] make[1]: *** Ê≠£Âú®Á≠âÂæÖÊú™ÂÆåÊàêÁöÑ‰ªªÂä°....
[7.953s] make[2]: *** [CMakeFiles/sub_node.dir/build.make:63ÔºöCMakeFiles/sub_node.dir/src/sub.cpp.o] ÈîôËØØ 1
[7.953s] make[1]: *** [CMakeFiles/Makefile2:80ÔºöCMakeFiles/sub_node.dir/all] ÈîôËØØ 2
[7.954s] make: *** [Makefile:141Ôºöall] ÈîôËØØ 2
[7.958s] Invoked command in '/home/huang/codes/ROS_Study/build/ros_pub_sub_cv' returned '2': CMAKE_PREFIX_PATH=/home/huang/codes/ROS_Study/install/tutorial_interfaces:/home/huang/codes/ROS_Study/install/village_wang:/home/huang/codes/ROS_Study/install/village_li:/home/huang/codes/ROS_Study/install/village_interfaces:/home/huang/codes/ROS_Study/install/ros_pub_sub_cv:/home/huang/codes/ROS_Study/install/ros_pub_sub:/opt/ros/galactic LD_LIBRARY_PATH=/home/huang/codes/ROS_Study/install/tutorial_interfaces/lib:/home/huang/codes/ROS_Study/install/village_interfaces/lib:/opt/ros/galactic/opt/yaml_cpp_vendor/lib:/opt/ros/galactic/opt/rviz_ogre_vendor/lib:/opt/ros/galactic/lib/x86_64-linux-gnu:/opt/ros/galactic/lib PYTHONPATH=/home/huang/codes/ROS_Study/install/tutorial_interfaces/lib/python3.8/site-packages:/home/huang/codes/ROS_Study/install/village_interfaces/lib/python3.8/site-packages:/opt/ros/galactic/lib/python3.8/site-packages /usr/bin/cmake --build /home/huang/codes/ROS_Study/build/ros_pub_sub_cv -- -j8 -l8
