[0.044s] Invoking command in '/home/huang/codes/ROS_Study/build/ros_pub_sub_cv': CMAKE_PREFIX_PATH=/home/huang/codes/ROS_Study/install/tutorial_interfaces:/home/huang/codes/ROS_Study/install/village_wang:/home/huang/codes/ROS_Study/install/village_li:/home/huang/codes/ROS_Study/install/village_interfaces:/home/huang/codes/ROS_Study/install/ros_pub_sub_cv:/home/huang/codes/ROS_Study/install/ros_pub_sub:/opt/ros/galactic LD_LIBRARY_PATH=/home/huang/codes/ROS_Study/install/tutorial_interfaces/lib:/home/huang/codes/ROS_Study/install/village_interfaces/lib:/opt/ros/galactic/opt/yaml_cpp_vendor/lib:/opt/ros/galactic/opt/rviz_ogre_vendor/lib:/opt/ros/galactic/lib/x86_64-linux-gnu:/opt/ros/galactic/lib PYTHONPATH=/home/huang/codes/ROS_Study/install/tutorial_interfaces/lib/python3.8/site-packages:/home/huang/codes/ROS_Study/install/village_interfaces/lib/python3.8/site-packages:/opt/ros/galactic/lib/python3.8/site-packages /usr/bin/cmake --build /home/huang/codes/ROS_Study/build/ros_pub_sub_cv -- -j8 -l8
[0.111s] [35m[1mScanning dependencies of target pub_node[0m
[0.132s] [ 25%] [32mBuilding CXX object CMakeFiles/sub_node.dir/src/sub.cpp.o[0m
[0.179s] [ 50%] [32mBuilding CXX object CMakeFiles/pub_node.dir/src/pub.cpp.o[0m
[4.756s] [01m[K/home/huang/codes/ROS_Study/src/ros_pub_sub_cv/src/sub.cpp:[m[K In member function ‚Äò[01m[Kvoid MinimalSubscriber::topic_callback(const Picture&) const[m[K‚Äô:
[4.756s] [01m[K/home/huang/codes/ROS_Study/src/ros_pub_sub_cv/src/sub.cpp:22:28:[m[K [01;31m[Kerror: [m[Kno matching function for call to ‚Äò[01m[Kimshow(const char [6], const Picture&)[m[K‚Äô
[4.756s]    22 |     cv::imshow("video", msg[01;31m[K)[m[K;
[4.756s]       |                            [01;31m[K^[m[K
[4.756s] In file included from [01m[K/usr/local/include/opencv4/opencv2/opencv.hpp:68[m[K,
[4.757s]                  from [01m[K/home/huang/codes/ROS_Study/src/ros_pub_sub_cv/src/sub.cpp:3[m[K:
[4.757s] [01m[K/usr/local/include/opencv4/opencv2/highgui.hpp:416:19:[m[K [01;36m[Knote: [m[Kcandidate: ‚Äò[01m[Kvoid cv::imshow(const String&, cv::InputArray)[m[K‚Äô
[4.757s]   416 | CV_EXPORTS_W void [01;36m[Kimshow[m[K(const String& winname, InputArray mat);
[4.757s]       |                   [01;36m[K^~~~~~[m[K
[4.757s] [01m[K/usr/local/include/opencv4/opencv2/highgui.hpp:416:60:[m[K [01;36m[Knote: [m[K  no known conversion for argument 2 from ‚Äò[01m[Kconst Picture[m[K‚Äô {aka ‚Äò[01m[Kconst tutorial_interfaces::msg::Picture_<std::allocator<void> >[m[K‚Äô} to ‚Äò[01m[Kcv::InputArray[m[K‚Äô {aka ‚Äò[01m[Kconst cv::_InputArray&[m[K‚Äô}
[4.757s]   416 | CV_EXPORTS_W void imshow(const String& winname, [01;36m[KInputArray mat[m[K);
[4.757s]       |                                                 [01;36m[K~~~~~~~~~~~^~~[m[K
[4.757s] [01m[K/usr/local/include/opencv4/opencv2/highgui.hpp:651:17:[m[K [01;36m[Knote: [m[Kcandidate: ‚Äò[01m[Kvoid cv::imshow(const String&, const cv::ogl::Texture2D&)[m[K‚Äô
[4.757s]   651 | CV_EXPORTS void [01;36m[Kimshow[m[K(const String& winname, const ogl::Texture2D& tex);
[4.757s]       |                 [01;36m[K^~~~~~[m[K
[4.757s] [01m[K/usr/local/include/opencv4/opencv2/highgui.hpp:651:69:[m[K [01;36m[Knote: [m[K  no known conversion for argument 2 from ‚Äò[01m[Kconst Picture[m[K‚Äô {aka ‚Äò[01m[Kconst tutorial_interfaces::msg::Picture_<std::allocator<void> >[m[K‚Äô} to ‚Äò[01m[Kconst cv::ogl::Texture2D&[m[K‚Äô
[4.758s]   651 | CV_EXPORTS void imshow(const String& winname, [01;36m[Kconst ogl::Texture2D& tex[m[K);
[4.758s]       |                                               [01;36m[K~~~~~~~~~~~~~~~~~~~~~~^~~[m[K
[4.758s] [01m[K/home/huang/codes/ROS_Study/src/ros_pub_sub_cv/src/sub.cpp:24:9:[m[K [01;31m[Kerror: [m[Kbreak statement not within loop or switch
[4.758s]    24 |         [01;31m[Kbreak[m[K;
[4.758s]       |         [01;31m[K^~~~~[m[K
[4.807s] [01m[K/home/huang/codes/ROS_Study/src/ros_pub_sub_cv/src/pub.cpp:[m[K In constructor ‚Äò[01m[KMinimalPublisher::MinimalPublisher()[m[K‚Äô:
[4.808s] [01m[K/home/huang/codes/ROS_Study/src/ros_pub_sub_cv/src/pub.cpp:14:82:[m[K [01;31m[Kerror: [m[Kno matching function for call to ‚Äò[01m[Kcv::Mat::Mat(const char [27])[m[K‚Äô
[4.808s]    14 |   MinimalPublisher(): Node("minimal_publisher"), img("/home/huang/codes/test.jpg"[01;31m[K)[m[K
[4.808s]       |                                                                                  [01;31m[K^[m[K
[4.809s] In file included from [01m[K/usr/local/include/opencv4/opencv2/core.hpp:58[m[K,
[4.809s]                  from [01m[K/usr/local/include/opencv4/opencv2/opencv.hpp:52[m[K,
[4.809s]                  from [01m[K/home/huang/codes/ROS_Study/src/ros_pub_sub_cv/src/pub.cpp:3[m[K:
[4.809s] [01m[K/usr/local/include/opencv4/opencv2/core/mat.hpp:2091:5:[m[K [01;36m[Knote: [m[Kcandidate: ‚Äò[01m[Kcv::Mat::Mat(cv::Mat&&)[m[K‚Äô
[4.809s]  2091 |     [01;36m[KMat[m[K(Mat&& m);
[4.809s]       |     [01;36m[K^~~[m[K
[4.809s] [01m[K/usr/local/include/opencv4/opencv2/core/mat.hpp:2091:15:[m[K [01;36m[Knote: [m[K  no known conversion for argument 1 from ‚Äò[01m[Kconst char [27][m[K‚Äô to ‚Äò[01m[Kcv::Mat&&[m[K‚Äô
[4.809s]  2091 |     Mat([01;36m[KMat&& m[m[K);
[4.809s]       |         [01;36m[K~~~~~~^[m[K
[4.810s] In file included from [01m[K/usr/local/include/opencv4/opencv2/core/cuda.hpp:1268[m[K,
[4.810s]                  from [01m[K/usr/local/include/opencv4/opencv2/stitching/detail/warpers.hpp:47[m[K,
[4.810s]                  from [01m[K/usr/local/include/opencv4/opencv2/stitching/warpers.hpp:46[m[K,
[4.810s]                  from [01m[K/usr/local/include/opencv4/opencv2/stitching.hpp:48[m[K,
[4.810s]                  from [01m[K/usr/local/include/opencv4/opencv2/opencv.hpp:86[m[K,
[4.810s]                  from [01m[K/home/huang/codes/ROS_Study/src/ros_pub_sub_cv/src/pub.cpp:3[m[K:
[4.810s] [01m[K/usr/local/include/opencv4/opencv2/core/cuda.inl.hpp:713:1:[m[K [01;36m[Knote: [m[Kcandidate: ‚Äò[01m[Kcv::Mat::Mat(const cv::cuda::GpuMat&)[m[K‚Äô
[4.810s]   713 | [01;36m[KMat[m[K::Mat(const cuda::GpuMat& m)
[4.810s]       | [01;36m[K^~~[m[K
[4.810s] [01m[K/usr/local/include/opencv4/opencv2/core/cuda.inl.hpp:713:30:[m[K [01;36m[Knote: [m[K  no known conversion for argument 1 from ‚Äò[01m[Kconst char [27][m[K‚Äô to ‚Äò[01m[Kconst cv::cuda::GpuMat&[m[K‚Äô
[4.811s]   713 | Mat::Mat([01;36m[Kconst cuda::GpuMat& m[m[K)
[4.811s]       |          [01;36m[K~~~~~~~~~~~~~~~~~~~~^[m[K
[4.811s] In file included from [01m[K/usr/local/include/opencv4/opencv2/core.hpp:58[m[K,
[4.811s]                  from [01m[K/usr/local/include/opencv4/opencv2/opencv.hpp:52[m[K,
[4.811s]                  from [01m[K/home/huang/codes/ROS_Study/src/ros_pub_sub_cv/src/pub.cpp:3[m[K:
[4.811s] [01m[K/usr/local/include/opencv4/opencv2/core/mat.hpp:1048:37:[m[K [01;36m[Knote: [m[Kcandidate: ‚Äò[01m[Ktemplate<class _Tp> cv::Mat::Mat(const cv::MatCommaInitializer_<_Tp>&)[m[K‚Äô
[4.811s]  1048 |     template<typename _Tp> explicit [01;36m[KMat[m[K(const MatCommaInitializer_<_Tp>& commaInitializer);
[4.811s]       |                                     [01;36m[K^~~[m[K
[4.811s] [01m[K/usr/local/include/opencv4/opencv2/core/mat.hpp:1048:37:[m[K [01;36m[Knote: [m[K  template argument deduction/substitution failed:
[4.812s] [01m[K/home/huang/codes/ROS_Study/src/ros_pub_sub_cv/src/pub.cpp:14:82:[m[K [01;36m[Knote: [m[K  mismatched types ‚Äò[01m[Kconst cv::MatCommaInitializer_<_Tp>[m[K‚Äô and ‚Äò[01m[Kconst char [27][m[K‚Äô
[4.812s]    14 |   MinimalPublisher(): Node("minimal_publisher"), img("/home/huang/codes/test.jpg"[01;36m[K)[m[K
[4.812s]       |                                                                                  [01;36m[K^[m[K
[4.812s] In file included from [01m[K/usr/local/include/opencv4/opencv2/core.hpp:58[m[K,
[4.812s]                  from [01m[K/usr/local/include/opencv4/opencv2/opencv.hpp:52[m[K,
[4.812s]                  from [01m[K/home/huang/codes/ROS_Study/src/ros_pub_sub_cv/src/pub.cpp:3[m[K:
[4.812s] [01m[K/usr/local/include/opencv4/opencv2/core/mat.hpp:1044:37:[m[K [01;36m[Knote: [m[Kcandidate: ‚Äò[01m[Ktemplate<class _Tp> cv::Mat::Mat(const cv::Point3_<_Tp>&, bool)[m[K‚Äô
[4.812s]  1044 |     template<typename _Tp> explicit [01;36m[KMat[m[K(const Point3_<_Tp>& pt, bool copyData=true);
[4.812s]       |                                     [01;36m[K^~~[m[K
[4.812s] [01m[K/usr/local/include/opencv4/opencv2/core/mat.hpp:1044:37:[m[K [01;36m[Knote: [m[K  template argument deduction/substitution failed:
[4.813s] [01m[K/home/huang/codes/ROS_Study/src/ros_pub_sub_cv/src/pub.cpp:14:82:[m[K [01;36m[Knote: [m[K  mismatched types ‚Äò[01m[Kconst cv::Point3_<_Tp>[m[K‚Äô and ‚Äò[01m[Kconst char [27][m[K‚Äô
[4.813s]    14 |   MinimalPublisher(): Node("minimal_publisher"), img("/home/huang/codes/test.jpg"[01;36m[K)[m[K
[4.813s]       |                                                                                  [01;36m[K^[m[K
[4.813s] In file included from [01m[K/usr/local/include/opencv4/opencv2/core.hpp:58[m[K,
[4.813s]                  from [01m[K/usr/local/include/opencv4/opencv2/opencv.hpp:52[m[K,
[4.813s]                  from [01m[K/home/huang/codes/ROS_Study/src/ros_pub_sub_cv/src/pub.cpp:3[m[K:
[4.813s] [01m[K/usr/local/include/opencv4/opencv2/core/mat.hpp:1040:37:[m[K [01;36m[Knote: [m[Kcandidate: ‚Äò[01m[Ktemplate<class _Tp> cv::Mat::Mat(const cv::Point_<_Tp>&, bool)[m[K‚Äô
[4.813s]  1040 |     template<typename _Tp> explicit [01;36m[KMat[m[K(const Point_<_Tp>& pt, bool copyData=true);
[4.813s]       |                                     [01;36m[K^~~[m[K
[4.813s] [01m[K/usr/local/include/opencv4/opencv2/core/mat.hpp:1040:37:[m[K [01;36m[Knote: [m[K  template argument deduction/substitution failed:
[4.814s] [01m[K/home/huang/codes/ROS_Study/src/ros_pub_sub_cv/src/pub.cpp:14:82:[m[K [01;36m[Knote: [m[K  mismatched types ‚Äò[01m[Kconst cv::Point_<_Tp>[m[K‚Äô and ‚Äò[01m[Kconst char [27][m[K‚Äô
[4.814s]    14 |   MinimalPublisher(): Node("minimal_publisher"), img("/home/huang/codes/test.jpg"[01;36m[K)[m[K
[4.814s]       |                                                                                  [01;36m[K^[m[K
[4.814s] In file included from [01m[K/usr/local/include/opencv4/opencv2/core.hpp:58[m[K,
[4.814s]                  from [01m[K/usr/local/include/opencv4/opencv2/opencv.hpp:52[m[K,
[4.814s]                  from [01m[K/home/huang/codes/ROS_Study/src/ros_pub_sub_cv/src/pub.cpp:3[m[K:
[4.814s] [01m[K/usr/local/include/opencv4/opencv2/core/mat.hpp:1036:51:[m[K [01;36m[Knote: [m[Kcandidate: ‚Äò[01m[Ktemplate<class _Tp, int m, int n> cv::Mat::Mat(const cv::Matx<_Tp, m, n>&, bool)[m[K‚Äô
[4.814s]  1036 |     template<typename _Tp, int m, int n> explicit [01;36m[KMat[m[K(const Matx<_Tp, m, n>& mtx, bool copyData=true);
[4.814s]       |                                                   [01;36m[K^~~[m[K
[4.814s] [01m[K/usr/local/include/opencv4/opencv2/core/mat.hpp:1036:51:[m[K [01;36m[Knote: [m[K  template argument deduction/substitution failed:
[4.815s] [01m[K/home/huang/codes/ROS_Study/src/ros_pub_sub_cv/src/pub.cpp:14:82:[m[K [01;36m[Knote: [m[K  mismatched types ‚Äò[01m[Kconst cv::Matx<_Tp, m, n>[m[K‚Äô and ‚Äò[01m[Kconst char [27][m[K‚Äô
[4.815s]    14 |   MinimalPublisher(): Node("minimal_publisher"), img("/home/huang/codes/test.jpg"[01;36m[K)[m[K
[4.815s]       |                                                                                  [01;36m[K^[m[K
[4.815s] In file included from [01m[K/usr/local/include/opencv4/opencv2/core.hpp:58[m[K,
[4.815s]                  from [01m[K/usr/local/include/opencv4/opencv2/opencv.hpp:52[m[K,
[4.815s]                  from [01m[K/home/huang/codes/ROS_Study/src/ros_pub_sub_cv/src/pub.cpp:3[m[K:
[4.815s] [01m[K/usr/local/include/opencv4/opencv2/core/mat.hpp:1032:44:[m[K [01;36m[Knote: [m[Kcandidate: ‚Äò[01m[Ktemplate<class _Tp, int n> cv::Mat::Mat(const cv::Vec<_Tp, m>&, bool)[m[K‚Äô
[4.815s]  1032 |     template<typename _Tp, int n> explicit [01;36m[KMat[m[K(const Vec<_Tp, n>& vec, bool copyData=true);
[4.815s]       |                                            [01;36m[K^~~[m[K
[4.816s] [01m[K/usr/local/include/opencv4/opencv2/core/mat.hpp:1032:44:[m[K [01;36m[Knote: [m[K  template argument deduction/substitution failed:
[4.816s] [01m[K/home/huang/codes/ROS_Study/src/ros_pub_sub_cv/src/pub.cpp:14:82:[m[K [01;36m[Knote: [m[K  mismatched types ‚Äò[01m[Kconst cv::Vec<_Tp, m>[m[K‚Äô and ‚Äò[01m[Kconst char [27][m[K‚Äô
[4.816s]    14 |   MinimalPublisher(): Node("minimal_publisher"), img("/home/huang/codes/test.jpg"[01;36m[K)[m[K
[4.816s]       |                                                                                  [01;36m[K^[m[K
[4.816s] In file included from [01m[K/usr/local/include/opencv4/opencv2/core.hpp:58[m[K,
[4.816s]                  from [01m[K/usr/local/include/opencv4/opencv2/opencv.hpp:52[m[K,
[4.816s]                  from [01m[K/home/huang/codes/ROS_Study/src/ros_pub_sub_cv/src/pub.cpp:3[m[K:
[4.816s] [01m[K/usr/local/include/opencv4/opencv2/core/mat.hpp:1028:49:[m[K [01;36m[Knote: [m[Kcandidate: ‚Äò[01m[Ktemplate<class _Tp, long unsigned int _Nm> cv::Mat::Mat(const std::array<_Tp, _Nm>&, bool)[m[K‚Äô
[4.816s]  1028 |     template<typename _Tp, size_t _Nm> explicit [01;36m[KMat[m[K(const std::array<_Tp, _Nm>& arr, bool copyData=false);
[4.817s]       |                                                 [01;36m[K^~~[m[K
[4.817s] [01m[K/usr/local/include/opencv4/opencv2/core/mat.hpp:1028:49:[m[K [01;36m[Knote: [m[K  template argument deduction/substitution failed:
[4.817s] [01m[K/home/huang/codes/ROS_Study/src/ros_pub_sub_cv/src/pub.cpp:14:82:[m[K [01;36m[Knote: [m[K  mismatched types ‚Äò[01m[Kconst std::array<_Tp, _Nm>[m[K‚Äô and ‚Äò[01m[Kconst char [27][m[K‚Äô
[4.817s]    14 |   MinimalPublisher(): Node("minimal_publisher"), img("/home/huang/codes/test.jpg"[01;36m[K)[m[K
[4.817s]       |                                                                                  [01;36m[K^[m[K
[4.817s] In file included from [01m[K/usr/local/include/opencv4/opencv2/core.hpp:58[m[K,
[4.817s]                  from [01m[K/usr/local/include/opencv4/opencv2/opencv.hpp:52[m[K,
[4.817s]                  from [01m[K/home/huang/codes/ROS_Study/src/ros_pub_sub_cv/src/pub.cpp:3[m[K:
[4.817s] [01m[K/usr/local/include/opencv4/opencv2/core/mat.hpp:1024:37:[m[K [01;36m[Knote: [m[Kcandidate: ‚Äò[01m[Ktemplate<class _Tp> cv::Mat::Mat(std::initializer_list<int>, std::initializer_list<_Tp>)[m[K‚Äô
[4.817s]  1024 |     template<typename _Tp> explicit [01;36m[KMat[m[K(const std::initializer_list<int> sizes, const std::initializer_list<_Tp> list);
[4.818s]       |                                     [01;36m[K^~~[m[K
[4.818s] [01m[K/usr/local/include/opencv4/opencv2/core/mat.hpp:1024:37:[m[K [01;36m[Knote: [m[K  template argument deduction/substitution failed:
[4.818s] [01m[K/home/huang/codes/ROS_Study/src/ros_pub_sub_cv/src/pub.cpp:14:82:[m[K [01;36m[Knote: [m[K  candidate expects 2 arguments, 1 provided
[4.818s]    14 |   MinimalPublisher(): Node("minimal_publisher"), img("/home/huang/codes/test.jpg"[01;36m[K)[m[K
[4.818s]       |                                                                                  [01;36m[K^[m[K
[4.818s] In file included from [01m[K/usr/local/include/opencv4/opencv2/core.hpp:58[m[K,
[4.818s]                  from [01m[K/usr/local/include/opencv4/opencv2/opencv.hpp:52[m[K,
[4.818s]                  from [01m[K/home/huang/codes/ROS_Study/src/ros_pub_sub_cv/src/pub.cpp:3[m[K:
[4.818s] [01m[K/usr/local/include/opencv4/opencv2/core/mat.hpp:1020:14:[m[K [01;36m[Knote: [m[Kcandidate: ‚Äò[01m[Ktemplate<class _Tp, class> cv::Mat::Mat(std::initializer_list<_Tp>)[m[K‚Äô
[4.818s]  1020 |     explicit [01;36m[KMat[m[K(const std::initializer_list<_Tp> list);
[4.819s]       |              [01;36m[K^~~[m[K
[4.819s] [01m[K/usr/local/include/opencv4/opencv2/core/mat.hpp:1020:14:[m[K [01;36m[Knote: [m[K  template argument deduction/substitution failed:
[4.819s] [01m[K/home/huang/codes/ROS_Study/src/ros_pub_sub_cv/src/pub.cpp:14:82:[m[K [01;36m[Knote: [m[K  mismatched types ‚Äò[01m[Kstd::initializer_list<_Tp>[m[K‚Äô and ‚Äò[01m[Kconst char*[m[K‚Äô
[4.819s]    14 |   MinimalPublisher(): Node("minimal_publisher"), img("/home/huang/codes/test.jpg"[01;36m[K)[m[K
[4.819s]       |                                                                                  [01;36m[K^[m[K
[4.819s] In file included from [01m[K/usr/local/include/opencv4/opencv2/core.hpp:58[m[K,
[4.819s]                  from [01m[K/usr/local/include/opencv4/opencv2/opencv.hpp:52[m[K,
[4.819s]                  from [01m[K/home/huang/codes/ROS_Study/src/ros_pub_sub_cv/src/pub.cpp:3[m[K:
[4.819s] [01m[K/usr/local/include/opencv4/opencv2/core/mat.hpp:1015:37:[m[K [01;36m[Knote: [m[Kcandidate: ‚Äò[01m[Ktemplate<class _Tp> cv::Mat::Mat(const std::vector<_Tp>&, bool)[m[K‚Äô
[4.819s]  1015 |     template<typename _Tp> explicit [01;36m[KMat[m[K(const std::vector<_Tp>& vec, bool copyData=false);
[4.820s]       |                                     [01;36m[K^~~[m[K
[4.820s] [01m[K/usr/local/include/opencv4/opencv2/core/mat.hpp:1015:37:[m[K [01;36m[Knote: [m[K  template argument deduction/substitution failed:
[4.820s] [01m[K/home/huang/codes/ROS_Study/src/ros_pub_sub_cv/src/pub.cpp:14:82:[m[K [01;36m[Knote: [m[K  mismatched types ‚Äò[01m[Kconst std::vector<_Tp>[m[K‚Äô and ‚Äò[01m[Kconst char [27][m[K‚Äô
[4.820s]    14 |   MinimalPublisher(): Node("minimal_publisher"), img("/home/huang/codes/test.jpg"[01;36m[K)[m[K
[4.820s]       |                                                                                  [01;36m[K^[m[K
[4.820s] In file included from [01m[K/usr/local/include/opencv4/opencv2/core.hpp:58[m[K,
[4.820s]                  from [01m[K/usr/local/include/opencv4/opencv2/opencv.hpp:52[m[K,
[4.820s]                  from [01m[K/home/huang/codes/ROS_Study/src/ros_pub_sub_cv/src/pub.cpp:3[m[K:
[4.820s] [01m[K/usr/local/include/opencv4/opencv2/core/mat.hpp:997:5:[m[K [01;36m[Knote: [m[Kcandidate: ‚Äò[01m[Kcv::Mat::Mat(const cv::Mat&, const std::vector<cv::Range>&)[m[K‚Äô
[4.820s]   997 |     [01;36m[KMat[m[K(const Mat& m, const std::vector<Range>& ranges);
[4.821s]       |     [01;36m[K^~~[m[K
[4.821s] [01m[K/usr/local/include/opencv4/opencv2/core/mat.hpp:997:5:[m[K [01;36m[Knote: [m[K  candidate expects 2 arguments, 1 provided
[4.821s] [01m[K/usr/local/include/opencv4/opencv2/core/mat.hpp:987:5:[m[K [01;36m[Knote: [m[Kcandidate: ‚Äò[01m[Kcv::Mat::Mat(const cv::Mat&, const cv::Range*)[m[K‚Äô
[4.821s]   987 |     [01;36m[KMat[m[K(const Mat& m, const Range* ranges);
[4.821s]       |     [01;36m[K^~~[m[K
[4.821s] [01m[K/usr/local/include/opencv4/opencv2/core/mat.hpp:987:5:[m[K [01;36m[Knote: [m[K  candidate expects 2 arguments, 1 provided
[4.821s] [01m[K/usr/local/include/opencv4/opencv2/core/mat.hpp:977:5:[m[K [01;36m[Knote: [m[Kcandidate: ‚Äò[01m[Kcv::Mat::Mat(const cv::Mat&, const Rect&)[m[K‚Äô
[4.821s]   977 |     [01;36m[KMat[m[K(const Mat& m, const Rect& roi);
[4.821s]       |     [01;36m[K^~~[m[K
[4.821s] [01m[K/usr/local/include/opencv4/opencv2/core/mat.hpp:977:5:[m[K [01;36m[Knote: [m[K  candidate expects 2 arguments, 1 provided
[4.822s] [01m[K/usr/local/include/opencv4/opencv2/core/mat.hpp:967:5:[m[K [01;36m[Knote: [m[Kcandidate: ‚Äò[01m[Kcv::Mat::Mat(const cv::Mat&, const cv::Range&, const cv::Range&)[m[K‚Äô
[4.822s]   967 |     [01;36m[KMat[m[K(const Mat& m, const Range& rowRange, const Range& colRange=Range::all());
[4.822s]       |     [01;36m[K^~~[m[K
[4.822s] [01m[K/usr/local/include/opencv4/opencv2/core/mat.hpp:967:5:[m[K [01;36m[Knote: [m[K  candidate expects 3 arguments, 1 provided
[4.822s] [01m[K/usr/local/include/opencv4/opencv2/core/mat.hpp:955:5:[m[K [01;36m[Knote: [m[Kcandidate: ‚Äò[01m[Kcv::Mat::Mat(const std::vector<int>&, int, void*, const size_t*)[m[K‚Äô
[4.822s]   955 |     [01;36m[KMat[m[K(const std::vector<int>& sizes, int type, void* data, const size_t* steps=0);
[4.822s]       |     [01;36m[K^~~[m[K
[4.822s] [01m[K/usr/local/include/opencv4/opencv2/core/mat.hpp:955:5:[m[K [01;36m[Knote: [m[K  candidate expects 4 arguments, 1 provided
[4.822s] [01m[K/usr/local/include/opencv4/opencv2/core/mat.hpp:941:5:[m[K [01;36m[Knote: [m[Kcandidate: ‚Äò[01m[Kcv::Mat::Mat(int, const int*, int, void*, const size_t*)[m[K‚Äô
[4.822s]   941 |     [01;36m[KMat[m[K(int ndims, const int* sizes, int type, void* data, const size_t* steps=0);
[4.823s]       |     [01;36m[K^~~[m[K
[4.823s] [01m[K/usr/local/include/opencv4/opencv2/core/mat.hpp:941:5:[m[K [01;36m[Knote: [m[K  candidate expects 5 arguments, 1 provided
[4.823s] [01m[K/usr/local/include/opencv4/opencv2/core/mat.hpp:926:5:[m[K [01;36m[Knote: [m[Kcandidate: ‚Äò[01m[Kcv::Mat::Mat(cv::Size, int, void*, size_t)[m[K‚Äô
[4.823s]   926 |     [01;36m[KMat[m[K(Size size, int type, void* data, size_t step=AUTO_STEP);
[4.823s]       |     [01;36m[K^~~[m[K
[4.823s] [01m[K/usr/local/include/opencv4/opencv2/core/mat.hpp:926:5:[m[K [01;36m[Knote: [m[K  candidate expects 4 arguments, 1 provided
[4.823s] [01m[K/usr/local/include/opencv4/opencv2/core/mat.hpp:910:5:[m[K [01;36m[Knote: [m[Kcandidate: ‚Äò[01m[Kcv::Mat::Mat(int, int, int, void*, size_t)[m[K‚Äô
[4.823s]   910 |     [01;36m[KMat[m[K(int rows, int cols, int type, void* data, size_t step=AUTO_STEP);
[4.823s]       |     [01;36m[K^~~[m[K
[4.823s] [01m[K/usr/local/include/opencv4/opencv2/core/mat.hpp:910:5:[m[K [01;36m[Knote: [m[K  candidate expects 5 arguments, 1 provided
[4.824s] [01m[K/usr/local/include/opencv4/opencv2/core/mat.hpp:894:5:[m[K [01;36m[Knote: [m[Kcandidate: ‚Äò[01m[Kcv::Mat::Mat(const cv::Mat&)[m[K‚Äô
[4.824s]   894 |     [01;36m[KMat[m[K(const Mat& m);
[4.824s]       |     [01;36m[K^~~[m[K
[4.824s] [01m[K/usr/local/include/opencv4/opencv2/core/mat.hpp:894:20:[m[K [01;36m[Knote: [m[K  no known conversion for argument 1 from ‚Äò[01m[Kconst char [27][m[K‚Äô to ‚Äò[01m[Kconst cv::Mat&[m[K‚Äô
[4.824s]   894 |     Mat([01;36m[Kconst Mat& m[m[K);
[4.824s]       |         [01;36m[K~~~~~~~~~~~^[m[K
[4.824s] [01m[K/usr/local/include/opencv4/opencv2/core/mat.hpp:884:5:[m[K [01;36m[Knote: [m[Kcandidate: ‚Äò[01m[Kcv::Mat::Mat(const std::vector<int>&, int, const Scalar&)[m[K‚Äô
[4.824s]   884 |     [01;36m[KMat[m[K(const std::vector<int>& sizes, int type, const Scalar& s);
[4.825s]       |     [01;36m[K^~~[m[K
[4.825s] [01m[K/usr/local/include/opencv4/opencv2/core/mat.hpp:884:5:[m[K [01;36m[Knote: [m[K  candidate expects 3 arguments, 1 provided
[4.825s] [01m[K/usr/local/include/opencv4/opencv2/core/mat.hpp:874:5:[m[K [01;36m[Knote: [m[Kcandidate: ‚Äò[01m[Kcv::Mat::Mat(int, const int*, int, const Scalar&)[m[K‚Äô
[4.825s]   874 |     [01;36m[KMat[m[K(int ndims, const int* sizes, int type, const Scalar& s);
[4.825s]       |     [01;36m[K^~~[m[K
[4.825s] [01m[K/usr/local/include/opencv4/opencv2/core/mat.hpp:874:5:[m[K [01;36m[Knote: [m[K  candidate expects 4 arguments, 1 provided
[4.825s] [01m[K/usr/local/include/opencv4/opencv2/core/mat.hpp:863:5:[m[K [01;36m[Knote: [m[Kcandidate: ‚Äò[01m[Kcv::Mat::Mat(const std::vector<int>&, int)[m[K‚Äô
[4.825s]   863 |     [01;36m[KMat[m[K(const std::vector<int>& sizes, int type);
[4.825s]       |     [01;36m[K^~~[m[K
[4.826s] [01m[K/usr/local/include/opencv4/opencv2/core/mat.hpp:863:5:[m[K [01;36m[Knote: [m[K  candidate expects 2 arguments, 1 provided
[4.826s] [01m[K/usr/local/include/opencv4/opencv2/core/mat.hpp:856:5:[m[K [01;36m[Knote: [m[Kcandidate: ‚Äò[01m[Kcv::Mat::Mat(int, const int*, int)[m[K‚Äô
[4.826s]   856 |     [01;36m[KMat[m[K(int ndims, const int* sizes, int type);
[4.826s]       |     [01;36m[K^~~[m[K
[4.826s] [01m[K/usr/local/include/opencv4/opencv2/core/mat.hpp:856:5:[m[K [01;36m[Knote: [m[K  candidate expects 3 arguments, 1 provided
[4.826s] [01m[K/usr/local/include/opencv4/opencv2/core/mat.hpp:848:5:[m[K [01;36m[Knote: [m[Kcandidate: ‚Äò[01m[Kcv::Mat::Mat(cv::Size, int, const Scalar&)[m[K‚Äô
[4.826s]   848 |     [01;36m[KMat[m[K(Size size, int type, const Scalar& s);
[4.826s]       |     [01;36m[K^~~[m[K
[4.826s] [01m[K/usr/local/include/opencv4/opencv2/core/mat.hpp:848:5:[m[K [01;36m[Knote: [m[K  candidate expects 3 arguments, 1 provided
[4.827s] [01m[K/usr/local/include/opencv4/opencv2/core/mat.hpp:837:5:[m[K [01;36m[Knote: [m[Kcandidate: ‚Äò[01m[Kcv::Mat::Mat(int, int, int, const Scalar&)[m[K‚Äô
[4.827s]   837 |     [01;36m[KMat[m[K(int rows, int cols, int type, const Scalar& s);
[4.827s]       |     [01;36m[K^~~[m[K
[4.827s] [01m[K/usr/local/include/opencv4/opencv2/core/mat.hpp:837:5:[m[K [01;36m[Knote: [m[K  candidate expects 4 arguments, 1 provided
[4.827s] [01m[K/usr/local/include/opencv4/opencv2/core/mat.hpp:826:5:[m[K [01;36m[Knote: [m[Kcandidate: ‚Äò[01m[Kcv::Mat::Mat(cv::Size, int)[m[K‚Äô
[4.827s]   826 |     [01;36m[KMat[m[K(Size size, int type);
[4.827s]       |     [01;36m[K^~~[m[K
[4.827s] [01m[K/usr/local/include/opencv4/opencv2/core/mat.hpp:826:5:[m[K [01;36m[Knote: [m[K  candidate expects 2 arguments, 1 provided
[4.827s] [01m[K/usr/local/include/opencv4/opencv2/core/mat.hpp:818:5:[m[K [01;36m[Knote: [m[Kcandidate: ‚Äò[01m[Kcv::Mat::Mat(int, int, int)[m[K‚Äô
[4.827s]   818 |     [01;36m[KMat[m[K(int rows, int cols, int type);
[4.828s]       |     [01;36m[K^~~[m[K
[4.828s] [01m[K/usr/local/include/opencv4/opencv2/core/mat.hpp:818:5:[m[K [01;36m[Knote: [m[K  candidate expects 3 arguments, 1 provided
[4.828s] [01m[K/usr/local/include/opencv4/opencv2/core/mat.hpp:810:5:[m[K [01;36m[Knote: [m[Kcandidate: ‚Äò[01m[Kcv::Mat::Mat()[m[K‚Äô
[4.828s]   810 |     [01;36m[KMat[m[K() CV_NOEXCEPT;
[4.828s]       |     [01;36m[K^~~[m[K
[4.828s] [01m[K/usr/local/include/opencv4/opencv2/core/mat.hpp:810:5:[m[K [01;36m[Knote: [m[K  candidate expects 0 arguments, 1 provided
[4.828s] [01m[K/home/huang/codes/ROS_Study/src/ros_pub_sub_cv/src/pub.cpp:[m[K In member function ‚Äò[01m[Kvoid MinimalPublisher::timer_callback()[m[K‚Äô:
[4.828s] [01m[K/home/huang/codes/ROS_Study/src/ros_pub_sub_cv/src/pub.cpp:35:50:[m[K [01;31m[Kerror: [m[K‚Äò[01m[KHeader[m[K‚Äô is not a member of ‚Äò[01m[Kstd_msgs[m[K‚Äô; did you mean ‚Äò[01m[Kstd_msgs::msg::Header[m[K‚Äô?
[4.828s]    35 |     message.image = cv_bridge::CvImage(std_msgs::[01;31m[KHeader[m[K(), "bgr8", img).toImageMsg();                                                // CHANGE
[4.828s]       |                                                  [01;31m[K^~~~~~[m[K
[4.829s] In file included from [01m[K/opt/ros/galactic/include/sensor_msgs/msg/detail/image__struct.hpp:19[m[K,
[4.829s]                  from [01m[K/opt/ros/galactic/include/sensor_msgs/msg/image.hpp:7[m[K,
[4.829s]                  from [01m[K/opt/ros/galactic/include/cv_bridge/cv_bridge.h:40[m[K,
[4.829s]                  from [01m[K/home/huang/codes/ROS_Study/src/ros_pub_sub_cv/src/pub.cpp:4[m[K:
[4.829s] [01m[K/opt/ros/galactic/include/std_msgs/msg/detail/header__struct.hpp:139:7:[m[K [01;36m[Knote: [m[K‚Äò[01m[Kstd_msgs::msg::Header[m[K‚Äô declared here
[4.829s]   139 | using [01;36m[KHeader[m[K =
[4.829s]       |       [01;36m[K^~~~~~[m[K
[6.970s] make[2]: *** [CMakeFiles/pub_node.dir/build.make:63ÔºöCMakeFiles/pub_node.dir/src/pub.cpp.o] ÈîôËØØ 1
[6.971s] make[1]: *** [CMakeFiles/Makefile2:107ÔºöCMakeFiles/pub_node.dir/all] ÈîôËØØ 2
[6.971s] make[1]: *** Ê≠£Âú®Á≠âÂæÖÊú™ÂÆåÊàêÁöÑ‰ªªÂä°....
[7.755s] make[2]: *** [CMakeFiles/sub_node.dir/build.make:63ÔºöCMakeFiles/sub_node.dir/src/sub.cpp.o] ÈîôËØØ 1
[7.756s] make[1]: *** [CMakeFiles/Makefile2:80ÔºöCMakeFiles/sub_node.dir/all] ÈîôËØØ 2
[7.756s] make: *** [Makefile:141Ôºöall] ÈîôËØØ 2
[7.758s] Invoked command in '/home/huang/codes/ROS_Study/build/ros_pub_sub_cv' returned '2': CMAKE_PREFIX_PATH=/home/huang/codes/ROS_Study/install/tutorial_interfaces:/home/huang/codes/ROS_Study/install/village_wang:/home/huang/codes/ROS_Study/install/village_li:/home/huang/codes/ROS_Study/install/village_interfaces:/home/huang/codes/ROS_Study/install/ros_pub_sub_cv:/home/huang/codes/ROS_Study/install/ros_pub_sub:/opt/ros/galactic LD_LIBRARY_PATH=/home/huang/codes/ROS_Study/install/tutorial_interfaces/lib:/home/huang/codes/ROS_Study/install/village_interfaces/lib:/opt/ros/galactic/opt/yaml_cpp_vendor/lib:/opt/ros/galactic/opt/rviz_ogre_vendor/lib:/opt/ros/galactic/lib/x86_64-linux-gnu:/opt/ros/galactic/lib PYTHONPATH=/home/huang/codes/ROS_Study/install/tutorial_interfaces/lib/python3.8/site-packages:/home/huang/codes/ROS_Study/install/village_interfaces/lib/python3.8/site-packages:/opt/ros/galactic/lib/python3.8/site-packages /usr/bin/cmake --build /home/huang/codes/ROS_Study/build/ros_pub_sub_cv -- -j8 -l8
